[+] Containers:
 |- [+] Container: /Game/TacticalShotGun/Maps/ThirdPersonMap
 |   |- [+] ActorDescs:
 |   |   |- Guid:04F73C5B43E648ADFFFDDAABB4D2E143 BaseClass: NativeClass:/Script/Engine.SkeletalMeshActor Name:SkeletalMeshActor_UAID_B00CD162E1E76C7102_1498067838 Label:Anim_ShotGunAim08 SpatiallyLoaded:1 Bounds:IsValid=true, Min=(X=1875.175 Y=1063.507 Z=95.794), Max=(X=1934.403 Y=1173.675 Z=188.642) RuntimeGrid:None EditorOnly:0 RuntimeOnly:0 HLODRelevant:0
 |   |   |- Guid:1326B8C446F045AA29CA97AE80D2EF21 BaseClass: NativeClass:/Script/Engine.SkeletalMeshActor Name:SkeletalMeshActor_UAID_B00CD162E1E76C7102_1605158851 Label:Anim_ShotGunProneRollBackward01 SpatiallyLoaded:1 Bounds:IsValid=true, Min=(X=588.401 Y=4852.262 Z=98.006), Max=(X=766.724 Y=4953.615 Z=149.463) RuntimeGrid:None EditorOnly:0 RuntimeOnly:0 HLODRelevant:0
 |   |   |- Guid:14745E39420384B88BC38B837488A68D BaseClass: NativeClass:/Script/Engine.SkeletalMeshActor Name:SkeletalMeshActor_UAID_B00CD162E1E76C7102_1506890841 Label:Anim_ShotGunAim11 SpatiallyLoaded:1 Bounds:IsValid=true, Min=(X=1433.379 Y=1462.891 Z=97.694), Max=(X=1604.491 Y=1564.977 Z=159.805) RuntimeGrid:None EditorOnly:0 RuntimeOnly:0 HLODRelevant:0
 |   |   |- Guid:14A8E2DB4B57D3FDF6C5D5B9DAE58F52 BaseClass: NativeClass:/Script/Engine.SkeletalMeshActor Name:SkeletalMeshActor_UAID_B00CD162E1E76C7102_1524727844 Label:Anim_ShotGunDiveBackward02 SpatiallyLoaded:1 Bounds:IsValid=true, Min=(X=1067.652 Y=2676.462 Z=99.922), Max=(X=1140.310 Y=2755.359 Z=260.733) RuntimeGrid:None EditorOnly:0 RuntimeOnly:0 HLODRelevant:0
 |   |   |- Guid:15A45FB14F992CAF5890C094FF84DC05 BaseClass: NativeClass:/Script/Engine.SkeletalMeshActor Name:SkeletalMeshActor_UAID_B00CD162E1E76C7102_1666514866 Label:Anim_ShotGunProneRollRight04 SpatiallyLoaded:1 Bounds:IsValid=true, Min=(X=1879.187 Y=6466.492 Z=95.786), Max=(X=1938.400 Y=6576.625 Z=188.641) RuntimeGrid:None EditorOnly:0 RuntimeOnly:0 HLODRelevant:0
 |   |   |- Guid:16DB064E4672596EE10328AD048C1F28 BaseClass: NativeClass:/Script/Engine.SkeletalMeshActor Name:SkeletalMeshActor_UAID_B00CD162E1E76C7102_1521926843 Label:Anim_ShotGunDiveBackward01 SpatiallyLoaded:1 Bounds:IsValid=true, Min=(X=658.693 Y=2671.459 Z=99.926), Max=(X=731.347 Y=2750.356 Z=260.732) RuntimeGrid:None EditorOnly:0 RuntimeOnly:0 HLODRelevant:0
 |   |   |- Guid:1F4400C4455AEDC0A56D64A1A433E359 BaseClass: NativeClass:/Script/Engine.SkeletalMeshActor Name:SkeletalMeshActor_UAID_B00CD162E1E76C7102_1659201863 Label:Anim_ShotGunProneRollRight01 SpatiallyLoaded:1 Bounds:IsValid=true, Min=(X=674.501 Y=6392.557 Z=97.999), Max=(X=725.594 Y=6594.776 Z=155.142) RuntimeGrid:None EditorOnly:0 RuntimeOnly:0 HLODRelevant:0
 |   |   |- Guid:238F3BEB4B985C0732CE9CB25CA38DCC BaseClass: NativeClass:/Script/Engine.DirectionalLight Name:DirectionalLight_UAID_B00CD162E1E7606102_2079774825 Label:DirectionalLight SpatiallyLoaded:0 Bounds:IsValid=true, Min=(X=-4398046511104.000 Y=-4398046511104.000 Z=-4398046511104.000), Max=(X=4398046511104.000 Y=4398046511104.000 Z=4398046511104.000) RuntimeGrid:None EditorOnly:0 RuntimeOnly:0 HLODRelevant:0
 |   |   |- Guid:2E8D4A7047AEDF8E3E24638499148C83 BaseClass: NativeClass:/Script/Engine.SkeletalMeshActor Name:SkeletalMeshActor_UAID_B00CD162E1E76C7102_1661617864 Label:Anim_ShotGunProneRollRight02 SpatiallyLoaded:1 Bounds:IsValid=true, Min=(X=1071.418 Y=6392.559 Z=97.993), Max=(X=1122.503 Y=6594.807 Z=155.142) RuntimeGrid:None EditorOnly:0 RuntimeOnly:0 HLODRelevant:0
 |   |   |- Guid:3A00AA1C422CE54C0BDB60BAF471BFBB BaseClass: NativeClass:/Script/Engine.PlayerStart Name:PlayerStart_0 Label:PlayerStart SpatiallyLoaded:0 Bounds:IsValid=true, Min=(X=4412.000 Y=1070.000 Z=0.013), Max=(X=4492.000 Y=1150.000 Z=184.013) RuntimeGrid:None EditorOnly:0 RuntimeOnly:0 HLODRelevant:0
 |   |   |- Guid:49856FF745B848048E7C2CB606434DCC BaseClass: NativeClass:/Script/Engine.VolumetricCloud Name:VolumetricCloud_UAID_B00CD162E1E7606102_2080454827 Label:VolumetricCloud SpatiallyLoaded:0 Bounds:IsValid=true, Min=(X=0.000 Y=0.000 Z=0.000), Max=(X=0.000 Y=0.000 Z=0.000) RuntimeGrid:None EditorOnly:0 RuntimeOnly:0 HLODRelevant:0
 |   |   |- Guid:4FADBAEA415F809AB6A9E2B46BA74D41 BaseClass: NativeClass:/Script/Engine.SkeletalMeshActor Name:SkeletalMeshActor_UAID_B00CD162E1E76C7102_1626894856 Label:Anim_ShotGunProneRollForward02 SpatiallyLoaded:1 Bounds:IsValid=true, Min=(X=1031.277 Y=5361.266 Z=98.001), Max=(X=1209.595 Y=5462.869 Z=149.429) RuntimeGrid:None EditorOnly:0 RuntimeOnly:0 HLODRelevant:0
 |   |   |- Guid:532B6C3D46B69ABD20E428BF2F5784FA BaseClass: NativeClass:/Script/Engine.SkeletalMeshActor Name:SkeletalMeshActor_UAID_B00CD162E1E76C7102_1629746857 Label:Anim_ShotGunProneRollForward03 SpatiallyLoaded:1 Bounds:IsValid=true, Min=(X=1439.372 Y=5353.896 Z=97.693), Max=(X=1610.496 Y=5455.974 Z=159.792) RuntimeGrid:None EditorOnly:0 RuntimeOnly:0 HLODRelevant:0
 |   |   |- Guid:5B8246A24F4AAFAA237C8799F40F906D BaseClass: NativeClass:/Script/Engine.SkeletalMeshActor Name:SkeletalMeshActor_UAID_B00CD162E1E76C7102_1649114860 Label:Anim_ShotGunProneRollLeft02 SpatiallyLoaded:1 Bounds:IsValid=true, Min=(X=1072.414 Y=5896.558 Z=97.996), Max=(X=1123.502 Y=6098.809 Z=155.141) RuntimeGrid:None EditorOnly:0 RuntimeOnly:0 HLODRelevant:0
 |   |   |- Guid:5CD8FCA045FF0AADC317E2B846B78650 BaseClass: NativeClass:/Script/Engine.SkeletalMeshActor Name:SkeletalMeshActor_UAID_B00CD162E1E76C7102_1502177839 Label:Anim_ShotGunAim09 SpatiallyLoaded:1 Bounds:IsValid=true, Min=(X=587.411 Y=1454.227 Z=98.005), Max=(X=765.723 Y=1555.618 Z=149.464) RuntimeGrid:None EditorOnly:0 RuntimeOnly:0 HLODRelevant:0
 |   |   |- Guid:5D8FEB054C83F6F758C279BAC0A59F3D BaseClass: NativeClass:/Script/Engine.SkeletalMeshActor Name:SkeletalMeshActor_UAID_B00CD162E1E76C7102_1580601850 Label:Anim_ShotGunDiveRight02 SpatiallyLoaded:1 Bounds:IsValid=true, Min=(X=1056.455 Y=3866.680 Z=100.138), Max=(X=1139.881 Y=3940.968 Z=252.159) RuntimeGrid:None EditorOnly:0 RuntimeOnly:0 HLODRelevant:0
 |   |   |- Guid:5F2FB3F74AD76AF93551B6BA75BD4C9C BaseClass: NativeClass:/Script/Engine.SkeletalMeshActor Name:SkeletalMeshActor_UAID_B00CD162E1E76C7102_1488462834 Label:Anim_ShotGunAim04 SpatiallyLoaded:1 Bounds:IsValid=true, Min=(X=1883.952 Y=641.078 Z=100.056), Max=(X=1954.009 Y=752.194 Z=241.436) RuntimeGrid:None EditorOnly:0 RuntimeOnly:0 HLODRelevant:0
 |   |   |- Guid:61FE4A464440A9EF029FF5956D3E6B36 BaseClass: NativeClass:/Script/Engine.SkeletalMeshActor Name:SkeletalMeshActor_UAID_B00CD162E1E76C7102_1531520846 Label:Anim_ShotGunDiveForward02 SpatiallyLoaded:1 Bounds:IsValid=true, Min=(X=1851.462 Y=2660.632 Z=100.020), Max=(X=1932.228 Y=2735.410 Z=254.030) RuntimeGrid:None EditorOnly:0 RuntimeOnly:0 HLODRelevant:0
 |   |   |- Guid:6BAF4DDD444C60371492D3919DB42C97 BaseClass: NativeClass:/Script/Engine.WorldDataLayers Name:WorldDataLayers Label:WorldDataLayers SpatiallyLoaded:0 Bounds:IsValid=true, Min=(X=0.000 Y=0.000 Z=0.000), Max=(X=0.000 Y=0.000 Z=0.000) RuntimeGrid:None EditorOnly:0 RuntimeOnly:0 HLODRelevant:0
 |   |   |- Guid:6E965A9D40B55CB7E6E214A93509FB3B BaseClass: NativeClass:/Script/Engine.ExponentialHeightFog Name:ExponentialHeightFog_UAID_B00CD162E1E7606102_2080833828 Label:ExponentialHeightFog SpatiallyLoaded:0 Bounds:IsValid=true, Min=(X=0.000 Y=0.000 Z=0.000), Max=(X=0.000 Y=0.000 Z=0.000) RuntimeGrid:None EditorOnly:0 RuntimeOnly:0 HLODRelevant:0
 |   |   |- Guid:70095D344C66DDA7D4035BBBE1418229 BaseClass: NativeClass:/Script/Engine.SkeletalMeshActor Name:SkeletalMeshActor_UAID_B00CD162E1E76C7102_1663820865 Label:Anim_ShotGunProneRollRight03 SpatiallyLoaded:1 Bounds:IsValid=true, Min=(X=1463.599 Y=6472.531 Z=95.837), Max=(X=1522.823 Y=6582.684 Z=188.643) RuntimeGrid:None EditorOnly:0 RuntimeOnly:0 HLODRelevant:0
 |   |   |- Guid:71BEFA064BDF33E1A49B1FAE74576124 BaseClass: NativeClass:/Script/Engine.SkeletalMeshActor Name:SkeletalMeshActor_UAID_B00CD162E1E76C7102_1508944842 Label:Anim_ShotGunAim12 SpatiallyLoaded:1 Bounds:IsValid=true, Min=(X=1793.507 Y=1462.881 Z=97.695), Max=(X=1964.628 Y=1565.105 Z=159.790) RuntimeGrid:None EditorOnly:0 RuntimeOnly:0 HLODRelevant:0
 |   |   |- Guid:7608B02A4CCA374F4CE32FB58EA3D0BF BaseClass: NativeClass:/Script/Engine.SkeletalMeshActor Name:SkeletalMeshActor_UAID_B00CD162E1E76C7102_1578346849 Label:Anim_ShotGunDiveRight01 SpatiallyLoaded:1 Bounds:IsValid=true, Min=(X=658.457 Y=3876.677 Z=100.137), Max=(X=741.879 Y=3950.968 Z=252.159) RuntimeGrid:None EditorOnly:0 RuntimeOnly:0 HLODRelevant:0
 |   |   |- Guid:87B0C6384DACCEB2B4BF918CF23CEF73 BaseClass: NativeClass:/Script/Engine.SkyLight Name:SkyLight_UAID_B00CD162E1E7606102_2079436824 Label:SkyLight SpatiallyLoaded:0 Bounds:IsValid=true, Min=(X=0.000 Y=0.000 Z=0.000), Max=(X=0.000 Y=0.000 Z=0.000) RuntimeGrid:None EditorOnly:0 RuntimeOnly:0 HLODRelevant:0
 |   |   |- Guid:8D11EA0641F6A85FFD598885C4AAD623 BaseClass: NativeClass:/Script/Engine.SkeletalMeshActor Name:SkeletalMeshActor_UAID_B00CD162E1E76C7102_1485530833 Label:Anim_ShotGunAim03 SpatiallyLoaded:1 Bounds:IsValid=true, Min=(X=1456.977 Y=653.083 Z=100.067), Max=(X=1527.041 Y=764.160 Z=241.436) RuntimeGrid:None EditorOnly:0 RuntimeOnly:0 HLODRelevant:0
 |   |   |- Guid:904924444B857ED454E950A3CB81E4A5 BaseClass: NativeClass:/Script/Engine.SkeletalMeshActor Name:SkeletalMeshActor_UAID_B00CD162E1E76C7102_1504444840 Label:Anim_ShotGunAim10 SpatiallyLoaded:1 Bounds:IsValid=true, Min=(X=1028.275 Y=1460.267 Z=98.009), Max=(X=1206.601 Y=1561.845 Z=149.462) RuntimeGrid:None EditorOnly:0 RuntimeOnly:0 HLODRelevant:0
 |   |   |- Guid:907169564E28A52DFE99AC9DB69B6F9F BaseClass: NativeClass:/Script/Engine.SkeletalMeshActor Name:SkeletalMeshActor_UAID_B00CD162E1E76C7102_1624178855 Label:Anim_ShotGunProneRollForward01 SpatiallyLoaded:1 Bounds:IsValid=true, Min=(X=591.401 Y=5355.262 Z=98.006), Max=(X=769.724 Y=5456.615 Z=149.463) RuntimeGrid:None EditorOnly:0 RuntimeOnly:0 HLODRelevant:0
 |   |   |- Guid:92E9BD1B44DC95A36742298A63B75265 BaseClass: NativeClass:/Script/Engine.SkeletalMeshActor Name:SkeletalMeshActor_UAID_B00CD162E1E76C7102_1570158848 Label:Anim_ShotGunDiveLeft02 SpatiallyLoaded:1 Bounds:IsValid=true, Min=(X=1061.085 Y=3369.674 Z=100.143), Max=(X=1144.568 Y=3443.962 Z=252.157) RuntimeGrid:None EditorOnly:0 RuntimeOnly:0 HLODRelevant:0
 |   |   |- Guid:96575B5A4048B4226954C9B7CEADF5A2 BaseClass: NativeClass:/Script/Engine.SkeletalMeshActor Name:SkeletalMeshActor_UAID_B00CD162E1E76C7102_1615220853 Label:Anim_ShotGunProneRollBackward03 SpatiallyLoaded:1 Bounds:IsValid=true, Min=(X=1436.372 Y=4857.896 Z=97.693), Max=(X=1607.496 Y=4959.974 Z=159.792) RuntimeGrid:None EditorOnly:0 RuntimeOnly:0 HLODRelevant:0
 |   |   |- Guid:AD8453004E84EFCBDF86318CA36ABA63 BaseClass: NativeClass:/Script/Engine.TextRenderActor Name:TextRenderActor_UAID_B00CD162E1E7806F02_2079325361 Label:TextRenderActor14 SpatiallyLoaded:1 Bounds:IsValid=true, Min=(X=855.900 Y=-5.000 Z=599.013), Max=(X=2055.900 Y=-5.000 Z=749.013) RuntimeGrid:None EditorOnly:0 RuntimeOnly:0 HLODRelevant:0
 |   |   |- Guid:B4CCB41544571C68A8F3A8B1B51FD7A7 BaseClass: NativeClass:/Script/Engine.SkeletalMeshActor Name:SkeletalMeshActor_UAID_B00CD162E1E76C7102_1654369862 Label:Anim_ShotGunProneRollLeft04 SpatiallyLoaded:1 Bounds:IsValid=true, Min=(X=1878.193 Y=5961.492 Z=95.786), Max=(X=1937.399 Y=6071.625 Z=188.640) RuntimeGrid:None EditorOnly:0 RuntimeOnly:0 HLODRelevant:0
 |   |   |- Guid:B6844DF248E81168600CB581602F98A9 BaseClass: NativeClass:/Script/Engine.SkeletalMeshActor Name:SkeletalMeshActor_UAID_B00CD162E1E76C7102_1491227835 Label:Anim_ShotGunAim05 SpatiallyLoaded:1 Bounds:IsValid=true, Min=(X=669.514 Y=997.557 Z=98.039), Max=(X=720.611 Y=1199.781 Z=155.142) RuntimeGrid:None EditorOnly:0 RuntimeOnly:0 HLODRelevant:0
 |   |   |- Guid:C3BAEE334516AEB5E8284B8B18644654 BaseClass: NativeClass:/Script/Engine.SkeletalMeshActor Name:SkeletalMeshActor_UAID_B00CD162E1E76C7102_1608223852 Label:Anim_ShotGunProneRollBackward02 SpatiallyLoaded:1 Bounds:IsValid=true, Min=(X=1031.278 Y=4859.267 Z=98.003), Max=(X=1209.595 Y=4960.870 Z=149.429) RuntimeGrid:None EditorOnly:0 RuntimeOnly:0 HLODRelevant:0
 |   |   |- Guid:CA1E810343938E76787D13B0B58E2F0B BaseClass: NativeClass:/Script/Engine.SkeletalMeshActor Name:SkeletalMeshActor_UAID_B00CD162E1E76C7102_1495649837 Label:Anim_ShotGunAim07 SpatiallyLoaded:1 Bounds:IsValid=true, Min=(X=1472.600 Y=1069.531 Z=95.837), Max=(X=1531.826 Y=1179.684 Z=188.643) RuntimeGrid:None EditorOnly:0 RuntimeOnly:0 HLODRelevant:0
 |   |   |- Guid:CFFB28414E1B87DB1810AA8E5FBF810E BaseClass: NativeClass:/Script/Engine.SkeletalMeshActor Name:SkeletalMeshActor_UAID_B00CD162E1E76C7102_1631924858 Label:Anim_ShotGunProneRollForward04 SpatiallyLoaded:1 Bounds:IsValid=true, Min=(X=1793.505 Y=5361.899 Z=97.707), Max=(X=1964.629 Y=5464.098 Z=159.784) RuntimeGrid:None EditorOnly:0 RuntimeOnly:0 HLODRelevant:0
 |   |   |- Guid:DFCD023F488D8E0AF4C410A257FF3B45 BaseClass: NativeClass:/Script/Engine.SkeletalMeshActor Name:SkeletalMeshActor_UAID_B00CD162E1E76C7102_1567434847 Label:Anim_ShotGunDiveLeft01 SpatiallyLoaded:1 Bounds:IsValid=true, Min=(X=662.166 Y=3371.693 Z=100.142), Max=(X=745.529 Y=3445.964 Z=252.156) RuntimeGrid:None EditorOnly:0 RuntimeOnly:0 HLODRelevant:0
 |   |   |- Guid:E24924D64841D926D425BF9D2B47809F BaseClass: NativeClass:/Script/Engine.SkeletalMeshActor Name:SkeletalMeshActor_UAID_B00CD162E1E76C7102_1644725859 Label:Anim_ShotGunProneRollLeft01 SpatiallyLoaded:1 Bounds:IsValid=true, Min=(X=669.500 Y=5893.556 Z=98.000), Max=(X=720.592 Y=6095.776 Z=155.141) RuntimeGrid:None EditorOnly:0 RuntimeOnly:0 HLODRelevant:0
 |   |   |- Guid:EB87C5E84B70D76676FAD284BBE25902 BaseClass: NativeClass:/Script/Engine.SkeletalMeshActor Name:SkeletalMeshActor_UAID_B00CD162E1E76C7102_1652016861 Label:Anim_ShotGunProneRollLeft03 SpatiallyLoaded:1 Bounds:IsValid=true, Min=(X=1465.599 Y=5967.531 Z=95.837), Max=(X=1524.823 Y=6077.684 Z=188.643) RuntimeGrid:None EditorOnly:0 RuntimeOnly:0 HLODRelevant:0
 |   |   |- Guid:EFC4B3EE4D719A85479612BE9B5A1B32 BaseClass: NativeClass:/Script/Engine.SkeletalMeshActor Name:SkeletalMeshActor_UAID_B00CD162E1E76C7102_1479053831 Label:Anim_ShotGunAim01 SpatiallyLoaded:1 Bounds:IsValid=true, Min=(X=664.727 Y=650.380 Z=100.294), Max=(X=724.846 Y=763.662 Z=263.934) RuntimeGrid:None EditorOnly:0 RuntimeOnly:0 HLODRelevant:0
 |   |   |- Guid:F1924B8D48954B30891B2DB6A694F9CC BaseClass: NativeClass:/Script/Engine.StaticMeshActor Name:StaticMeshActor_1 Label:SM_Cube SpatiallyLoaded:1 Bounds:IsValid=true, Min=(X=0.000 Y=0.000 Z=-50.000), Max=(X=8000.000 Y=8000.000 Z=100.000) RuntimeGrid:None EditorOnly:0 RuntimeOnly:0 HLODRelevant:1 FolderPath:Playground FolderGuid:C73F09FC4215536B1DCE2A9E0A830C70
 |   |   |- Guid:F24D43054995C02F10C6388445B0DEBE BaseClass: NativeClass:/Script/Engine.SkeletalMeshActor Name:SkeletalMeshActor_UAID_B00CD162E1E76C7102_1493294836 Label:Anim_ShotGunAim06 SpatiallyLoaded:1 Bounds:IsValid=true, Min=(X=1075.409 Y=988.556 Z=97.993), Max=(X=1126.498 Y=1190.805 Z=155.143) RuntimeGrid:None EditorOnly:0 RuntimeOnly:0 HLODRelevant:0
 |   |   |- Guid:F589F4BB4C4C93F83B474E93D820CBB8 BaseClass: NativeClass:/Script/Engine.SkeletalMeshActor Name:SkeletalMeshActor_UAID_B00CD162E1E76C7102_1617642854 Label:Anim_ShotGunProneRollBackward04 SpatiallyLoaded:1 Bounds:IsValid=true, Min=(X=1795.505 Y=4856.899 Z=97.707), Max=(X=1966.629 Y=4959.099 Z=159.784) RuntimeGrid:None EditorOnly:0 RuntimeOnly:0 HLODRelevant:0
 |   |   |- Guid:F8FF4CA64233DEAFEDDCC6BBE120456B BaseClass: NativeClass:/Script/Engine.SkeletalMeshActor Name:SkeletalMeshActor_UAID_B00CD162E1E76C7102_1483025832 Label:Anim_ShotGunAim02 SpatiallyLoaded:1 Bounds:IsValid=true, Min=(X=1070.147 Y=664.359 Z=100.284), Max=(X=1130.235 Y=777.679 Z=263.931) RuntimeGrid:None EditorOnly:0 RuntimeOnly:0 HLODRelevant:0
 |   |   |- Guid:FDB274D8407BABB00CFC7090415FE3EC BaseClass: NativeClass:/Script/Engine.SkyAtmosphere Name:SkyAtmosphere_UAID_B00CD162E1E7606102_2080104826 Label:SkyAtmosphere SpatiallyLoaded:0 Bounds:IsValid=true, Min=(X=0.000 Y=0.000 Z=0.000), Max=(X=0.000 Y=0.000 Z=0.000) RuntimeGrid:None EditorOnly:0 RuntimeOnly:0 HLODRelevant:0
 |   |   |- Guid:FF76CC044D7D857AD4EFB1B9CA6CDB00 BaseClass: NativeClass:/Script/Engine.SkeletalMeshActor Name:SkeletalMeshActor_UAID_B00CD162E1E76C7102_1527936845 Label:Anim_ShotGunDiveForward01 SpatiallyLoaded:1 Bounds:IsValid=true, Min=(X=1455.774 Y=2658.635 Z=100.025), Max=(X=1536.539 Y=2733.404 Z=254.032) RuntimeGrid:None EditorOnly:0 RuntimeOnly:0 HLODRelevant:0
 |   |- [+] Clusters:
 |   |   |- [+] [  0]
 |   |   |   |- Guid:FDB274D8407BABB00CFC7090415FE3EC BaseClass: NativeClass:/Script/Engine.SkyAtmosphere Name:SkyAtmosphere_UAID_B00CD162E1E7606102_2080104826 Label:SkyAtmosphere SpatiallyLoaded:0 Bounds:IsValid=true, Min=(X=0.000 Y=0.000 Z=0.000), Max=(X=0.000 Y=0.000 Z=0.000) RuntimeGrid:None EditorOnly:0 RuntimeOnly:0 HLODRelevant:0
 |   |   |- [+] [  1]
 |   |   |   |- Guid:F1924B8D48954B30891B2DB6A694F9CC BaseClass: NativeClass:/Script/Engine.StaticMeshActor Name:StaticMeshActor_1 Label:SM_Cube SpatiallyLoaded:1 Bounds:IsValid=true, Min=(X=0.000 Y=0.000 Z=-50.000), Max=(X=8000.000 Y=8000.000 Z=100.000) RuntimeGrid:None EditorOnly:0 RuntimeOnly:0 HLODRelevant:1 FolderPath:Playground FolderGuid:C73F09FC4215536B1DCE2A9E0A830C70
 |   |   |- [+] [  2]
 |   |   |   |- Guid:49856FF745B848048E7C2CB606434DCC BaseClass: NativeClass:/Script/Engine.VolumetricCloud Name:VolumetricCloud_UAID_B00CD162E1E7606102_2080454827 Label:VolumetricCloud SpatiallyLoaded:0 Bounds:IsValid=true, Min=(X=0.000 Y=0.000 Z=0.000), Max=(X=0.000 Y=0.000 Z=0.000) RuntimeGrid:None EditorOnly:0 RuntimeOnly:0 HLODRelevant:0
 |   |   |- [+] [  3]
 |   |   |   |- Guid:AD8453004E84EFCBDF86318CA36ABA63 BaseClass: NativeClass:/Script/Engine.TextRenderActor Name:TextRenderActor_UAID_B00CD162E1E7806F02_2079325361 Label:TextRenderActor14 SpatiallyLoaded:1 Bounds:IsValid=true, Min=(X=855.900 Y=-5.000 Z=599.013), Max=(X=2055.900 Y=-5.000 Z=749.013) RuntimeGrid:None EditorOnly:0 RuntimeOnly:0 HLODRelevant:0
 |   |   |- [+] [  4]
 |   |   |   |- Guid:3A00AA1C422CE54C0BDB60BAF471BFBB BaseClass: NativeClass:/Script/Engine.PlayerStart Name:PlayerStart_0 Label:PlayerStart SpatiallyLoaded:0 Bounds:IsValid=true, Min=(X=4412.000 Y=1070.000 Z=0.013), Max=(X=4492.000 Y=1150.000 Z=184.013) RuntimeGrid:None EditorOnly:0 RuntimeOnly:0 HLODRelevant:0
 |   |   |- [+] [  5]
 |   |   |   |- Guid:6E965A9D40B55CB7E6E214A93509FB3B BaseClass: NativeClass:/Script/Engine.ExponentialHeightFog Name:ExponentialHeightFog_UAID_B00CD162E1E7606102_2080833828 Label:ExponentialHeightFog SpatiallyLoaded:0 Bounds:IsValid=true, Min=(X=0.000 Y=0.000 Z=0.000), Max=(X=0.000 Y=0.000 Z=0.000) RuntimeGrid:None EditorOnly:0 RuntimeOnly:0 HLODRelevant:0
 |   |   |- [+] [  6]
 |   |   |   |- Guid:6BAF4DDD444C60371492D3919DB42C97 BaseClass: NativeClass:/Script/Engine.WorldDataLayers Name:WorldDataLayers Label:WorldDataLayers SpatiallyLoaded:0 Bounds:IsValid=true, Min=(X=0.000 Y=0.000 Z=0.000), Max=(X=0.000 Y=0.000 Z=0.000) RuntimeGrid:None EditorOnly:0 RuntimeOnly:0 HLODRelevant:0
 |   |   |- [+] [  7]
 |   |   |   |- Guid:87B0C6384DACCEB2B4BF918CF23CEF73 BaseClass: NativeClass:/Script/Engine.SkyLight Name:SkyLight_UAID_B00CD162E1E7606102_2079436824 Label:SkyLight SpatiallyLoaded:0 Bounds:IsValid=true, Min=(X=0.000 Y=0.000 Z=0.000), Max=(X=0.000 Y=0.000 Z=0.000) RuntimeGrid:None EditorOnly:0 RuntimeOnly:0 HLODRelevant:0
 |   |   |- [+] [  8]
 |   |   |   |- Guid:238F3BEB4B985C0732CE9CB25CA38DCC BaseClass: NativeClass:/Script/Engine.DirectionalLight Name:DirectionalLight_UAID_B00CD162E1E7606102_2079774825 Label:DirectionalLight SpatiallyLoaded:0 Bounds:IsValid=true, Min=(X=-4398046511104.000 Y=-4398046511104.000 Z=-4398046511104.000), Max=(X=4398046511104.000 Y=4398046511104.000 Z=4398046511104.000) RuntimeGrid:None EditorOnly:0 RuntimeOnly:0 HLODRelevant:0
 |   |   |- [+] [  9]
 |   |   |   |- Guid:EFC4B3EE4D719A85479612BE9B5A1B32 BaseClass: NativeClass:/Script/Engine.SkeletalMeshActor Name:SkeletalMeshActor_UAID_B00CD162E1E76C7102_1479053831 Label:Anim_ShotGunAim01 SpatiallyLoaded:1 Bounds:IsValid=true, Min=(X=664.727 Y=650.380 Z=100.294), Max=(X=724.846 Y=763.662 Z=263.934) RuntimeGrid:None EditorOnly:0 RuntimeOnly:0 HLODRelevant:0
 |   |   |- [+] [ 10]
 |   |   |   |- Guid:F8FF4CA64233DEAFEDDCC6BBE120456B BaseClass: NativeClass:/Script/Engine.SkeletalMeshActor Name:SkeletalMeshActor_UAID_B00CD162E1E76C7102_1483025832 Label:Anim_ShotGunAim02 SpatiallyLoaded:1 Bounds:IsValid=true, Min=(X=1070.147 Y=664.359 Z=100.284), Max=(X=1130.235 Y=777.679 Z=263.931) RuntimeGrid:None EditorOnly:0 RuntimeOnly:0 HLODRelevant:0
 |   |   |- [+] [ 11]
 |   |   |   |- Guid:8D11EA0641F6A85FFD598885C4AAD623 BaseClass: NativeClass:/Script/Engine.SkeletalMeshActor Name:SkeletalMeshActor_UAID_B00CD162E1E76C7102_1485530833 Label:Anim_ShotGunAim03 SpatiallyLoaded:1 Bounds:IsValid=true, Min=(X=1456.977 Y=653.083 Z=100.067), Max=(X=1527.041 Y=764.160 Z=241.436) RuntimeGrid:None EditorOnly:0 RuntimeOnly:0 HLODRelevant:0
 |   |   |- [+] [ 12]
 |   |   |   |- Guid:5F2FB3F74AD76AF93551B6BA75BD4C9C BaseClass: NativeClass:/Script/Engine.SkeletalMeshActor Name:SkeletalMeshActor_UAID_B00CD162E1E76C7102_1488462834 Label:Anim_ShotGunAim04 SpatiallyLoaded:1 Bounds:IsValid=true, Min=(X=1883.952 Y=641.078 Z=100.056), Max=(X=1954.009 Y=752.194 Z=241.436) RuntimeGrid:None EditorOnly:0 RuntimeOnly:0 HLODRelevant:0
 |   |   |- [+] [ 13]
 |   |   |   |- Guid:B6844DF248E81168600CB581602F98A9 BaseClass: NativeClass:/Script/Engine.SkeletalMeshActor Name:SkeletalMeshActor_UAID_B00CD162E1E76C7102_1491227835 Label:Anim_ShotGunAim05 SpatiallyLoaded:1 Bounds:IsValid=true, Min=(X=669.514 Y=997.557 Z=98.039), Max=(X=720.611 Y=1199.781 Z=155.142) RuntimeGrid:None EditorOnly:0 RuntimeOnly:0 HLODRelevant:0
 |   |   |- [+] [ 14]
 |   |   |   |- Guid:F24D43054995C02F10C6388445B0DEBE BaseClass: NativeClass:/Script/Engine.SkeletalMeshActor Name:SkeletalMeshActor_UAID_B00CD162E1E76C7102_1493294836 Label:Anim_ShotGunAim06 SpatiallyLoaded:1 Bounds:IsValid=true, Min=(X=1075.409 Y=988.556 Z=97.993), Max=(X=1126.498 Y=1190.805 Z=155.143) RuntimeGrid:None EditorOnly:0 RuntimeOnly:0 HLODRelevant:0
 |   |   |- [+] [ 15]
 |   |   |   |- Guid:CA1E810343938E76787D13B0B58E2F0B BaseClass: NativeClass:/Script/Engine.SkeletalMeshActor Name:SkeletalMeshActor_UAID_B00CD162E1E76C7102_1495649837 Label:Anim_ShotGunAim07 SpatiallyLoaded:1 Bounds:IsValid=true, Min=(X=1472.600 Y=1069.531 Z=95.837), Max=(X=1531.826 Y=1179.684 Z=188.643) RuntimeGrid:None EditorOnly:0 RuntimeOnly:0 HLODRelevant:0
 |   |   |- [+] [ 16]
 |   |   |   |- Guid:04F73C5B43E648ADFFFDDAABB4D2E143 BaseClass: NativeClass:/Script/Engine.SkeletalMeshActor Name:SkeletalMeshActor_UAID_B00CD162E1E76C7102_1498067838 Label:Anim_ShotGunAim08 SpatiallyLoaded:1 Bounds:IsValid=true, Min=(X=1875.175 Y=1063.507 Z=95.794), Max=(X=1934.403 Y=1173.675 Z=188.642) RuntimeGrid:None EditorOnly:0 RuntimeOnly:0 HLODRelevant:0
 |   |   |- [+] [ 17]
 |   |   |   |- Guid:5CD8FCA045FF0AADC317E2B846B78650 BaseClass: NativeClass:/Script/Engine.SkeletalMeshActor Name:SkeletalMeshActor_UAID_B00CD162E1E76C7102_1502177839 Label:Anim_ShotGunAim09 SpatiallyLoaded:1 Bounds:IsValid=true, Min=(X=587.411 Y=1454.227 Z=98.005), Max=(X=765.723 Y=1555.618 Z=149.464) RuntimeGrid:None EditorOnly:0 RuntimeOnly:0 HLODRelevant:0
 |   |   |- [+] [ 18]
 |   |   |   |- Guid:904924444B857ED454E950A3CB81E4A5 BaseClass: NativeClass:/Script/Engine.SkeletalMeshActor Name:SkeletalMeshActor_UAID_B00CD162E1E76C7102_1504444840 Label:Anim_ShotGunAim10 SpatiallyLoaded:1 Bounds:IsValid=true, Min=(X=1028.275 Y=1460.267 Z=98.009), Max=(X=1206.601 Y=1561.845 Z=149.462) RuntimeGrid:None EditorOnly:0 RuntimeOnly:0 HLODRelevant:0
 |   |   |- [+] [ 19]
 |   |   |   |- Guid:14745E39420384B88BC38B837488A68D BaseClass: NativeClass:/Script/Engine.SkeletalMeshActor Name:SkeletalMeshActor_UAID_B00CD162E1E76C7102_1506890841 Label:Anim_ShotGunAim11 SpatiallyLoaded:1 Bounds:IsValid=true, Min=(X=1433.379 Y=1462.891 Z=97.694), Max=(X=1604.491 Y=1564.977 Z=159.805) RuntimeGrid:None EditorOnly:0 RuntimeOnly:0 HLODRelevant:0
 |   |   |- [+] [ 20]
 |   |   |   |- Guid:71BEFA064BDF33E1A49B1FAE74576124 BaseClass: NativeClass:/Script/Engine.SkeletalMeshActor Name:SkeletalMeshActor_UAID_B00CD162E1E76C7102_1508944842 Label:Anim_ShotGunAim12 SpatiallyLoaded:1 Bounds:IsValid=true, Min=(X=1793.507 Y=1462.881 Z=97.695), Max=(X=1964.628 Y=1565.105 Z=159.790) RuntimeGrid:None EditorOnly:0 RuntimeOnly:0 HLODRelevant:0
 |   |   |- [+] [ 21]
 |   |   |   |- Guid:16DB064E4672596EE10328AD048C1F28 BaseClass: NativeClass:/Script/Engine.SkeletalMeshActor Name:SkeletalMeshActor_UAID_B00CD162E1E76C7102_1521926843 Label:Anim_ShotGunDiveBackward01 SpatiallyLoaded:1 Bounds:IsValid=true, Min=(X=658.693 Y=2671.459 Z=99.926), Max=(X=731.347 Y=2750.356 Z=260.732) RuntimeGrid:None EditorOnly:0 RuntimeOnly:0 HLODRelevant:0
 |   |   |- [+] [ 22]
 |   |   |   |- Guid:14A8E2DB4B57D3FDF6C5D5B9DAE58F52 BaseClass: NativeClass:/Script/Engine.SkeletalMeshActor Name:SkeletalMeshActor_UAID_B00CD162E1E76C7102_1524727844 Label:Anim_ShotGunDiveBackward02 SpatiallyLoaded:1 Bounds:IsValid=true, Min=(X=1067.652 Y=2676.462 Z=99.922), Max=(X=1140.310 Y=2755.359 Z=260.733) RuntimeGrid:None EditorOnly:0 RuntimeOnly:0 HLODRelevant:0
 |   |   |- [+] [ 23]
 |   |   |   |- Guid:FF76CC044D7D857AD4EFB1B9CA6CDB00 BaseClass: NativeClass:/Script/Engine.SkeletalMeshActor Name:SkeletalMeshActor_UAID_B00CD162E1E76C7102_1527936845 Label:Anim_ShotGunDiveForward01 SpatiallyLoaded:1 Bounds:IsValid=true, Min=(X=1455.774 Y=2658.635 Z=100.025), Max=(X=1536.539 Y=2733.404 Z=254.032) RuntimeGrid:None EditorOnly:0 RuntimeOnly:0 HLODRelevant:0
 |   |   |- [+] [ 24]
 |   |   |   |- Guid:61FE4A464440A9EF029FF5956D3E6B36 BaseClass: NativeClass:/Script/Engine.SkeletalMeshActor Name:SkeletalMeshActor_UAID_B00CD162E1E76C7102_1531520846 Label:Anim_ShotGunDiveForward02 SpatiallyLoaded:1 Bounds:IsValid=true, Min=(X=1851.462 Y=2660.632 Z=100.020), Max=(X=1932.228 Y=2735.410 Z=254.030) RuntimeGrid:None EditorOnly:0 RuntimeOnly:0 HLODRelevant:0
 |   |   |- [+] [ 25]
 |   |   |   |- Guid:DFCD023F488D8E0AF4C410A257FF3B45 BaseClass: NativeClass:/Script/Engine.SkeletalMeshActor Name:SkeletalMeshActor_UAID_B00CD162E1E76C7102_1567434847 Label:Anim_ShotGunDiveLeft01 SpatiallyLoaded:1 Bounds:IsValid=true, Min=(X=662.166 Y=3371.693 Z=100.142), Max=(X=745.529 Y=3445.964 Z=252.156) RuntimeGrid:None EditorOnly:0 RuntimeOnly:0 HLODRelevant:0
 |   |   |- [+] [ 26]
 |   |   |   |- Guid:92E9BD1B44DC95A36742298A63B75265 BaseClass: NativeClass:/Script/Engine.SkeletalMeshActor Name:SkeletalMeshActor_UAID_B00CD162E1E76C7102_1570158848 Label:Anim_ShotGunDiveLeft02 SpatiallyLoaded:1 Bounds:IsValid=true, Min=(X=1061.085 Y=3369.674 Z=100.143), Max=(X=1144.568 Y=3443.962 Z=252.157) RuntimeGrid:None EditorOnly:0 RuntimeOnly:0 HLODRelevant:0
 |   |   |- [+] [ 27]
 |   |   |   |- Guid:7608B02A4CCA374F4CE32FB58EA3D0BF BaseClass: NativeClass:/Script/Engine.SkeletalMeshActor Name:SkeletalMeshActor_UAID_B00CD162E1E76C7102_1578346849 Label:Anim_ShotGunDiveRight01 SpatiallyLoaded:1 Bounds:IsValid=true, Min=(X=658.457 Y=3876.677 Z=100.137), Max=(X=741.879 Y=3950.968 Z=252.159) RuntimeGrid:None EditorOnly:0 RuntimeOnly:0 HLODRelevant:0
 |   |   |- [+] [ 28]
 |   |   |   |- Guid:5D8FEB054C83F6F758C279BAC0A59F3D BaseClass: NativeClass:/Script/Engine.SkeletalMeshActor Name:SkeletalMeshActor_UAID_B00CD162E1E76C7102_1580601850 Label:Anim_ShotGunDiveRight02 SpatiallyLoaded:1 Bounds:IsValid=true, Min=(X=1056.455 Y=3866.680 Z=100.138), Max=(X=1139.881 Y=3940.968 Z=252.159) RuntimeGrid:None EditorOnly:0 RuntimeOnly:0 HLODRelevant:0
 |   |   |- [+] [ 29]
 |   |   |   |- Guid:1326B8C446F045AA29CA97AE80D2EF21 BaseClass: NativeClass:/Script/Engine.SkeletalMeshActor Name:SkeletalMeshActor_UAID_B00CD162E1E76C7102_1605158851 Label:Anim_ShotGunProneRollBackward01 SpatiallyLoaded:1 Bounds:IsValid=true, Min=(X=588.401 Y=4852.262 Z=98.006), Max=(X=766.724 Y=4953.615 Z=149.463) RuntimeGrid:None EditorOnly:0 RuntimeOnly:0 HLODRelevant:0
 |   |   |- [+] [ 30]
 |   |   |   |- Guid:C3BAEE334516AEB5E8284B8B18644654 BaseClass: NativeClass:/Script/Engine.SkeletalMeshActor Name:SkeletalMeshActor_UAID_B00CD162E1E76C7102_1608223852 Label:Anim_ShotGunProneRollBackward02 SpatiallyLoaded:1 Bounds:IsValid=true, Min=(X=1031.278 Y=4859.267 Z=98.003), Max=(X=1209.595 Y=4960.870 Z=149.429) RuntimeGrid:None EditorOnly:0 RuntimeOnly:0 HLODRelevant:0
 |   |   |- [+] [ 31]
 |   |   |   |- Guid:96575B5A4048B4226954C9B7CEADF5A2 BaseClass: NativeClass:/Script/Engine.SkeletalMeshActor Name:SkeletalMeshActor_UAID_B00CD162E1E76C7102_1615220853 Label:Anim_ShotGunProneRollBackward03 SpatiallyLoaded:1 Bounds:IsValid=true, Min=(X=1436.372 Y=4857.896 Z=97.693), Max=(X=1607.496 Y=4959.974 Z=159.792) RuntimeGrid:None EditorOnly:0 RuntimeOnly:0 HLODRelevant:0
 |   |   |- [+] [ 32]
 |   |   |   |- Guid:F589F4BB4C4C93F83B474E93D820CBB8 BaseClass: NativeClass:/Script/Engine.SkeletalMeshActor Name:SkeletalMeshActor_UAID_B00CD162E1E76C7102_1617642854 Label:Anim_ShotGunProneRollBackward04 SpatiallyLoaded:1 Bounds:IsValid=true, Min=(X=1795.505 Y=4856.899 Z=97.707), Max=(X=1966.629 Y=4959.099 Z=159.784) RuntimeGrid:None EditorOnly:0 RuntimeOnly:0 HLODRelevant:0
 |   |   |- [+] [ 33]
 |   |   |   |- Guid:907169564E28A52DFE99AC9DB69B6F9F BaseClass: NativeClass:/Script/Engine.SkeletalMeshActor Name:SkeletalMeshActor_UAID_B00CD162E1E76C7102_1624178855 Label:Anim_ShotGunProneRollForward01 SpatiallyLoaded:1 Bounds:IsValid=true, Min=(X=591.401 Y=5355.262 Z=98.006), Max=(X=769.724 Y=5456.615 Z=149.463) RuntimeGrid:None EditorOnly:0 RuntimeOnly:0 HLODRelevant:0
 |   |   |- [+] [ 34]
 |   |   |   |- Guid:4FADBAEA415F809AB6A9E2B46BA74D41 BaseClass: NativeClass:/Script/Engine.SkeletalMeshActor Name:SkeletalMeshActor_UAID_B00CD162E1E76C7102_1626894856 Label:Anim_ShotGunProneRollForward02 SpatiallyLoaded:1 Bounds:IsValid=true, Min=(X=1031.277 Y=5361.266 Z=98.001), Max=(X=1209.595 Y=5462.869 Z=149.429) RuntimeGrid:None EditorOnly:0 RuntimeOnly:0 HLODRelevant:0
 |   |   |- [+] [ 35]
 |   |   |   |- Guid:532B6C3D46B69ABD20E428BF2F5784FA BaseClass: NativeClass:/Script/Engine.SkeletalMeshActor Name:SkeletalMeshActor_UAID_B00CD162E1E76C7102_1629746857 Label:Anim_ShotGunProneRollForward03 SpatiallyLoaded:1 Bounds:IsValid=true, Min=(X=1439.372 Y=5353.896 Z=97.693), Max=(X=1610.496 Y=5455.974 Z=159.792) RuntimeGrid:None EditorOnly:0 RuntimeOnly:0 HLODRelevant:0
 |   |   |- [+] [ 36]
 |   |   |   |- Guid:CFFB28414E1B87DB1810AA8E5FBF810E BaseClass: NativeClass:/Script/Engine.SkeletalMeshActor Name:SkeletalMeshActor_UAID_B00CD162E1E76C7102_1631924858 Label:Anim_ShotGunProneRollForward04 SpatiallyLoaded:1 Bounds:IsValid=true, Min=(X=1793.505 Y=5361.899 Z=97.707), Max=(X=1964.629 Y=5464.098 Z=159.784) RuntimeGrid:None EditorOnly:0 RuntimeOnly:0 HLODRelevant:0
 |   |   |- [+] [ 37]
 |   |   |   |- Guid:E24924D64841D926D425BF9D2B47809F BaseClass: NativeClass:/Script/Engine.SkeletalMeshActor Name:SkeletalMeshActor_UAID_B00CD162E1E76C7102_1644725859 Label:Anim_ShotGunProneRollLeft01 SpatiallyLoaded:1 Bounds:IsValid=true, Min=(X=669.500 Y=5893.556 Z=98.000), Max=(X=720.592 Y=6095.776 Z=155.141) RuntimeGrid:None EditorOnly:0 RuntimeOnly:0 HLODRelevant:0
 |   |   |- [+] [ 38]
 |   |   |   |- Guid:5B8246A24F4AAFAA237C8799F40F906D BaseClass: NativeClass:/Script/Engine.SkeletalMeshActor Name:SkeletalMeshActor_UAID_B00CD162E1E76C7102_1649114860 Label:Anim_ShotGunProneRollLeft02 SpatiallyLoaded:1 Bounds:IsValid=true, Min=(X=1072.414 Y=5896.558 Z=97.996), Max=(X=1123.502 Y=6098.809 Z=155.141) RuntimeGrid:None EditorOnly:0 RuntimeOnly:0 HLODRelevant:0
 |   |   |- [+] [ 39]
 |   |   |   |- Guid:EB87C5E84B70D76676FAD284BBE25902 BaseClass: NativeClass:/Script/Engine.SkeletalMeshActor Name:SkeletalMeshActor_UAID_B00CD162E1E76C7102_1652016861 Label:Anim_ShotGunProneRollLeft03 SpatiallyLoaded:1 Bounds:IsValid=true, Min=(X=1465.599 Y=5967.531 Z=95.837), Max=(X=1524.823 Y=6077.684 Z=188.643) RuntimeGrid:None EditorOnly:0 RuntimeOnly:0 HLODRelevant:0
 |   |   |- [+] [ 40]
 |   |   |   |- Guid:B4CCB41544571C68A8F3A8B1B51FD7A7 BaseClass: NativeClass:/Script/Engine.SkeletalMeshActor Name:SkeletalMeshActor_UAID_B00CD162E1E76C7102_1654369862 Label:Anim_ShotGunProneRollLeft04 SpatiallyLoaded:1 Bounds:IsValid=true, Min=(X=1878.193 Y=5961.492 Z=95.786), Max=(X=1937.399 Y=6071.625 Z=188.640) RuntimeGrid:None EditorOnly:0 RuntimeOnly:0 HLODRelevant:0
 |   |   |- [+] [ 41]
 |   |   |   |- Guid:1F4400C4455AEDC0A56D64A1A433E359 BaseClass: NativeClass:/Script/Engine.SkeletalMeshActor Name:SkeletalMeshActor_UAID_B00CD162E1E76C7102_1659201863 Label:Anim_ShotGunProneRollRight01 SpatiallyLoaded:1 Bounds:IsValid=true, Min=(X=674.501 Y=6392.557 Z=97.999), Max=(X=725.594 Y=6594.776 Z=155.142) RuntimeGrid:None EditorOnly:0 RuntimeOnly:0 HLODRelevant:0
 |   |   |- [+] [ 42]
 |   |   |   |- Guid:2E8D4A7047AEDF8E3E24638499148C83 BaseClass: NativeClass:/Script/Engine.SkeletalMeshActor Name:SkeletalMeshActor_UAID_B00CD162E1E76C7102_1661617864 Label:Anim_ShotGunProneRollRight02 SpatiallyLoaded:1 Bounds:IsValid=true, Min=(X=1071.418 Y=6392.559 Z=97.993), Max=(X=1122.503 Y=6594.807 Z=155.142) RuntimeGrid:None EditorOnly:0 RuntimeOnly:0 HLODRelevant:0
 |   |   |- [+] [ 43]
 |   |   |   |- Guid:70095D344C66DDA7D4035BBBE1418229 BaseClass: NativeClass:/Script/Engine.SkeletalMeshActor Name:SkeletalMeshActor_UAID_B00CD162E1E76C7102_1663820865 Label:Anim_ShotGunProneRollRight03 SpatiallyLoaded:1 Bounds:IsValid=true, Min=(X=1463.599 Y=6472.531 Z=95.837), Max=(X=1522.823 Y=6582.684 Z=188.643) RuntimeGrid:None EditorOnly:0 RuntimeOnly:0 HLODRelevant:0
 |   |   |- [+] [ 44]
 |   |   |   |- Guid:15A45FB14F992CAF5890C094FF84DC05 BaseClass: NativeClass:/Script/Engine.SkeletalMeshActor Name:SkeletalMeshActor_UAID_B00CD162E1E76C7102_1666514866 Label:Anim_ShotGunProneRollRight04 SpatiallyLoaded:1 Bounds:IsValid=true, Min=(X=1879.187 Y=6466.492 Z=95.786), Max=(X=1938.400 Y=6576.625 Z=188.641) RuntimeGrid:None EditorOnly:0 RuntimeOnly:0 HLODRelevant:0
 |- ContainerInstances:
 |- [+] MainContainer:
 |   |-        ID: 0x0000000000000000
 |   |-    Bounds: IsValid=false, Min=(X=0.000 Y=0.000 Z=0.000), Max=(X=0.000 Y=0.000 Z=0.000)
 |   |- Transform: 0.000000,0.000000,0.000000|0.000000,0.000000,-0.000000|1.000000,1.000000,1.000000
 |   |- Container: /Game/TacticalShotGun/Maps/ThirdPersonMap
----------------------------------------------------------------------------------------------------------------
ThirdPersonMap - Persistent Level
----------------------------------------------------------------------------------------------------------------
Always loaded Actor Count: 88 

----------------------------------------------------------------------------------------------------------------
ThirdPersonMap - Runtime Spatial Hash - Streaming Grid - MainGrid
----------------------------------------------------------------------------------------------------------------
            Origin: X=0.000 Y=0.000 Z=0.000
         Cell Size: 12800
      World Bounds: IsValid=false, Min=(X=0.000 Y=0.000 Z=0.000), Max=(X=0.000 Y=0.000 Z=0.000)
     Loading Range: 25600.00
Block Slow Loading: No
 ClientOnlyVisible: No

[+] Grid Levels: 1
 |- Level  0: Cell Count    0 | Cell Size   12800 | Actor Count    0 (0.0%)

[+] Content of Grid Level 0

