[+] Containers:
 |- [+] Container: /Game/ThirdPerson/Maps/ThirdPersonMap
 |   |- [+] ActorDescs:
 |   |   |- Guid:08A3E2034BEC3DB6CFA30E8D8BB036AB BaseClass: NativeClass:/Script/Engine.SkeletalMeshActor Name:SkeletalMeshActor_UAID_B00CD162E1E7C36402_1332269440 Label:Anim_Fight08 SpatiallyLoaded:1 Bounds:IsValid=true, Min=(X=3385.465 Y=1038.530 Z=117.385), Max=(X=3445.521 Y=1122.690 Z=288.975) RuntimeGrid:None EditorOnly:0 RuntimeOnly:0 HLODRelevant:0
 |   |   |- Guid:08CCE1C94A8D55D4BA7ABB8C261642AB BaseClass: NativeClass:/Script/Engine.SkeletalMeshActor Name:SkeletalMeshActor_UAID_B00CD162E1E7C36402_1114572425 Label:Anim_Healing10 SpatiallyLoaded:1 Bounds:IsValid=true, Min=(X=1204.074 Y=1130.115 Z=117.390), Max=(X=1263.875 Y=1184.857 Z=292.810) RuntimeGrid:None EditorOnly:0 RuntimeOnly:0 HLODRelevant:0
 |   |   |- Guid:12A7B4A741A410722EEB9E8EA020A593 BaseClass: NativeClass:/Script/Engine.SkeletalMeshActor Name:SkeletalMeshActor_UAID_B00CD162E1E7C36402_1106899422 Label:Anim_Healing07 SpatiallyLoaded:1 Bounds:IsValid=true, Min=(X=477.296 Y=1188.753 Z=111.704), Max=(X=538.360 Y=1278.975 Z=218.964) RuntimeGrid:None EditorOnly:0 RuntimeOnly:0 HLODRelevant:0
 |   |   |- Guid:14334BF44573F4A23634ABBFEFAF8A90 BaseClass: NativeClass:/Script/Engine.SkeletalMeshActor Name:SkeletalMeshActor_UAID_B00CD162E1E7C36402_1109690423 Label:Anim_Healing08 SpatiallyLoaded:1 Bounds:IsValid=true, Min=(X=703.635 Y=1088.754 Z=111.711), Max=(X=764.708 Y=1178.968 Z=218.968) RuntimeGrid:None EditorOnly:0 RuntimeOnly:0 HLODRelevant:0
 |   |   |- Guid:14E4BA934259392C89F7AB9902FC9E3D BaseClass: NativeClass:/Script/Engine.SkeletalMeshActor Name:SkeletalMeshActor_UAID_B00CD162E1E7C36402_1337411442 Label:Anim_Fight10 SpatiallyLoaded:1 Bounds:IsValid=true, Min=(X=2788.469 Y=590.525 Z=117.386), Max=(X=2848.521 Y=674.690 Z=288.975) RuntimeGrid:None EditorOnly:0 RuntimeOnly:0 HLODRelevant:0
 |   |   |- Guid:185A510A4D29AEE8C4A8E38C359696DB BaseClass: NativeClass:/Script/Engine.SkeletalMeshActor Name:SkeletalMeshActor_UAID_B00CD162E1E7C36402_1125177429 Label:Anim_Healing14 SpatiallyLoaded:1 Bounds:IsValid=true, Min=(X=664.207 Y=1569.766 Z=117.389), Max=(X=736.890 Y=1604.887 Z=297.313) RuntimeGrid:None EditorOnly:0 RuntimeOnly:0 HLODRelevant:0
 |   |   |- Guid:238F3BEB4B985C0732CE9CB25CA38DCC BaseClass: NativeClass:/Script/Engine.DirectionalLight Name:DirectionalLight_UAID_B00CD162E1E7606102_2079774825 Label:DirectionalLight SpatiallyLoaded:0 Bounds:IsValid=true, Min=(X=-4398046511104.000 Y=-4398046511104.000 Z=-4398046511104.000), Max=(X=4398046511104.000 Y=4398046511104.000 Z=4398046511104.000) RuntimeGrid:None EditorOnly:0 RuntimeOnly:0 HLODRelevant:0
 |   |   |- Guid:2BCAD4614E70CFFAFC8068A40E0AE6EC BaseClass: NativeClass:/Script/Engine.SkeletalMeshActor Name:SkeletalMeshActor_UAID_B00CD162E1E7C36402_1112086424 Label:Anim_Healing09 SpatiallyLoaded:1 Bounds:IsValid=true, Min=(X=966.127 Y=1222.118 Z=117.393), Max=(X=1025.933 Y=1276.696 Z=292.810) RuntimeGrid:None EditorOnly:0 RuntimeOnly:0 HLODRelevant:0
 |   |   |- Guid:3A00AA1C422CE54C0BDB60BAF471BFBB BaseClass: NativeClass:/Script/Engine.PlayerStart Name:PlayerStart_0 Label:PlayerStart SpatiallyLoaded:0 Bounds:IsValid=true, Min=(X=860.000 Y=1070.000 Z=0.013), Max=(X=940.000 Y=1150.000 Z=184.013) RuntimeGrid:None EditorOnly:0 RuntimeOnly:0 HLODRelevant:0
 |   |   |- Guid:49856FF745B848048E7C2CB606434DCC BaseClass: NativeClass:/Script/Engine.VolumetricCloud Name:VolumetricCloud_UAID_B00CD162E1E7606102_2080454827 Label:VolumetricCloud SpatiallyLoaded:0 Bounds:IsValid=true, Min=(X=0.000 Y=0.000 Z=0.000), Max=(X=0.000 Y=0.000 Z=0.000) RuntimeGrid:None EditorOnly:0 RuntimeOnly:0 HLODRelevant:0
 |   |   |- Guid:507385E746248E43092081B9C62BBB0A BaseClass: NativeClass:/Script/Engine.SkeletalMeshActor Name:SkeletalMeshActor_UAID_B00CD162E1E7C36402_1123118428 Label:Anim_Healing13 SpatiallyLoaded:1 Bounds:IsValid=true, Min=(X=461.811 Y=1661.766 Z=117.392), Max=(X=534.471 Y=1697.084 Z=297.313) RuntimeGrid:None EditorOnly:0 RuntimeOnly:0 HLODRelevant:0
 |   |   |- Guid:5AB782F1406031E4E49DCC9E6B31B6A7 BaseClass: NativeClass:/Script/Engine.TextRenderActor Name:TextRenderActor_UAID_B00CD162E1E7C36402_1230330432 Label:TextRenderActor2 SpatiallyLoaded:1 Bounds:IsValid=true, Min=(X=2585.900 Y=264.000 Z=621.013), Max=(X=2943.592 Y=264.000 Z=771.013) RuntimeGrid:None EditorOnly:0 RuntimeOnly:0 HLODRelevant:0
 |   |   |- Guid:5B53A0C04EE9568CD3441D9C01FEFA39 BaseClass: NativeClass:/Script/Engine.SkeletalMeshActor Name:SkeletalMeshActor_UAID_B00CD162E1E7C26402_2125610239 Label:Anim_Healing01 SpatiallyLoaded:1 Bounds:IsValid=true, Min=(X=473.970 Y=683.724 Z=117.511), Max=(X=542.759 Y=719.911 Z=298.155) RuntimeGrid:None EditorOnly:0 RuntimeOnly:0 HLODRelevant:0
 |   |   |- Guid:5B97F4A64FB21F77EFC44386BF705B4C BaseClass: NativeClass:/Script/Engine.TextRenderActor Name:TextRenderActor_1 Label:TextRenderActor SpatiallyLoaded:1 Bounds:IsValid=true, Min=(X=467.900 Y=263.000 Z=621.013), Max=(X=1817.900 Y=263.000 Z=771.013) RuntimeGrid:None EditorOnly:0 RuntimeOnly:0 HLODRelevant:0
 |   |   |- Guid:66F8A19146DADDEE28D91DA6CBC718B1 BaseClass: NativeClass:/Script/Engine.SkeletalMeshActor Name:SkeletalMeshActor_UAID_B00CD162E1E7C26402_2138735241 Label:Anim_Healing03 SpatiallyLoaded:1 Bounds:IsValid=true, Min=(X=950.970 Y=685.724 Z=117.511), Max=(X=1019.760 Y=721.911 Z=298.155) RuntimeGrid:None EditorOnly:0 RuntimeOnly:0 HLODRelevant:0
 |   |   |- Guid:6BAF4DDD444C60371492D3919DB42C97 BaseClass: NativeClass:/Script/Engine.WorldDataLayers Name:WorldDataLayers Label:WorldDataLayers SpatiallyLoaded:0 Bounds:IsValid=true, Min=(X=0.000 Y=0.000 Z=0.000), Max=(X=0.000 Y=0.000 Z=0.000) RuntimeGrid:None EditorOnly:0 RuntimeOnly:0 HLODRelevant:0
 |   |   |- Guid:6E965A9D40B55CB7E6E214A93509FB3B BaseClass: NativeClass:/Script/Engine.ExponentialHeightFog Name:ExponentialHeightFog_UAID_B00CD162E1E7606102_2080833828 Label:ExponentialHeightFog SpatiallyLoaded:0 Bounds:IsValid=true, Min=(X=0.000 Y=0.000 Z=0.000), Max=(X=0.000 Y=0.000 Z=0.000) RuntimeGrid:None EditorOnly:0 RuntimeOnly:0 HLODRelevant:0
 |   |   |- Guid:7088D96E4906604F20BCA896002B2DF5 BaseClass: NativeClass:/Script/Engine.SkeletalMeshActor Name:SkeletalMeshActor_UAID_B00CD162E1E7C36402_1320388435 Label:Anim_Fight03 SpatiallyLoaded:1 Bounds:IsValid=true, Min=(X=3077.528 Y=1348.486 Z=117.401), Max=(X=3161.886 Y=1408.519 Z=288.975) RuntimeGrid:None EditorOnly:0 RuntimeOnly:0 HLODRelevant:0
 |   |   |- Guid:74F2EF3B4226897E33E9008398008BFE BaseClass: NativeClass:/Script/Engine.SkeletalMeshActor Name:SkeletalMeshActor_UAID_B00CD162E1E7C36402_1307311433 Label:Anim_Fight01 SpatiallyLoaded:1 Bounds:IsValid=true, Min=(X=2585.518 Y=1367.486 Z=117.394), Max=(X=2669.903 Y=1427.520 Z=288.975) RuntimeGrid:None EditorOnly:0 RuntimeOnly:0 HLODRelevant:0
 |   |   |- Guid:87B0C6384DACCEB2B4BF918CF23CEF73 BaseClass: NativeClass:/Script/Engine.SkyLight Name:SkyLight_UAID_B00CD162E1E7606102_2079436824 Label:SkyLight SpatiallyLoaded:0 Bounds:IsValid=true, Min=(X=0.000 Y=0.000 Z=0.000), Max=(X=0.000 Y=0.000 Z=0.000) RuntimeGrid:None EditorOnly:0 RuntimeOnly:0 HLODRelevant:0
 |   |   |- Guid:8AE000E54C3076E215D884BBD2EEE2A5 BaseClass: NativeClass:/Script/Engine.SkeletalMeshActor Name:SkeletalMeshActor_UAID_B00CD162E1E7C26402_2142081242 Label:Anim_Healing04 SpatiallyLoaded:1 Bounds:IsValid=true, Min=(X=1197.965 Y=576.728 Z=117.510), Max=(X=1266.755 Y=612.916 Z=298.155) RuntimeGrid:None EditorOnly:0 RuntimeOnly:0 HLODRelevant:0
 |   |   |- Guid:8B0A9236438C36CEA68C73B75C8D6242 BaseClass: NativeClass:/Script/Engine.SkeletalMeshActor Name:SkeletalMeshActor_UAID_B00CD162E1E7C26402_2135321240 Label:Anim_Healing02 SpatiallyLoaded:1 Bounds:IsValid=true, Min=(X=689.963 Y=576.727 Z=117.511), Max=(X=758.754 Y=612.919 Z=298.155) RuntimeGrid:None EditorOnly:0 RuntimeOnly:0 HLODRelevant:0
 |   |   |- Guid:998557224E9B06EEC430CEAC65EE77A5 BaseClass: NativeClass:/Script/Engine.SkeletalMeshActor Name:SkeletalMeshActor_UAID_B00CD162E1E7C36402_1075845420 Label:Anim_Healing06 SpatiallyLoaded:1 Bounds:IsValid=true, Min=(X=1699.293 Y=560.779 Z=117.430), Max=(X=1778.727 Y=632.645 Z=259.996) RuntimeGrid:None EditorOnly:0 RuntimeOnly:0 HLODRelevant:0
 |   |   |- Guid:AB54D91A4967F5FF2EE21A8D218C0663 BaseClass: NativeClass:/Script/Engine.SkeletalMeshActor Name:SkeletalMeshActor_UAID_B00CD162E1E7C36402_1328925438 Label:Anim_Fight06 SpatiallyLoaded:1 Bounds:IsValid=true, Min=(X=2789.495 Y=1039.530 Z=117.385), Max=(X=2849.521 Y=1123.691 Z=288.975) RuntimeGrid:None EditorOnly:0 RuntimeOnly:0 HLODRelevant:0
 |   |   |- Guid:AC6C3F114F1CD3C76A151BAB4D4EFC86 BaseClass: NativeClass:/Script/Engine.SkeletalMeshActor Name:SkeletalMeshActor_UAID_B00CD162E1E7C36402_1327148437 Label:Anim_Fight05 SpatiallyLoaded:1 Bounds:IsValid=true, Min=(X=2583.481 Y=1040.516 Z=117.393), Max=(X=2643.514 Y=1124.902 Z=288.975) RuntimeGrid:None EditorOnly:0 RuntimeOnly:0 HLODRelevant:0
 |   |   |- Guid:C049D026446CC334CA4B909052FAB52D BaseClass: NativeClass:/Script/Engine.SkeletalMeshActor Name:SkeletalMeshActor_UAID_B00CD162E1E7C36402_1127152430 Label:Anim_Healing15 SpatiallyLoaded:1 Bounds:IsValid=true, Min=(X=948.018 Y=1639.328 Z=111.097), Max=(X=1027.536 Y=1738.306 Z=229.063) RuntimeGrid:None EditorOnly:0 RuntimeOnly:0 HLODRelevant:0
 |   |   |- Guid:C1D14332470ED463F235A697BAF46CEA BaseClass: NativeClass:/Script/Engine.SkeletalMeshActor Name:SkeletalMeshActor_UAID_B00CD162E1E7C36402_1129541431 Label:Anim_Healing16 SpatiallyLoaded:1 Bounds:IsValid=true, Min=(X=1236.456 Y=1504.338 Z=111.093), Max=(X=1315.987 Y=1603.303 Z=229.062) RuntimeGrid:None EditorOnly:0 RuntimeOnly:0 HLODRelevant:0
 |   |   |- Guid:D85104764019B5A9D0D83681560A9400 BaseClass: NativeClass:/Script/Engine.SkeletalMeshActor Name:SkeletalMeshActor_UAID_B00CD162E1E7C26402_2146810243 Label:Anim_Healing05 SpatiallyLoaded:1 Bounds:IsValid=true, Min=(X=1450.239 Y=666.817 Z=117.420), Max=(X=1529.700 Y=738.643 Z=260.001) RuntimeGrid:None EditorOnly:0 RuntimeOnly:0 HLODRelevant:0
 |   |   |- Guid:DC6C8060464737B3D64F78A61BFBF354 BaseClass: NativeClass:/Script/Engine.SkeletalMeshActor Name:SkeletalMeshActor_UAID_B00CD162E1E7C36402_1316819434 Label:Anim_Fight02 SpatiallyLoaded:1 Bounds:IsValid=true, Min=(X=2776.310 Y=1371.494 Z=117.386), Max=(X=2860.482 Y=1431.521 Z=288.974) RuntimeGrid:None EditorOnly:0 RuntimeOnly:0 HLODRelevant:0
 |   |   |- Guid:E3C7F6E64CC3EB0429F125BCEDE2C5CD BaseClass: NativeClass:/Script/Engine.SkeletalMeshActor Name:SkeletalMeshActor_UAID_B00CD162E1E7C36402_1335053441 Label:Anim_Fight09 SpatiallyLoaded:1 Bounds:IsValid=true, Min=(X=2586.482 Y=587.541 Z=117.401), Max=(X=2646.515 Y=671.902 Z=288.975) RuntimeGrid:None EditorOnly:0 RuntimeOnly:0 HLODRelevant:0
 |   |   |- Guid:EBB1AA2B47569C1050ABADAA24C1C3EB BaseClass: NativeClass:/Script/Engine.SkeletalMeshActor Name:SkeletalMeshActor_UAID_B00CD162E1E7C36402_1330653439 Label:Anim_Fight07 SpatiallyLoaded:1 Bounds:IsValid=true, Min=(X=3059.480 Y=1036.539 Z=117.401), Max=(X=3119.514 Y=1120.902 Z=288.975) RuntimeGrid:None EditorOnly:0 RuntimeOnly:0 HLODRelevant:0
 |   |   |- Guid:EC402312471AA375CE178292B4613A5C BaseClass: NativeClass:/Script/Engine.SkeletalMeshActor Name:SkeletalMeshActor_UAID_B00CD162E1E7C36402_1119234427 Label:Anim_Healing12 SpatiallyLoaded:1 Bounds:IsValid=true, Min=(X=1751.206 Y=1123.771 Z=117.389), Max=(X=1823.890 Y=1158.893 Z=297.313) RuntimeGrid:None EditorOnly:0 RuntimeOnly:0 HLODRelevant:0
 |   |   |- Guid:F1924B8D48954B30891B2DB6A694F9CC BaseClass: NativeClass:/Script/Engine.StaticMeshActor Name:StaticMeshActor_1 Label:SM_Cube SpatiallyLoaded:1 Bounds:IsValid=true, Min=(X=0.000 Y=0.000 Z=-50.000), Max=(X=10000.000 Y=11666.666 Z=116.667) RuntimeGrid:None EditorOnly:0 RuntimeOnly:0 HLODRelevant:1 FolderPath:Playground FolderGuid:C73F09FC4215536B1DCE2A9E0A830C70
 |   |   |- Guid:F60452FE489070768EA6E6887E1AD742 BaseClass: NativeClass:/Script/Engine.SkeletalMeshActor Name:SkeletalMeshActor_UAID_B00CD162E1E7C36402_1323489436 Label:Anim_Fight04 SpatiallyLoaded:1 Bounds:IsValid=true, Min=(X=3340.321 Y=1364.495 Z=117.386), Max=(X=3424.482 Y=1424.521 Z=288.976) RuntimeGrid:None EditorOnly:0 RuntimeOnly:0 HLODRelevant:0
 |   |   |- Guid:F8D6117848892EF0D89E18A7097C47E8 BaseClass: NativeClass:/Script/Engine.SkeletalMeshActor Name:SkeletalMeshActor_UAID_B00CD162E1E7C36402_1117017426 Label:Anim_Healing11 SpatiallyLoaded:1 Bounds:IsValid=true, Min=(X=1453.813 Y=1229.776 Z=117.392), Max=(X=1526.474 Y=1265.084 Z=297.313) RuntimeGrid:None EditorOnly:0 RuntimeOnly:0 HLODRelevant:0
 |   |   |- Guid:FDB274D8407BABB00CFC7090415FE3EC BaseClass: NativeClass:/Script/Engine.SkyAtmosphere Name:SkyAtmosphere_UAID_B00CD162E1E7606102_2080104826 Label:SkyAtmosphere SpatiallyLoaded:0 Bounds:IsValid=true, Min=(X=0.000 Y=0.000 Z=0.000), Max=(X=0.000 Y=0.000 Z=0.000) RuntimeGrid:None EditorOnly:0 RuntimeOnly:0 HLODRelevant:0
 |   |- [+] Clusters:
 |   |   |- [+] [  0]
 |   |   |   |- Guid:6BAF4DDD444C60371492D3919DB42C97 BaseClass: NativeClass:/Script/Engine.WorldDataLayers Name:WorldDataLayers Label:WorldDataLayers SpatiallyLoaded:0 Bounds:IsValid=true, Min=(X=0.000 Y=0.000 Z=0.000), Max=(X=0.000 Y=0.000 Z=0.000) RuntimeGrid:None EditorOnly:0 RuntimeOnly:0 HLODRelevant:0
 |   |   |- [+] [  1]
 |   |   |   |- Guid:5B97F4A64FB21F77EFC44386BF705B4C BaseClass: NativeClass:/Script/Engine.TextRenderActor Name:TextRenderActor_1 Label:TextRenderActor SpatiallyLoaded:1 Bounds:IsValid=true, Min=(X=467.900 Y=263.000 Z=621.013), Max=(X=1817.900 Y=263.000 Z=771.013) RuntimeGrid:None EditorOnly:0 RuntimeOnly:0 HLODRelevant:0
 |   |   |- [+] [  2]
 |   |   |   |- Guid:87B0C6384DACCEB2B4BF918CF23CEF73 BaseClass: NativeClass:/Script/Engine.SkyLight Name:SkyLight_UAID_B00CD162E1E7606102_2079436824 Label:SkyLight SpatiallyLoaded:0 Bounds:IsValid=true, Min=(X=0.000 Y=0.000 Z=0.000), Max=(X=0.000 Y=0.000 Z=0.000) RuntimeGrid:None EditorOnly:0 RuntimeOnly:0 HLODRelevant:0
 |   |   |- [+] [  3]
 |   |   |   |- Guid:238F3BEB4B985C0732CE9CB25CA38DCC BaseClass: NativeClass:/Script/Engine.DirectionalLight Name:DirectionalLight_UAID_B00CD162E1E7606102_2079774825 Label:DirectionalLight SpatiallyLoaded:0 Bounds:IsValid=true, Min=(X=-4398046511104.000 Y=-4398046511104.000 Z=-4398046511104.000), Max=(X=4398046511104.000 Y=4398046511104.000 Z=4398046511104.000) RuntimeGrid:None EditorOnly:0 RuntimeOnly:0 HLODRelevant:0
 |   |   |- [+] [  4]
 |   |   |   |- Guid:F1924B8D48954B30891B2DB6A694F9CC BaseClass: NativeClass:/Script/Engine.StaticMeshActor Name:StaticMeshActor_1 Label:SM_Cube SpatiallyLoaded:1 Bounds:IsValid=true, Min=(X=0.000 Y=0.000 Z=-50.000), Max=(X=10000.000 Y=11666.666 Z=116.667) RuntimeGrid:None EditorOnly:0 RuntimeOnly:0 HLODRelevant:1 FolderPath:Playground FolderGuid:C73F09FC4215536B1DCE2A9E0A830C70
 |   |   |- [+] [  5]
 |   |   |   |- Guid:49856FF745B848048E7C2CB606434DCC BaseClass: NativeClass:/Script/Engine.VolumetricCloud Name:VolumetricCloud_UAID_B00CD162E1E7606102_2080454827 Label:VolumetricCloud SpatiallyLoaded:0 Bounds:IsValid=true, Min=(X=0.000 Y=0.000 Z=0.000), Max=(X=0.000 Y=0.000 Z=0.000) RuntimeGrid:None EditorOnly:0 RuntimeOnly:0 HLODRelevant:0
 |   |   |- [+] [  6]
 |   |   |   |- Guid:FDB274D8407BABB00CFC7090415FE3EC BaseClass: NativeClass:/Script/Engine.SkyAtmosphere Name:SkyAtmosphere_UAID_B00CD162E1E7606102_2080104826 Label:SkyAtmosphere SpatiallyLoaded:0 Bounds:IsValid=true, Min=(X=0.000 Y=0.000 Z=0.000), Max=(X=0.000 Y=0.000 Z=0.000) RuntimeGrid:None EditorOnly:0 RuntimeOnly:0 HLODRelevant:0
 |   |   |- [+] [  7]
 |   |   |   |- Guid:3A00AA1C422CE54C0BDB60BAF471BFBB BaseClass: NativeClass:/Script/Engine.PlayerStart Name:PlayerStart_0 Label:PlayerStart SpatiallyLoaded:0 Bounds:IsValid=true, Min=(X=860.000 Y=1070.000 Z=0.013), Max=(X=940.000 Y=1150.000 Z=184.013) RuntimeGrid:None EditorOnly:0 RuntimeOnly:0 HLODRelevant:0
 |   |   |- [+] [  8]
 |   |   |   |- Guid:6E965A9D40B55CB7E6E214A93509FB3B BaseClass: NativeClass:/Script/Engine.ExponentialHeightFog Name:ExponentialHeightFog_UAID_B00CD162E1E7606102_2080833828 Label:ExponentialHeightFog SpatiallyLoaded:0 Bounds:IsValid=true, Min=(X=0.000 Y=0.000 Z=0.000), Max=(X=0.000 Y=0.000 Z=0.000) RuntimeGrid:None EditorOnly:0 RuntimeOnly:0 HLODRelevant:0
 |   |   |- [+] [  9]
 |   |   |   |- Guid:5B53A0C04EE9568CD3441D9C01FEFA39 BaseClass: NativeClass:/Script/Engine.SkeletalMeshActor Name:SkeletalMeshActor_UAID_B00CD162E1E7C26402_2125610239 Label:Anim_Healing01 SpatiallyLoaded:1 Bounds:IsValid=true, Min=(X=473.970 Y=683.724 Z=117.511), Max=(X=542.759 Y=719.911 Z=298.155) RuntimeGrid:None EditorOnly:0 RuntimeOnly:0 HLODRelevant:0
 |   |   |- [+] [ 10]
 |   |   |   |- Guid:8B0A9236438C36CEA68C73B75C8D6242 BaseClass: NativeClass:/Script/Engine.SkeletalMeshActor Name:SkeletalMeshActor_UAID_B00CD162E1E7C26402_2135321240 Label:Anim_Healing02 SpatiallyLoaded:1 Bounds:IsValid=true, Min=(X=689.963 Y=576.727 Z=117.511), Max=(X=758.754 Y=612.919 Z=298.155) RuntimeGrid:None EditorOnly:0 RuntimeOnly:0 HLODRelevant:0
 |   |   |- [+] [ 11]
 |   |   |   |- Guid:66F8A19146DADDEE28D91DA6CBC718B1 BaseClass: NativeClass:/Script/Engine.SkeletalMeshActor Name:SkeletalMeshActor_UAID_B00CD162E1E7C26402_2138735241 Label:Anim_Healing03 SpatiallyLoaded:1 Bounds:IsValid=true, Min=(X=950.970 Y=685.724 Z=117.511), Max=(X=1019.760 Y=721.911 Z=298.155) RuntimeGrid:None EditorOnly:0 RuntimeOnly:0 HLODRelevant:0
 |   |   |- [+] [ 12]
 |   |   |   |- Guid:8AE000E54C3076E215D884BBD2EEE2A5 BaseClass: NativeClass:/Script/Engine.SkeletalMeshActor Name:SkeletalMeshActor_UAID_B00CD162E1E7C26402_2142081242 Label:Anim_Healing04 SpatiallyLoaded:1 Bounds:IsValid=true, Min=(X=1197.965 Y=576.728 Z=117.510), Max=(X=1266.755 Y=612.916 Z=298.155) RuntimeGrid:None EditorOnly:0 RuntimeOnly:0 HLODRelevant:0
 |   |   |- [+] [ 13]
 |   |   |   |- Guid:D85104764019B5A9D0D83681560A9400 BaseClass: NativeClass:/Script/Engine.SkeletalMeshActor Name:SkeletalMeshActor_UAID_B00CD162E1E7C26402_2146810243 Label:Anim_Healing05 SpatiallyLoaded:1 Bounds:IsValid=true, Min=(X=1450.239 Y=666.817 Z=117.420), Max=(X=1529.700 Y=738.643 Z=260.001) RuntimeGrid:None EditorOnly:0 RuntimeOnly:0 HLODRelevant:0
 |   |   |- [+] [ 14]
 |   |   |   |- Guid:998557224E9B06EEC430CEAC65EE77A5 BaseClass: NativeClass:/Script/Engine.SkeletalMeshActor Name:SkeletalMeshActor_UAID_B00CD162E1E7C36402_1075845420 Label:Anim_Healing06 SpatiallyLoaded:1 Bounds:IsValid=true, Min=(X=1699.293 Y=560.779 Z=117.430), Max=(X=1778.727 Y=632.645 Z=259.996) RuntimeGrid:None EditorOnly:0 RuntimeOnly:0 HLODRelevant:0
 |   |   |- [+] [ 15]
 |   |   |   |- Guid:12A7B4A741A410722EEB9E8EA020A593 BaseClass: NativeClass:/Script/Engine.SkeletalMeshActor Name:SkeletalMeshActor_UAID_B00CD162E1E7C36402_1106899422 Label:Anim_Healing07 SpatiallyLoaded:1 Bounds:IsValid=true, Min=(X=477.296 Y=1188.753 Z=111.704), Max=(X=538.360 Y=1278.975 Z=218.964) RuntimeGrid:None EditorOnly:0 RuntimeOnly:0 HLODRelevant:0
 |   |   |- [+] [ 16]
 |   |   |   |- Guid:14334BF44573F4A23634ABBFEFAF8A90 BaseClass: NativeClass:/Script/Engine.SkeletalMeshActor Name:SkeletalMeshActor_UAID_B00CD162E1E7C36402_1109690423 Label:Anim_Healing08 SpatiallyLoaded:1 Bounds:IsValid=true, Min=(X=703.635 Y=1088.754 Z=111.711), Max=(X=764.708 Y=1178.968 Z=218.968) RuntimeGrid:None EditorOnly:0 RuntimeOnly:0 HLODRelevant:0
 |   |   |- [+] [ 17]
 |   |   |   |- Guid:2BCAD4614E70CFFAFC8068A40E0AE6EC BaseClass: NativeClass:/Script/Engine.SkeletalMeshActor Name:SkeletalMeshActor_UAID_B00CD162E1E7C36402_1112086424 Label:Anim_Healing09 SpatiallyLoaded:1 Bounds:IsValid=true, Min=(X=966.127 Y=1222.118 Z=117.393), Max=(X=1025.933 Y=1276.696 Z=292.810) RuntimeGrid:None EditorOnly:0 RuntimeOnly:0 HLODRelevant:0
 |   |   |- [+] [ 18]
 |   |   |   |- Guid:08CCE1C94A8D55D4BA7ABB8C261642AB BaseClass: NativeClass:/Script/Engine.SkeletalMeshActor Name:SkeletalMeshActor_UAID_B00CD162E1E7C36402_1114572425 Label:Anim_Healing10 SpatiallyLoaded:1 Bounds:IsValid=true, Min=(X=1204.074 Y=1130.115 Z=117.390), Max=(X=1263.875 Y=1184.857 Z=292.810) RuntimeGrid:None EditorOnly:0 RuntimeOnly:0 HLODRelevant:0
 |   |   |- [+] [ 19]
 |   |   |   |- Guid:F8D6117848892EF0D89E18A7097C47E8 BaseClass: NativeClass:/Script/Engine.SkeletalMeshActor Name:SkeletalMeshActor_UAID_B00CD162E1E7C36402_1117017426 Label:Anim_Healing11 SpatiallyLoaded:1 Bounds:IsValid=true, Min=(X=1453.813 Y=1229.776 Z=117.392), Max=(X=1526.474 Y=1265.084 Z=297.313) RuntimeGrid:None EditorOnly:0 RuntimeOnly:0 HLODRelevant:0
 |   |   |- [+] [ 20]
 |   |   |   |- Guid:EC402312471AA375CE178292B4613A5C BaseClass: NativeClass:/Script/Engine.SkeletalMeshActor Name:SkeletalMeshActor_UAID_B00CD162E1E7C36402_1119234427 Label:Anim_Healing12 SpatiallyLoaded:1 Bounds:IsValid=true, Min=(X=1751.206 Y=1123.771 Z=117.389), Max=(X=1823.890 Y=1158.893 Z=297.313) RuntimeGrid:None EditorOnly:0 RuntimeOnly:0 HLODRelevant:0
 |   |   |- [+] [ 21]
 |   |   |   |- Guid:507385E746248E43092081B9C62BBB0A BaseClass: NativeClass:/Script/Engine.SkeletalMeshActor Name:SkeletalMeshActor_UAID_B00CD162E1E7C36402_1123118428 Label:Anim_Healing13 SpatiallyLoaded:1 Bounds:IsValid=true, Min=(X=461.811 Y=1661.766 Z=117.392), Max=(X=534.471 Y=1697.084 Z=297.313) RuntimeGrid:None EditorOnly:0 RuntimeOnly:0 HLODRelevant:0
 |   |   |- [+] [ 22]
 |   |   |   |- Guid:185A510A4D29AEE8C4A8E38C359696DB BaseClass: NativeClass:/Script/Engine.SkeletalMeshActor Name:SkeletalMeshActor_UAID_B00CD162E1E7C36402_1125177429 Label:Anim_Healing14 SpatiallyLoaded:1 Bounds:IsValid=true, Min=(X=664.207 Y=1569.766 Z=117.389), Max=(X=736.890 Y=1604.887 Z=297.313) RuntimeGrid:None EditorOnly:0 RuntimeOnly:0 HLODRelevant:0
 |   |   |- [+] [ 23]
 |   |   |   |- Guid:C049D026446CC334CA4B909052FAB52D BaseClass: NativeClass:/Script/Engine.SkeletalMeshActor Name:SkeletalMeshActor_UAID_B00CD162E1E7C36402_1127152430 Label:Anim_Healing15 SpatiallyLoaded:1 Bounds:IsValid=true, Min=(X=948.018 Y=1639.328 Z=111.097), Max=(X=1027.536 Y=1738.306 Z=229.063) RuntimeGrid:None EditorOnly:0 RuntimeOnly:0 HLODRelevant:0
 |   |   |- [+] [ 24]
 |   |   |   |- Guid:C1D14332470ED463F235A697BAF46CEA BaseClass: NativeClass:/Script/Engine.SkeletalMeshActor Name:SkeletalMeshActor_UAID_B00CD162E1E7C36402_1129541431 Label:Anim_Healing16 SpatiallyLoaded:1 Bounds:IsValid=true, Min=(X=1236.456 Y=1504.338 Z=111.093), Max=(X=1315.987 Y=1603.303 Z=229.062) RuntimeGrid:None EditorOnly:0 RuntimeOnly:0 HLODRelevant:0
 |   |   |- [+] [ 25]
 |   |   |   |- Guid:5AB782F1406031E4E49DCC9E6B31B6A7 BaseClass: NativeClass:/Script/Engine.TextRenderActor Name:TextRenderActor_UAID_B00CD162E1E7C36402_1230330432 Label:TextRenderActor2 SpatiallyLoaded:1 Bounds:IsValid=true, Min=(X=2585.900 Y=264.000 Z=621.013), Max=(X=2943.592 Y=264.000 Z=771.013) RuntimeGrid:None EditorOnly:0 RuntimeOnly:0 HLODRelevant:0
 |   |   |- [+] [ 26]
 |   |   |   |- Guid:74F2EF3B4226897E33E9008398008BFE BaseClass: NativeClass:/Script/Engine.SkeletalMeshActor Name:SkeletalMeshActor_UAID_B00CD162E1E7C36402_1307311433 Label:Anim_Fight01 SpatiallyLoaded:1 Bounds:IsValid=true, Min=(X=2585.518 Y=1367.486 Z=117.394), Max=(X=2669.903 Y=1427.520 Z=288.975) RuntimeGrid:None EditorOnly:0 RuntimeOnly:0 HLODRelevant:0
 |   |   |- [+] [ 27]
 |   |   |   |- Guid:DC6C8060464737B3D64F78A61BFBF354 BaseClass: NativeClass:/Script/Engine.SkeletalMeshActor Name:SkeletalMeshActor_UAID_B00CD162E1E7C36402_1316819434 Label:Anim_Fight02 SpatiallyLoaded:1 Bounds:IsValid=true, Min=(X=2776.310 Y=1371.494 Z=117.386), Max=(X=2860.482 Y=1431.521 Z=288.974) RuntimeGrid:None EditorOnly:0 RuntimeOnly:0 HLODRelevant:0
 |   |   |- [+] [ 28]
 |   |   |   |- Guid:7088D96E4906604F20BCA896002B2DF5 BaseClass: NativeClass:/Script/Engine.SkeletalMeshActor Name:SkeletalMeshActor_UAID_B00CD162E1E7C36402_1320388435 Label:Anim_Fight03 SpatiallyLoaded:1 Bounds:IsValid=true, Min=(X=3077.528 Y=1348.486 Z=117.401), Max=(X=3161.886 Y=1408.519 Z=288.975) RuntimeGrid:None EditorOnly:0 RuntimeOnly:0 HLODRelevant:0
 |   |   |- [+] [ 29]
 |   |   |   |- Guid:F60452FE489070768EA6E6887E1AD742 BaseClass: NativeClass:/Script/Engine.SkeletalMeshActor Name:SkeletalMeshActor_UAID_B00CD162E1E7C36402_1323489436 Label:Anim_Fight04 SpatiallyLoaded:1 Bounds:IsValid=true, Min=(X=3340.321 Y=1364.495 Z=117.386), Max=(X=3424.482 Y=1424.521 Z=288.976) RuntimeGrid:None EditorOnly:0 RuntimeOnly:0 HLODRelevant:0
 |   |   |- [+] [ 30]
 |   |   |   |- Guid:AC6C3F114F1CD3C76A151BAB4D4EFC86 BaseClass: NativeClass:/Script/Engine.SkeletalMeshActor Name:SkeletalMeshActor_UAID_B00CD162E1E7C36402_1327148437 Label:Anim_Fight05 SpatiallyLoaded:1 Bounds:IsValid=true, Min=(X=2583.481 Y=1040.516 Z=117.393), Max=(X=2643.514 Y=1124.902 Z=288.975) RuntimeGrid:None EditorOnly:0 RuntimeOnly:0 HLODRelevant:0
 |   |   |- [+] [ 31]
 |   |   |   |- Guid:AB54D91A4967F5FF2EE21A8D218C0663 BaseClass: NativeClass:/Script/Engine.SkeletalMeshActor Name:SkeletalMeshActor_UAID_B00CD162E1E7C36402_1328925438 Label:Anim_Fight06 SpatiallyLoaded:1 Bounds:IsValid=true, Min=(X=2789.495 Y=1039.530 Z=117.385), Max=(X=2849.521 Y=1123.691 Z=288.975) RuntimeGrid:None EditorOnly:0 RuntimeOnly:0 HLODRelevant:0
 |   |   |- [+] [ 32]
 |   |   |   |- Guid:EBB1AA2B47569C1050ABADAA24C1C3EB BaseClass: NativeClass:/Script/Engine.SkeletalMeshActor Name:SkeletalMeshActor_UAID_B00CD162E1E7C36402_1330653439 Label:Anim_Fight07 SpatiallyLoaded:1 Bounds:IsValid=true, Min=(X=3059.480 Y=1036.539 Z=117.401), Max=(X=3119.514 Y=1120.902 Z=288.975) RuntimeGrid:None EditorOnly:0 RuntimeOnly:0 HLODRelevant:0
 |   |   |- [+] [ 33]
 |   |   |   |- Guid:08A3E2034BEC3DB6CFA30E8D8BB036AB BaseClass: NativeClass:/Script/Engine.SkeletalMeshActor Name:SkeletalMeshActor_UAID_B00CD162E1E7C36402_1332269440 Label:Anim_Fight08 SpatiallyLoaded:1 Bounds:IsValid=true, Min=(X=3385.465 Y=1038.530 Z=117.385), Max=(X=3445.521 Y=1122.690 Z=288.975) RuntimeGrid:None EditorOnly:0 RuntimeOnly:0 HLODRelevant:0
 |   |   |- [+] [ 34]
 |   |   |   |- Guid:E3C7F6E64CC3EB0429F125BCEDE2C5CD BaseClass: NativeClass:/Script/Engine.SkeletalMeshActor Name:SkeletalMeshActor_UAID_B00CD162E1E7C36402_1335053441 Label:Anim_Fight09 SpatiallyLoaded:1 Bounds:IsValid=true, Min=(X=2586.482 Y=587.541 Z=117.401), Max=(X=2646.515 Y=671.902 Z=288.975) RuntimeGrid:None EditorOnly:0 RuntimeOnly:0 HLODRelevant:0
 |   |   |- [+] [ 35]
 |   |   |   |- Guid:14E4BA934259392C89F7AB9902FC9E3D BaseClass: NativeClass:/Script/Engine.SkeletalMeshActor Name:SkeletalMeshActor_UAID_B00CD162E1E7C36402_1337411442 Label:Anim_Fight10 SpatiallyLoaded:1 Bounds:IsValid=true, Min=(X=2788.469 Y=590.525 Z=117.386), Max=(X=2848.521 Y=674.690 Z=288.975) RuntimeGrid:None EditorOnly:0 RuntimeOnly:0 HLODRelevant:0
 |- ContainerInstances:
 |- [+] MainContainer:
 |   |-        ID: 0x0000000000000000
 |   |-    Bounds: IsValid=false, Min=(X=0.000 Y=0.000 Z=0.000), Max=(X=0.000 Y=0.000 Z=0.000)
 |   |- Transform: 0.000000,0.000000,0.000000|0.000000,0.000000,-0.000000|1.000000,1.000000,1.000000
 |   |- Container: /Game/ThirdPerson/Maps/ThirdPersonMap
----------------------------------------------------------------------------------------------------------------
ThirdPersonMap - Persistent Level
----------------------------------------------------------------------------------------------------------------
Always loaded Actor Count: 53 

----------------------------------------------------------------------------------------------------------------
ThirdPersonMap - Runtime Spatial Hash - Streaming Grid - MainGrid
----------------------------------------------------------------------------------------------------------------
            Origin: X=0.000 Y=0.000 Z=0.000
         Cell Size: 12800
      World Bounds: IsValid=false, Min=(X=0.000 Y=0.000 Z=0.000), Max=(X=0.000 Y=0.000 Z=0.000)
     Loading Range: 25600.00
Block Slow Loading: No
 ClientOnlyVisible: No

[+] Grid Levels: 1
 |- Level  0: Cell Count    0 | Cell Size   12800 | Actor Count    0 (0.0%)

[+] Content of Grid Level 0

