[+] Containers:
 |- [+] Container: /Game/ThirdPerson/Maps/ThirdPersonMap
 |   |- [+] ActorDescs:
 |   |   |- Guid:08A3E2034BEC3DB6CFA30E8D8BB036AB BaseClass: NativeClass:/Script/Engine.SkeletalMeshActor Name:SkeletalMeshActor_UAID_B00CD162E1E7C36402_1332269440 Label:Anim_Fight08 SpatiallyLoaded:1 Bounds:IsValid=true, Min=(X=2953.310 Y=383.465 Z=117.385), Max=(X=3037.470 Y=443.521 Z=288.975) RuntimeGrid:None EditorOnly:0 RuntimeOnly:0 HLODRelevant:0
 |   |   |- Guid:08CCE1C94A8D55D4BA7ABB8C261642AB BaseClass: NativeClass:/Script/Engine.SkeletalMeshActor Name:SkeletalMeshActor_UAID_B00CD162E1E7C36402_1114572425 Label:Anim_Healing10 SpatiallyLoaded:1 Bounds:IsValid=true, Min=(X=300.117 Y=3433.129 Z=117.391), Max=(X=354.856 Y=3492.929 Z=292.809) RuntimeGrid:None EditorOnly:0 RuntimeOnly:0 HLODRelevant:0
 |   |   |- Guid:0D93D6294EEBE1A2D4828DAA3D5068E4 BaseClass: NativeClass:/Script/Engine.SkeletalMeshActor Name:SkeletalMeshActor_UAID_B00CD162E1E7C36402_1719233447 Label:Anim_Dead01 SpatiallyLoaded:1 Bounds:IsValid=true, Min=(X=521.312 Y=17002.527 Z=117.426), Max=(X=559.418 Y=17078.945 Z=294.507) RuntimeGrid:None EditorOnly:0 RuntimeOnly:0 HLODRelevant:0
 |   |   |- Guid:12A7B4A741A410722EEB9E8EA020A593 BaseClass: NativeClass:/Script/Engine.SkeletalMeshActor Name:SkeletalMeshActor_UAID_B00CD162E1E7C36402_1106899422 Label:Anim_Healing07 SpatiallyLoaded:1 Bounds:IsValid=true, Min=(X=357.754 Y=4158.637 Z=111.713), Max=(X=447.968 Y=4219.707 Z=218.957) RuntimeGrid:None EditorOnly:0 RuntimeOnly:0 HLODRelevant:0
 |   |   |- Guid:13A6CFAD4182340EC154EB9AC74EFD82 BaseClass:/Game/ThirdPerson/Animations/Gun/BP/BP_ShotGunRight.BP_ShotGunRight_C NativeClass:/Script/Engine.Character Name:BP_ShotGunRight_C_UAID_B00CD162E1E7C56402_1188665862 Label:BP_ShotGunRight SpatiallyLoaded:1 Bounds:IsValid=true, Min=(X=8216.000 Y=332.000 Z=99.854), Max=(X=8288.591 Y=419.659 Z=280.336) RuntimeGrid:None EditorOnly:0 RuntimeOnly:0 HLODRelevant:0
 |   |   |- Guid:14334BF44573F4A23634ABBFEFAF8A90 BaseClass: NativeClass:/Script/Engine.SkeletalMeshActor Name:SkeletalMeshActor_UAID_B00CD162E1E7C36402_1109690423 Label:Anim_Healing08 SpatiallyLoaded:1 Bounds:IsValid=true, Min=(X=257.754 Y=3932.292 Z=111.711), Max=(X=347.968 Y=3993.365 Z=218.968) RuntimeGrid:None EditorOnly:0 RuntimeOnly:0 HLODRelevant:0
 |   |   |- Guid:14E4BA934259392C89F7AB9902FC9E3D BaseClass: NativeClass:/Script/Engine.SkeletalMeshActor Name:SkeletalMeshActor_UAID_B00CD162E1E7C36402_1337411442 Label:Anim_Fight10 SpatiallyLoaded:1 Bounds:IsValid=true, Min=(X=3536.310 Y=375.469 Z=117.386), Max=(X=3620.475 Y=435.521 Z=288.975) RuntimeGrid:None EditorOnly:0 RuntimeOnly:0 HLODRelevant:0
 |   |   |- Guid:185A510A4D29AEE8C4A8E38C359696DB BaseClass: NativeClass:/Script/Engine.SkeletalMeshActor Name:SkeletalMeshActor_UAID_B00CD162E1E7C36402_1125177429 Label:Anim_Healing14 SpatiallyLoaded:1 Bounds:IsValid=true, Min=(X=307.766 Y=2261.110 Z=117.389), Max=(X=342.887 Y=2333.793 Z=297.313) RuntimeGrid:None EditorOnly:0 RuntimeOnly:0 HLODRelevant:0
 |   |   |- Guid:1A41BAC64E6B4E93A2B4B887157774B6 BaseClass:/Game/ThirdPerson/Animations/Gun/BP/BP_Gun01Right2.BP_Gun01Right2_C NativeClass:/Script/Engine.Character Name:BP_Gun01Right2_C_UAID_B00CD162E1E7C46402_1896856676 Label:BP_Gun01Right2 SpatiallyLoaded:1 Bounds:IsValid=true, Min=(X=5799.000 Y=385.000 Z=116.521), Max=(X=5871.591 Y=455.000 Z=297.003) RuntimeGrid:None EditorOnly:0 RuntimeOnly:0 HLODRelevant:0
 |   |   |- Guid:1DB57FC0421A98E81CEA13BEE60AFF27 BaseClass:/Game/ThirdPerson/Animations/Gun/BP/BP_ShotGunRight1.BP_ShotGunRight1_C NativeClass:/Script/Engine.Character Name:BP_ShotGunRight1_C_UAID_B00CD162E1E7C56402_1197727864 Label:BP_ShotGunRight1 SpatiallyLoaded:1 Bounds:IsValid=true, Min=(X=8730.000 Y=319.000 Z=99.854), Max=(X=8802.591 Y=406.659 Z=280.336) RuntimeGrid:None EditorOnly:0 RuntimeOnly:0 HLODRelevant:0
 |   |   |- Guid:1EBEA94147007FD799A6D4BC79F16434 BaseClass:/Game/ThirdPerson/Animations/Gun/BP/BP_GunLeft.BP_GunLeft_C NativeClass:/Script/Engine.Character Name:BP_GunLeft_C_UAID_B00CD162E1E7C46402_1878262674 Label:BP_GunLeft SpatiallyLoaded:1 Bounds:IsValid=true, Min=(X=5033.409 Y=412.000 Z=116.521), Max=(X=5106.000 Y=482.000 Z=297.003) RuntimeGrid:None EditorOnly:0 RuntimeOnly:0 HLODRelevant:0
 |   |   |- Guid:238F3BEB4B985C0732CE9CB25CA38DCC BaseClass: NativeClass:/Script/Engine.DirectionalLight Name:DirectionalLight_UAID_B00CD162E1E7606102_2079774825 Label:DirectionalLight SpatiallyLoaded:0 Bounds:IsValid=true, Min=(X=-4398046511104.000 Y=-4398046511104.000 Z=-4398046511104.000), Max=(X=4398046511104.000 Y=4398046511104.000 Z=4398046511104.000) RuntimeGrid:None EditorOnly:0 RuntimeOnly:0 HLODRelevant:0
 |   |   |- Guid:24FEB1374A07BDABF27F528E2333B4A0 BaseClass: NativeClass:/Script/Engine.TextRenderActor Name:TextRenderActor_UAID_B00CD162E1E7C46402_1657920671 Label:TextRenderActor13 SpatiallyLoaded:1 Bounds:IsValid=true, Min=(X=4966.900 Y=265.000 Z=303.013), Max=(X=5232.285 Y=265.000 Z=453.013) RuntimeGrid:None EditorOnly:0 RuntimeOnly:0 HLODRelevant:0
 |   |   |- Guid:2BCAD4614E70CFFAFC8068A40E0AE6EC BaseClass: NativeClass:/Script/Engine.SkeletalMeshActor Name:SkeletalMeshActor_UAID_B00CD162E1E7C36402_1112086424 Label:Anim_Healing09 SpatiallyLoaded:1 Bounds:IsValid=true, Min=(X=392.119 Y=3671.071 Z=117.393), Max=(X=446.698 Y=3730.871 Z=292.809) RuntimeGrid:None EditorOnly:0 RuntimeOnly:0 HLODRelevant:0
 |   |   |- Guid:2E750C50489B3E02AA11F9B27DE92115 BaseClass: NativeClass:/Script/Engine.TextRenderActor Name:TextRenderActor_UAID_B00CD162E1E7C56402_1086047861 Label:TextRenderActor15 SpatiallyLoaded:1 Bounds:IsValid=true, Min=(X=8248.900 Y=267.000 Z=303.013), Max=(X=8877.746 Y=267.000 Z=453.013) RuntimeGrid:None EditorOnly:0 RuntimeOnly:0 HLODRelevant:0
 |   |   |- Guid:35DE8170471424E9990A28A5DCC29166 BaseClass:/Game/ThirdPerson/Animations/Gun/BP/BP_MagnumRight2.BP_MagnumRight2_C NativeClass:/Script/Engine.Character Name:BP_MagnumRight2_C_UAID_B00CD162E1E7C56402_1387852873 Label:BP_MagnumRight2 SpatiallyLoaded:1 Bounds:IsValid=true, Min=(X=10897.000 Y=283.000 Z=99.854), Max=(X=10969.591 Y=353.000 Z=280.336) RuntimeGrid:None EditorOnly:0 RuntimeOnly:0 HLODRelevant:0
 |   |   |- Guid:367A1DEE4D9C3632F27F628CBB1B4036 BaseClass:/Game/ThirdPerson/Animations/Gun/BP/BP_MagnumRight.BP_MagnumRight_C NativeClass:/Script/Engine.Character Name:BP_MagnumRight_C_UAID_B00CD162E1E7C56402_1358228870 Label:BP_MagnumRight SpatiallyLoaded:1 Bounds:IsValid=true, Min=(X=9959.000 Y=297.000 Z=99.854), Max=(X=10031.591 Y=367.000 Z=280.336) RuntimeGrid:None EditorOnly:0 RuntimeOnly:0 HLODRelevant:0
 |   |   |- Guid:387F63BD42D54B26A7F6ACBA9CC3F14F BaseClass:/Game/ThirdPerson/Animations/Gun/BP/BP_MagnumRight1.BP_MagnumRight1_C NativeClass:/Script/Engine.Character Name:BP_MagnumRight1_C_UAID_B00CD162E1E7C56402_1375007871 Label:BP_MagnumRight1 SpatiallyLoaded:1 Bounds:IsValid=true, Min=(X=10406.000 Y=289.000 Z=99.854), Max=(X=10478.591 Y=359.000 Z=280.336) RuntimeGrid:None EditorOnly:0 RuntimeOnly:0 HLODRelevant:0
 |   |   |- Guid:3A00AA1C422CE54C0BDB60BAF471BFBB BaseClass: NativeClass:/Script/Engine.PlayerStart Name:PlayerStart_0 Label:PlayerStart SpatiallyLoaded:0 Bounds:IsValid=true, Min=(X=860.000 Y=1070.000 Z=0.013), Max=(X=940.000 Y=1150.000 Z=184.013) RuntimeGrid:None EditorOnly:0 RuntimeOnly:0 HLODRelevant:0
 |   |   |- Guid:4326FAF242D8278D84A995BF5FF8553C BaseClass: NativeClass:/Script/Engine.TextRenderActor Name:TextRenderActor_UAID_B00CD162E1E7C46402_1601928670 Label:TextRenderActor12 SpatiallyLoaded:1 Bounds:IsValid=true, Min=(X=7226.900 Y=265.000 Z=780.013), Max=(X=8819.208 Y=265.000 Z=1230.013) RuntimeGrid:None EditorOnly:0 RuntimeOnly:0 HLODRelevant:0
 |   |   |- Guid:45B494AD438773930F150E969D6C9E5C BaseClass:/Game/ThirdPerson/Animations/Gun/BP/BP_Gun01Right.BP_Gun01Right_C NativeClass:/Script/Engine.Character Name:BP_Gun01Right_C_UAID_B00CD162E1E7C46402_1858750672 Label:BP_Gun01Right SpatiallyLoaded:1 Bounds:IsValid=true, Min=(X=4778.000 Y=428.000 Z=116.521), Max=(X=4850.591 Y=498.000 Z=297.003) RuntimeGrid:None EditorOnly:0 RuntimeOnly:0 HLODRelevant:0
 |   |   |- Guid:495492A445687092BE6ADCB00D3DD94A BaseClass:/Game/ThirdPerson/Animations/Gun/BP/BP_MachineGunRight.BP_MachineGunRight_C NativeClass:/Script/Engine.Character Name:BP_MachineGunRight_C_UAID_B00CD162E1E7C46402_2032134679 Label:BP_MachineGunRight SpatiallyLoaded:1 Bounds:IsValid=true, Min=(X=6481.000 Y=381.000 Z=116.521), Max=(X=6553.591 Y=451.000 Z=297.003) RuntimeGrid:None EditorOnly:0 RuntimeOnly:0 HLODRelevant:0
 |   |   |- Guid:49856FF745B848048E7C2CB606434DCC BaseClass: NativeClass:/Script/Engine.VolumetricCloud Name:VolumetricCloud_UAID_B00CD162E1E7606102_2080454827 Label:VolumetricCloud SpatiallyLoaded:0 Bounds:IsValid=true, Min=(X=0.000 Y=0.000 Z=0.000), Max=(X=0.000 Y=0.000 Z=0.000) RuntimeGrid:None EditorOnly:0 RuntimeOnly:0 HLODRelevant:0
 |   |   |- Guid:4C421E0F486EFB093547E19796E8F6DE BaseClass:/Game/ThirdPerson/Animations/Gun/BP/BP_MagnumLeft1.BP_MagnumLeft1_C NativeClass:/Script/Engine.Character Name:BP_MagnumLeft1_C_UAID_B00CD162E1E7C56402_1378202872 Label:BP_MagnumLeft1 SpatiallyLoaded:1 Bounds:IsValid=true, Min=(X=10649.409 Y=288.000 Z=99.854), Max=(X=10722.000 Y=358.000 Z=280.336) RuntimeGrid:None EditorOnly:0 RuntimeOnly:0 HLODRelevant:0
 |   |   |- Guid:4D8E533642F20AAF47E007860E731B12 BaseClass:/Game/ThirdPerson/Animations/Gun/BP/BP_ShotGunLeft.BP_ShotGunLeft_C NativeClass:/Script/Engine.Character Name:BP_ShotGunLeft_C_UAID_B00CD162E1E7C56402_1191766863 Label:BP_ShotGunLeft SpatiallyLoaded:1 Bounds:IsValid=true, Min=(X=8464.602 Y=320.000 Z=99.854), Max=(X=8551.000 Y=390.615 Z=280.336) RuntimeGrid:None EditorOnly:0 RuntimeOnly:0 HLODRelevant:0
 |   |   |- Guid:507385E746248E43092081B9C62BBB0A BaseClass: NativeClass:/Script/Engine.SkeletalMeshActor Name:SkeletalMeshActor_UAID_B00CD162E1E7C36402_1123118428 Label:Anim_Healing13 SpatiallyLoaded:1 Bounds:IsValid=true, Min=(X=399.768 Y=2463.540 Z=117.392), Max=(X=435.090 Y=2536.191 Z=297.313) RuntimeGrid:None EditorOnly:0 RuntimeOnly:0 HLODRelevant:0
 |   |   |- Guid:5AB782F1406031E4E49DCC9E6B31B6A7 BaseClass: NativeClass:/Script/Engine.TextRenderActor Name:TextRenderActor_UAID_B00CD162E1E7C36402_1230330432 Label:TextRenderActor2 SpatiallyLoaded:1 Bounds:IsValid=true, Min=(X=1819.900 Y=264.000 Z=884.013), Max=(X=2892.977 Y=264.000 Z=1334.013) RuntimeGrid:None EditorOnly:0 RuntimeOnly:0 HLODRelevant:0
 |   |   |- Guid:5B53A0C04EE9568CD3441D9C01FEFA39 BaseClass: NativeClass:/Script/Engine.SkeletalMeshActor Name:SkeletalMeshActor_UAID_B00CD162E1E7C26402_2125610239 Label:Anim_Healing01 SpatiallyLoaded:1 Bounds:IsValid=true, Min=(X=401.725 Y=5605.243 Z=117.513), Max=(X=437.917 Y=5674.025 Z=298.155) RuntimeGrid:None EditorOnly:0 RuntimeOnly:0 HLODRelevant:0
 |   |   |- Guid:5D88941043D69120E519DCB78D93F81F BaseClass:/Game/ThirdPerson/Animations/Gun/BP/BP_MachineGunRight2.BP_MachineGunRight2_C NativeClass:/Script/Engine.Character Name:BP_MachineGunRight2_C_UAID_B00CD162E1E7C46402_2061675683 Label:BP_MachineGunRight2 SpatiallyLoaded:1 Bounds:IsValid=true, Min=(X=7449.000 Y=352.000 Z=116.521), Max=(X=7521.591 Y=422.000 Z=297.003) RuntimeGrid:None EditorOnly:0 RuntimeOnly:0 HLODRelevant:0
 |   |   |- Guid:66DCCA394A60F8BC5F0522A5D0A5D732 BaseClass:/Game/ThirdPerson/Animations/Gun/BP/BP_ShotGunRight2.BP_ShotGunRight2_C NativeClass:/Script/Engine.Character Name:BP_ShotGunRight2_C_UAID_B00CD162E1E7C56402_1210578866 Label:BP_ShotGunRight2 SpatiallyLoaded:1 Bounds:IsValid=true, Min=(X=9227.000 Y=301.000 Z=99.854), Max=(X=9299.591 Y=388.659 Z=280.336) RuntimeGrid:None EditorOnly:0 RuntimeOnly:0 HLODRelevant:0
 |   |   |- Guid:66F8A19146DADDEE28D91DA6CBC718B1 BaseClass: NativeClass:/Script/Engine.SkeletalMeshActor Name:SkeletalMeshActor_UAID_B00CD162E1E7C26402_2138735241 Label:Anim_Healing03 SpatiallyLoaded:1 Bounds:IsValid=true, Min=(X=403.724 Y=5128.240 Z=117.511), Max=(X=439.911 Y=5197.030 Z=298.155) RuntimeGrid:None EditorOnly:0 RuntimeOnly:0 HLODRelevant:0
 |   |   |- Guid:6BAF4DDD444C60371492D3919DB42C97 BaseClass: NativeClass:/Script/Engine.WorldDataLayers Name:WorldDataLayers Label:WorldDataLayers SpatiallyLoaded:0 Bounds:IsValid=true, Min=(X=0.000 Y=0.000 Z=0.000), Max=(X=0.000 Y=0.000 Z=0.000) RuntimeGrid:None EditorOnly:0 RuntimeOnly:0 HLODRelevant:0
 |   |   |- Guid:6E965A9D40B55CB7E6E214A93509FB3B BaseClass: NativeClass:/Script/Engine.ExponentialHeightFog Name:ExponentialHeightFog_UAID_B00CD162E1E7606102_2080833828 Label:ExponentialHeightFog SpatiallyLoaded:0 Bounds:IsValid=true, Min=(X=0.000 Y=0.000 Z=0.000), Max=(X=0.000 Y=0.000 Z=0.000) RuntimeGrid:None EditorOnly:0 RuntimeOnly:0 HLODRelevant:0
 |   |   |- Guid:7088D96E4906604F20BCA896002B2DF5 BaseClass: NativeClass:/Script/Engine.SkeletalMeshActor Name:SkeletalMeshActor_UAID_B00CD162E1E7C36402_1320388435 Label:Anim_Fight03 SpatiallyLoaded:1 Bounds:IsValid=true, Min=(X=1543.518 Y=363.482 Z=117.393), Max=(X=1627.909 Y=423.519 Z=288.974) RuntimeGrid:None EditorOnly:0 RuntimeOnly:0 HLODRelevant:0
 |   |   |- Guid:74F2EF3B4226897E33E9008398008BFE BaseClass: NativeClass:/Script/Engine.SkeletalMeshActor Name:SkeletalMeshActor_UAID_B00CD162E1E7C36402_1307311433 Label:Anim_Fight01 SpatiallyLoaded:1 Bounds:IsValid=true, Min=(X=1051.518 Y=382.486 Z=117.394), Max=(X=1135.903 Y=442.520 Z=288.975) RuntimeGrid:None EditorOnly:0 RuntimeOnly:0 HLODRelevant:0
 |   |   |- Guid:7D0713CD450374B1100516B8F65D9A91 BaseClass: NativeClass:/Script/Engine.TextRenderActor Name:TextRenderActor_UAID_B00CD162E1E7C56402_1241983868 Label:TextRenderActor16 SpatiallyLoaded:1 Bounds:IsValid=true, Min=(X=9983.900 Y=268.000 Z=303.013), Max=(X=10549.285 Y=268.000 Z=453.013) RuntimeGrid:None EditorOnly:0 RuntimeOnly:0 HLODRelevant:0
 |   |   |- Guid:87B0C6384DACCEB2B4BF918CF23CEF73 BaseClass: NativeClass:/Script/Engine.SkyLight Name:SkyLight_UAID_B00CD162E1E7606102_2079436824 Label:SkyLight SpatiallyLoaded:0 Bounds:IsValid=true, Min=(X=0.000 Y=0.000 Z=0.000), Max=(X=0.000 Y=0.000 Z=0.000) RuntimeGrid:None EditorOnly:0 RuntimeOnly:0 HLODRelevant:0
 |   |   |- Guid:8AE000E54C3076E215D884BBD2EEE2A5 BaseClass: NativeClass:/Script/Engine.SkeletalMeshActor Name:SkeletalMeshActor_UAID_B00CD162E1E7C26402_2142081242 Label:Anim_Healing04 SpatiallyLoaded:1 Bounds:IsValid=true, Min=(X=294.728 Y=4881.245 Z=117.510), Max=(X=330.916 Y=4950.035 Z=298.155) RuntimeGrid:None EditorOnly:0 RuntimeOnly:0 HLODRelevant:0
 |   |   |- Guid:8B0A9236438C36CEA68C73B75C8D6242 BaseClass: NativeClass:/Script/Engine.SkeletalMeshActor Name:SkeletalMeshActor_UAID_B00CD162E1E7C26402_2135321240 Label:Anim_Healing02 SpatiallyLoaded:1 Bounds:IsValid=true, Min=(X=294.727 Y=5389.246 Z=117.511), Max=(X=330.919 Y=5458.037 Z=298.155) RuntimeGrid:None EditorOnly:0 RuntimeOnly:0 HLODRelevant:0
 |   |   |- Guid:998557224E9B06EEC430CEAC65EE77A5 BaseClass: NativeClass:/Script/Engine.SkeletalMeshActor Name:SkeletalMeshActor_UAID_B00CD162E1E7C36402_1075845420 Label:Anim_Healing06 SpatiallyLoaded:1 Bounds:IsValid=true, Min=(X=278.779 Y=4369.273 Z=117.430), Max=(X=350.645 Y=4448.707 Z=259.996) RuntimeGrid:None EditorOnly:0 RuntimeOnly:0 HLODRelevant:0
 |   |   |- Guid:A617956B411EAFFECEB4069E36A224B2 BaseClass:/Game/ThirdPerson/Animations/Gun/BP/BP_MachineGunLeft.BP_MachineGunLeft_C NativeClass:/Script/Engine.Character Name:BP_MachineGunLeft_C_UAID_B00CD162E1E7C46402_2037752680 Label:BP_MachineGunLeft SpatiallyLoaded:1 Bounds:IsValid=true, Min=(X=6719.409 Y=367.000 Z=116.521), Max=(X=6792.000 Y=437.000 Z=297.003) RuntimeGrid:None EditorOnly:0 RuntimeOnly:0 HLODRelevant:0
 |   |   |- Guid:AB54D91A4967F5FF2EE21A8D218C0663 BaseClass: NativeClass:/Script/Engine.SkeletalMeshActor Name:SkeletalMeshActor_UAID_B00CD162E1E7C36402_1328925438 Label:Anim_Fight06 SpatiallyLoaded:1 Bounds:IsValid=true, Min=(X=2386.309 Y=384.495 Z=117.385), Max=(X=2470.470 Y=444.521 Z=288.975) RuntimeGrid:None EditorOnly:0 RuntimeOnly:0 HLODRelevant:0
 |   |   |- Guid:AC6C3F114F1CD3C76A151BAB4D4EFC86 BaseClass: NativeClass:/Script/Engine.SkeletalMeshActor Name:SkeletalMeshActor_UAID_B00CD162E1E7C36402_1327148437 Label:Anim_Fight05 SpatiallyLoaded:1 Bounds:IsValid=true, Min=(X=2092.518 Y=385.482 Z=117.393), Max=(X=2176.909 Y=445.519 Z=288.974) RuntimeGrid:None EditorOnly:0 RuntimeOnly:0 HLODRelevant:0
 |   |   |- Guid:B2C487B647959B914C08C09E32ABE15C BaseClass: NativeClass:/Script/Engine.AmbientSound Name:AmbientSound_UAID_B00CD162E1E7116502_1671590249 Label:Hanging-Out-Bruno-E__Cue SpatiallyLoaded:1 Bounds:IsValid=true, Min=(X=9861.000 Y=10648.000 Z=100.000), Max=(X=9861.000 Y=10648.000 Z=100.000) RuntimeGrid:None EditorOnly:0 RuntimeOnly:0 HLODRelevant:0
 |   |   |- Guid:BE10DFF74C680B3F073E47A5E52ADF50 BaseClass:/Game/ThirdPerson/Animations/Gun/BP/BP_ShotGunLeft1.BP_ShotGunLeft1_C NativeClass:/Script/Engine.Character Name:BP_ShotGunLeft1_C_UAID_B00CD162E1E7C56402_1201544865 Label:BP_ShotGunLeft1 SpatiallyLoaded:1 Bounds:IsValid=true, Min=(X=8956.602 Y=306.000 Z=99.854), Max=(X=9043.000 Y=376.615 Z=280.336) RuntimeGrid:None EditorOnly:0 RuntimeOnly:0 HLODRelevant:0
 |   |   |- Guid:C049D026446CC334CA4B909052FAB52D BaseClass: NativeClass:/Script/Engine.SkeletalMeshActor Name:SkeletalMeshActor_UAID_B00CD162E1E7C36402_1127152430 Label:Anim_Healing15 SpatiallyLoaded:1 Bounds:IsValid=true, Min=(X=377.328 Y=1970.464 Z=111.097), Max=(X=476.306 Y=2049.982 Z=229.063) RuntimeGrid:None EditorOnly:0 RuntimeOnly:0 HLODRelevant:0
 |   |   |- Guid:C1D14332470ED463F235A697BAF46CEA BaseClass: NativeClass:/Script/Engine.SkeletalMeshActor Name:SkeletalMeshActor_UAID_B00CD162E1E7C36402_1129541431 Label:Anim_Healing16 SpatiallyLoaded:1 Bounds:IsValid=true, Min=(X=242.338 Y=1682.013 Z=111.093), Max=(X=341.303 Y=1761.544 Z=229.062) RuntimeGrid:None EditorOnly:0 RuntimeOnly:0 HLODRelevant:0
 |   |   |- Guid:C1F22DED4B378365808783B4E99BF68A BaseClass:/Game/ThirdPerson/Animations/Gun/BP/BP_MachineGunLeft1.BP_MachineGunLeft1_C NativeClass:/Script/Engine.Character Name:BP_MachineGunLeft1_C_UAID_B00CD162E1E7C46402_2049292682 Label:BP_MachineGunLeft1 SpatiallyLoaded:1 Bounds:IsValid=true, Min=(X=7205.409 Y=355.000 Z=116.521), Max=(X=7278.000 Y=425.000 Z=297.003) RuntimeGrid:None EditorOnly:0 RuntimeOnly:0 HLODRelevant:0
 |   |   |- Guid:C47B4542485BCD2E7651FF8FC3091A71 BaseClass: NativeClass:/Script/Engine.TextRenderActor Name:TextRenderActor_UAID_B00CD162E1E7C46402_1937835678 Label:TextRenderActor14 SpatiallyLoaded:1 Bounds:IsValid=true, Min=(X=6503.900 Y=266.000 Z=303.013), Max=(X=7369.285 Y=266.000 Z=453.013) RuntimeGrid:None EditorOnly:0 RuntimeOnly:0 HLODRelevant:0
 |   |   |- Guid:D85104764019B5A9D0D83681560A9400 BaseClass: NativeClass:/Script/Engine.SkeletalMeshActor Name:SkeletalMeshActor_UAID_B00CD162E1E7C26402_2146810243 Label:Anim_Healing05 SpatiallyLoaded:1 Bounds:IsValid=true, Min=(X=384.819 Y=4618.293 Z=117.426), Max=(X=456.644 Y=4697.755 Z=259.990) RuntimeGrid:None EditorOnly:0 RuntimeOnly:0 HLODRelevant:0
 |   |   |- Guid:DC6C8060464737B3D64F78A61BFBF354 BaseClass: NativeClass:/Script/Engine.SkeletalMeshActor Name:SkeletalMeshActor_UAID_B00CD162E1E7C36402_1316819434 Label:Anim_Fight02 SpatiallyLoaded:1 Bounds:IsValid=true, Min=(X=1242.300 Y=386.484 Z=117.391), Max=(X=1326.483 Y=446.519 Z=288.974) RuntimeGrid:None EditorOnly:0 RuntimeOnly:0 HLODRelevant:0
 |   |   |- Guid:DD0BA6084659155B83FEE29273D8F865 BaseClass:/Game/ThirdPerson/Animations/Gun/BP/BP_GunLeft1.BP_GunLeft1_C NativeClass:/Script/Engine.Character Name:BP_GunLeft1_C_UAID_B00CD162E1E7C46402_1888713675 Label:BP_GunLeft1 SpatiallyLoaded:1 Bounds:IsValid=true, Min=(X=5577.409 Y=411.000 Z=116.521), Max=(X=5650.000 Y=481.000 Z=297.003) RuntimeGrid:None EditorOnly:0 RuntimeOnly:0 HLODRelevant:0
 |   |   |- Guid:DD461A0B47B5DA3E0D4FF89D748AD1A1 BaseClass:/Game/ThirdPerson/Animations/Gun/BP/BP_MagnumLeft.BP_MagnumLeft_C NativeClass:/Script/Engine.Character Name:BP_MagnumLeft_C_UAID_B00CD162E1E7C56402_1347978869 Label:BP_MagnumLeft SpatiallyLoaded:1 Bounds:IsValid=true, Min=(X=10182.409 Y=301.000 Z=99.854), Max=(X=10255.000 Y=371.000 Z=280.336) RuntimeGrid:None EditorOnly:0 RuntimeOnly:0 HLODRelevant:0
 |   |   |- Guid:E3C7F6E64CC3EB0429F125BCEDE2C5CD BaseClass: NativeClass:/Script/Engine.SkeletalMeshActor Name:SkeletalMeshActor_UAID_B00CD162E1E7C36402_1335053441 Label:Anim_Fight09 SpatiallyLoaded:1 Bounds:IsValid=true, Min=(X=3187.518 Y=372.482 Z=117.393), Max=(X=3271.909 Y=432.519 Z=288.974) RuntimeGrid:None EditorOnly:0 RuntimeOnly:0 HLODRelevant:0
 |   |   |- Guid:E74A115A4995628AC2997B8EAD51FE58 BaseClass:/Game/ThirdPerson/Animations/Gun/BP/BP_MagnumLeft2.BP_MagnumLeft2_C NativeClass:/Script/Engine.Character Name:BP_MagnumLeft2_C_UAID_B00CD162E1E7C56402_1391164874 Label:BP_MagnumLeft2 SpatiallyLoaded:1 Bounds:IsValid=true, Min=(X=11135.409 Y=285.000 Z=99.854), Max=(X=11208.000 Y=355.000 Z=280.336) RuntimeGrid:None EditorOnly:0 RuntimeOnly:0 HLODRelevant:0
 |   |   |- Guid:EB714A434CFB591D959C87B348CABFD5 BaseClass:/Game/ThirdPerson/Animations/Gun/BP/BP_MachineGunRight1.BP_MachineGunRight1_C NativeClass:/Script/Engine.Character Name:BP_MachineGunRight1_C_UAID_B00CD162E1E7C46402_2045814681 Label:BP_MachineGunRight1 SpatiallyLoaded:1 Bounds:IsValid=true, Min=(X=6972.000 Y=356.000 Z=116.521), Max=(X=7044.591 Y=426.000 Z=297.003) RuntimeGrid:None EditorOnly:0 RuntimeOnly:0 HLODRelevant:0
 |   |   |- Guid:EBB1AA2B47569C1050ABADAA24C1C3EB BaseClass: NativeClass:/Script/Engine.SkeletalMeshActor Name:SkeletalMeshActor_UAID_B00CD162E1E7C36402_1330653439 Label:Anim_Fight07 SpatiallyLoaded:1 Bounds:IsValid=true, Min=(X=2583.539 Y=381.486 Z=117.401), Max=(X=2667.902 Y=441.520 Z=288.975) RuntimeGrid:None EditorOnly:0 RuntimeOnly:0 HLODRelevant:0
 |   |   |- Guid:EC402312471AA375CE178292B4613A5C BaseClass: NativeClass:/Script/Engine.SkeletalMeshActor Name:SkeletalMeshActor_UAID_B00CD162E1E7C36402_1119234427 Label:Anim_Healing12 SpatiallyLoaded:1 Bounds:IsValid=true, Min=(X=293.767 Y=2873.111 Z=117.390), Max=(X=328.889 Y=2945.789 Z=297.312) RuntimeGrid:None EditorOnly:0 RuntimeOnly:0 HLODRelevant:0
 |   |   |- Guid:EFC003B54CC17C7AE555E8A5EC61EE46 BaseClass:/Game/ThirdPerson/Animations/Gun/BP/BP_MachineGunLeft2.BP_MachineGunLeft2_C NativeClass:/Script/Engine.Character Name:BP_MachineGunLeft2_C_UAID_B00CD162E1E7C46402_2064775684 Label:BP_MachineGunLeft2 SpatiallyLoaded:1 Bounds:IsValid=true, Min=(X=7714.409 Y=350.000 Z=116.521), Max=(X=7787.000 Y=420.000 Z=297.003) RuntimeGrid:None EditorOnly:0 RuntimeOnly:0 HLODRelevant:0
 |   |   |- Guid:F02D0D544FAB1474E6AE6A8DA87A2D08 BaseClass:/Game/ThirdPerson/Animations/Gun/BP/BP_ShotGunLeft2.BP_ShotGunLeft2_C NativeClass:/Script/Engine.Character Name:BP_ShotGunLeft2_C_UAID_B00CD162E1E7C56402_1212864867 Label:BP_ShotGunLeft2 SpatiallyLoaded:1 Bounds:IsValid=true, Min=(X=9465.602 Y=308.000 Z=99.854), Max=(X=9552.000 Y=378.615 Z=280.336) RuntimeGrid:None EditorOnly:0 RuntimeOnly:0 HLODRelevant:0
 |   |   |- Guid:F1924B8D48954B30891B2DB6A694F9CC BaseClass: NativeClass:/Script/Engine.StaticMeshActor Name:StaticMeshActor_1 Label:SM_Cube SpatiallyLoaded:1 Bounds:IsValid=true, Min=(X=0.000 Y=0.000 Z=-50.000), Max=(X=14000.000 Y=18000.000 Z=100.000) RuntimeGrid:None EditorOnly:0 RuntimeOnly:0 HLODRelevant:1 FolderPath:Playground FolderGuid:C73F09FC4215536B1DCE2A9E0A830C70
 |   |   |- Guid:F27B4EF44DEC935EA905C2BFEA3C23E5 BaseClass:/Game/ThirdPerson/Animations/Gun/BP/BP_Gun01Right1.BP_Gun01Right1_C NativeClass:/Script/Engine.Character Name:BP_Gun01Right1_C_UAID_B00CD162E1E7C46402_1875429673 Label:BP_Gun01Right1 SpatiallyLoaded:1 Bounds:IsValid=true, Min=(X=5306.000 Y=431.000 Z=116.521), Max=(X=5378.591 Y=501.000 Z=297.003) RuntimeGrid:None EditorOnly:0 RuntimeOnly:0 HLODRelevant:0
 |   |   |- Guid:F60452FE489070768EA6E6887E1AD742 BaseClass: NativeClass:/Script/Engine.SkeletalMeshActor Name:SkeletalMeshActor_UAID_B00CD162E1E7C36402_1323489436 Label:Anim_Fight04 SpatiallyLoaded:1 Bounds:IsValid=true, Min=(X=1806.300 Y=379.484 Z=117.391), Max=(X=1890.483 Y=439.519 Z=288.974) RuntimeGrid:None EditorOnly:0 RuntimeOnly:0 HLODRelevant:0
 |   |   |- Guid:F8D6117848892EF0D89E18A7097C47E8 BaseClass: NativeClass:/Script/Engine.SkeletalMeshActor Name:SkeletalMeshActor_UAID_B00CD162E1E7C36402_1117017426 Label:Anim_Healing11 SpatiallyLoaded:1 Bounds:IsValid=true, Min=(X=399.768 Y=3170.540 Z=117.392), Max=(X=435.090 Y=3243.191 Z=297.313) RuntimeGrid:None EditorOnly:0 RuntimeOnly:0 HLODRelevant:0
 |   |   |- Guid:FD48A55D44647A734D4AEB880835B4A6 BaseClass:/Game/ThirdPerson/Animations/Gun/BP/BP_GunLeft2.BP_GunLeft2_C NativeClass:/Script/Engine.Character Name:BP_GunLeft2_C_UAID_B00CD162E1E7C46402_1899985677 Label:BP_GunLeft2 SpatiallyLoaded:1 Bounds:IsValid=true, Min=(X=6043.409 Y=390.000 Z=116.521), Max=(X=6116.000 Y=460.000 Z=297.003) RuntimeGrid:None EditorOnly:0 RuntimeOnly:0 HLODRelevant:0
 |   |   |- Guid:FDB274D8407BABB00CFC7090415FE3EC BaseClass: NativeClass:/Script/Engine.SkyAtmosphere Name:SkyAtmosphere_UAID_B00CD162E1E7606102_2080104826 Label:SkyAtmosphere SpatiallyLoaded:0 Bounds:IsValid=true, Min=(X=0.000 Y=0.000 Z=0.000), Max=(X=0.000 Y=0.000 Z=0.000) RuntimeGrid:None EditorOnly:0 RuntimeOnly:0 HLODRelevant:0
 |   |- [+] Clusters:
 |   |   |- [+] [  0]
 |   |   |   |- Guid:24FEB1374A07BDABF27F528E2333B4A0 BaseClass: NativeClass:/Script/Engine.TextRenderActor Name:TextRenderActor_UAID_B00CD162E1E7C46402_1657920671 Label:TextRenderActor13 SpatiallyLoaded:1 Bounds:IsValid=true, Min=(X=4966.900 Y=265.000 Z=303.013), Max=(X=5232.285 Y=265.000 Z=453.013) RuntimeGrid:None EditorOnly:0 RuntimeOnly:0 HLODRelevant:0
 |   |   |- [+] [  1]
 |   |   |   |- Guid:6BAF4DDD444C60371492D3919DB42C97 BaseClass: NativeClass:/Script/Engine.WorldDataLayers Name:WorldDataLayers Label:WorldDataLayers SpatiallyLoaded:0 Bounds:IsValid=true, Min=(X=0.000 Y=0.000 Z=0.000), Max=(X=0.000 Y=0.000 Z=0.000) RuntimeGrid:None EditorOnly:0 RuntimeOnly:0 HLODRelevant:0
 |   |   |- [+] [  2]
 |   |   |   |- Guid:998557224E9B06EEC430CEAC65EE77A5 BaseClass: NativeClass:/Script/Engine.SkeletalMeshActor Name:SkeletalMeshActor_UAID_B00CD162E1E7C36402_1075845420 Label:Anim_Healing06 SpatiallyLoaded:1 Bounds:IsValid=true, Min=(X=278.779 Y=4369.273 Z=117.430), Max=(X=350.645 Y=4448.707 Z=259.996) RuntimeGrid:None EditorOnly:0 RuntimeOnly:0 HLODRelevant:0
 |   |   |- [+] [  3]
 |   |   |   |- Guid:5D88941043D69120E519DCB78D93F81F BaseClass:/Game/ThirdPerson/Animations/Gun/BP/BP_MachineGunRight2.BP_MachineGunRight2_C NativeClass:/Script/Engine.Character Name:BP_MachineGunRight2_C_UAID_B00CD162E1E7C46402_2061675683 Label:BP_MachineGunRight2 SpatiallyLoaded:1 Bounds:IsValid=true, Min=(X=7449.000 Y=352.000 Z=116.521), Max=(X=7521.591 Y=422.000 Z=297.003) RuntimeGrid:None EditorOnly:0 RuntimeOnly:0 HLODRelevant:0
 |   |   |- [+] [  4]
 |   |   |   |- Guid:387F63BD42D54B26A7F6ACBA9CC3F14F BaseClass:/Game/ThirdPerson/Animations/Gun/BP/BP_MagnumRight1.BP_MagnumRight1_C NativeClass:/Script/Engine.Character Name:BP_MagnumRight1_C_UAID_B00CD162E1E7C56402_1375007871 Label:BP_MagnumRight1 SpatiallyLoaded:1 Bounds:IsValid=true, Min=(X=10406.000 Y=289.000 Z=99.854), Max=(X=10478.591 Y=359.000 Z=280.336) RuntimeGrid:None EditorOnly:0 RuntimeOnly:0 HLODRelevant:0
 |   |   |- [+] [  5]
 |   |   |   |- Guid:C47B4542485BCD2E7651FF8FC3091A71 BaseClass: NativeClass:/Script/Engine.TextRenderActor Name:TextRenderActor_UAID_B00CD162E1E7C46402_1937835678 Label:TextRenderActor14 SpatiallyLoaded:1 Bounds:IsValid=true, Min=(X=6503.900 Y=266.000 Z=303.013), Max=(X=7369.285 Y=266.000 Z=453.013) RuntimeGrid:None EditorOnly:0 RuntimeOnly:0 HLODRelevant:0
 |   |   |- [+] [  6]
 |   |   |   |- Guid:66F8A19146DADDEE28D91DA6CBC718B1 BaseClass: NativeClass:/Script/Engine.SkeletalMeshActor Name:SkeletalMeshActor_UAID_B00CD162E1E7C26402_2138735241 Label:Anim_Healing03 SpatiallyLoaded:1 Bounds:IsValid=true, Min=(X=403.724 Y=5128.240 Z=117.511), Max=(X=439.911 Y=5197.030 Z=298.155) RuntimeGrid:None EditorOnly:0 RuntimeOnly:0 HLODRelevant:0
 |   |   |- [+] [  7]
 |   |   |   |- Guid:FD48A55D44647A734D4AEB880835B4A6 BaseClass:/Game/ThirdPerson/Animations/Gun/BP/BP_GunLeft2.BP_GunLeft2_C NativeClass:/Script/Engine.Character Name:BP_GunLeft2_C_UAID_B00CD162E1E7C46402_1899985677 Label:BP_GunLeft2 SpatiallyLoaded:1 Bounds:IsValid=true, Min=(X=6043.409 Y=390.000 Z=116.521), Max=(X=6116.000 Y=460.000 Z=297.003) RuntimeGrid:None EditorOnly:0 RuntimeOnly:0 HLODRelevant:0
 |   |   |- [+] [  8]
 |   |   |   |- Guid:B2C487B647959B914C08C09E32ABE15C BaseClass: NativeClass:/Script/Engine.AmbientSound Name:AmbientSound_UAID_B00CD162E1E7116502_1671590249 Label:Hanging-Out-Bruno-E__Cue SpatiallyLoaded:1 Bounds:IsValid=true, Min=(X=9861.000 Y=10648.000 Z=100.000), Max=(X=9861.000 Y=10648.000 Z=100.000) RuntimeGrid:None EditorOnly:0 RuntimeOnly:0 HLODRelevant:0
 |   |   |- [+] [  9]
 |   |   |   |- Guid:14E4BA934259392C89F7AB9902FC9E3D BaseClass: NativeClass:/Script/Engine.SkeletalMeshActor Name:SkeletalMeshActor_UAID_B00CD162E1E7C36402_1337411442 Label:Anim_Fight10 SpatiallyLoaded:1 Bounds:IsValid=true, Min=(X=3536.310 Y=375.469 Z=117.386), Max=(X=3620.475 Y=435.521 Z=288.975) RuntimeGrid:None EditorOnly:0 RuntimeOnly:0 HLODRelevant:0
 |   |   |- [+] [ 10]
 |   |   |   |- Guid:E74A115A4995628AC2997B8EAD51FE58 BaseClass:/Game/ThirdPerson/Animations/Gun/BP/BP_MagnumLeft2.BP_MagnumLeft2_C NativeClass:/Script/Engine.Character Name:BP_MagnumLeft2_C_UAID_B00CD162E1E7C56402_1391164874 Label:BP_MagnumLeft2 SpatiallyLoaded:1 Bounds:IsValid=true, Min=(X=11135.409 Y=285.000 Z=99.854), Max=(X=11208.000 Y=355.000 Z=280.336) RuntimeGrid:None EditorOnly:0 RuntimeOnly:0 HLODRelevant:0
 |   |   |- [+] [ 11]
 |   |   |   |- Guid:C049D026446CC334CA4B909052FAB52D BaseClass: NativeClass:/Script/Engine.SkeletalMeshActor Name:SkeletalMeshActor_UAID_B00CD162E1E7C36402_1127152430 Label:Anim_Healing15 SpatiallyLoaded:1 Bounds:IsValid=true, Min=(X=377.328 Y=1970.464 Z=111.097), Max=(X=476.306 Y=2049.982 Z=229.063) RuntimeGrid:None EditorOnly:0 RuntimeOnly:0 HLODRelevant:0
 |   |   |- [+] [ 12]
 |   |   |   |- Guid:14334BF44573F4A23634ABBFEFAF8A90 BaseClass: NativeClass:/Script/Engine.SkeletalMeshActor Name:SkeletalMeshActor_UAID_B00CD162E1E7C36402_1109690423 Label:Anim_Healing08 SpatiallyLoaded:1 Bounds:IsValid=true, Min=(X=257.754 Y=3932.292 Z=111.711), Max=(X=347.968 Y=3993.365 Z=218.968) RuntimeGrid:None EditorOnly:0 RuntimeOnly:0 HLODRelevant:0
 |   |   |- [+] [ 13]
 |   |   |   |- Guid:87B0C6384DACCEB2B4BF918CF23CEF73 BaseClass: NativeClass:/Script/Engine.SkyLight Name:SkyLight_UAID_B00CD162E1E7606102_2079436824 Label:SkyLight SpatiallyLoaded:0 Bounds:IsValid=true, Min=(X=0.000 Y=0.000 Z=0.000), Max=(X=0.000 Y=0.000 Z=0.000) RuntimeGrid:None EditorOnly:0 RuntimeOnly:0 HLODRelevant:0
 |   |   |- [+] [ 14]
 |   |   |   |- Guid:8B0A9236438C36CEA68C73B75C8D6242 BaseClass: NativeClass:/Script/Engine.SkeletalMeshActor Name:SkeletalMeshActor_UAID_B00CD162E1E7C26402_2135321240 Label:Anim_Healing02 SpatiallyLoaded:1 Bounds:IsValid=true, Min=(X=294.727 Y=5389.246 Z=117.511), Max=(X=330.919 Y=5458.037 Z=298.155) RuntimeGrid:None EditorOnly:0 RuntimeOnly:0 HLODRelevant:0
 |   |   |- [+] [ 15]
 |   |   |   |- Guid:DD461A0B47B5DA3E0D4FF89D748AD1A1 BaseClass:/Game/ThirdPerson/Animations/Gun/BP/BP_MagnumLeft.BP_MagnumLeft_C NativeClass:/Script/Engine.Character Name:BP_MagnumLeft_C_UAID_B00CD162E1E7C56402_1347978869 Label:BP_MagnumLeft SpatiallyLoaded:1 Bounds:IsValid=true, Min=(X=10182.409 Y=301.000 Z=99.854), Max=(X=10255.000 Y=371.000 Z=280.336) RuntimeGrid:None EditorOnly:0 RuntimeOnly:0 HLODRelevant:0
 |   |   |- [+] [ 16]
 |   |   |   |- Guid:EBB1AA2B47569C1050ABADAA24C1C3EB BaseClass: NativeClass:/Script/Engine.SkeletalMeshActor Name:SkeletalMeshActor_UAID_B00CD162E1E7C36402_1330653439 Label:Anim_Fight07 SpatiallyLoaded:1 Bounds:IsValid=true, Min=(X=2583.539 Y=381.486 Z=117.401), Max=(X=2667.902 Y=441.520 Z=288.975) RuntimeGrid:None EditorOnly:0 RuntimeOnly:0 HLODRelevant:0
 |   |   |- [+] [ 17]
 |   |   |   |- Guid:8AE000E54C3076E215D884BBD2EEE2A5 BaseClass: NativeClass:/Script/Engine.SkeletalMeshActor Name:SkeletalMeshActor_UAID_B00CD162E1E7C26402_2142081242 Label:Anim_Healing04 SpatiallyLoaded:1 Bounds:IsValid=true, Min=(X=294.728 Y=4881.245 Z=117.510), Max=(X=330.916 Y=4950.035 Z=298.155) RuntimeGrid:None EditorOnly:0 RuntimeOnly:0 HLODRelevant:0
 |   |   |- [+] [ 18]
 |   |   |   |- Guid:35DE8170471424E9990A28A5DCC29166 BaseClass:/Game/ThirdPerson/Animations/Gun/BP/BP_MagnumRight2.BP_MagnumRight2_C NativeClass:/Script/Engine.Character Name:BP_MagnumRight2_C_UAID_B00CD162E1E7C56402_1387852873 Label:BP_MagnumRight2 SpatiallyLoaded:1 Bounds:IsValid=true, Min=(X=10897.000 Y=283.000 Z=99.854), Max=(X=10969.591 Y=353.000 Z=280.336) RuntimeGrid:None EditorOnly:0 RuntimeOnly:0 HLODRelevant:0
 |   |   |- [+] [ 19]
 |   |   |   |- Guid:AB54D91A4967F5FF2EE21A8D218C0663 BaseClass: NativeClass:/Script/Engine.SkeletalMeshActor Name:SkeletalMeshActor_UAID_B00CD162E1E7C36402_1328925438 Label:Anim_Fight06 SpatiallyLoaded:1 Bounds:IsValid=true, Min=(X=2386.309 Y=384.495 Z=117.385), Max=(X=2470.470 Y=444.521 Z=288.975) RuntimeGrid:None EditorOnly:0 RuntimeOnly:0 HLODRelevant:0
 |   |   |- [+] [ 20]
 |   |   |   |- Guid:185A510A4D29AEE8C4A8E38C359696DB BaseClass: NativeClass:/Script/Engine.SkeletalMeshActor Name:SkeletalMeshActor_UAID_B00CD162E1E7C36402_1125177429 Label:Anim_Healing14 SpatiallyLoaded:1 Bounds:IsValid=true, Min=(X=307.766 Y=2261.110 Z=117.389), Max=(X=342.887 Y=2333.793 Z=297.313) RuntimeGrid:None EditorOnly:0 RuntimeOnly:0 HLODRelevant:0
 |   |   |- [+] [ 21]
 |   |   |   |- Guid:0D93D6294EEBE1A2D4828DAA3D5068E4 BaseClass: NativeClass:/Script/Engine.SkeletalMeshActor Name:SkeletalMeshActor_UAID_B00CD162E1E7C36402_1719233447 Label:Anim_Dead01 SpatiallyLoaded:1 Bounds:IsValid=true, Min=(X=521.312 Y=17002.527 Z=117.426), Max=(X=559.418 Y=17078.945 Z=294.507) RuntimeGrid:None EditorOnly:0 RuntimeOnly:0 HLODRelevant:0
 |   |   |- [+] [ 22]
 |   |   |   |- Guid:4326FAF242D8278D84A995BF5FF8553C BaseClass: NativeClass:/Script/Engine.TextRenderActor Name:TextRenderActor_UAID_B00CD162E1E7C46402_1601928670 Label:TextRenderActor12 SpatiallyLoaded:1 Bounds:IsValid=true, Min=(X=7226.900 Y=265.000 Z=780.013), Max=(X=8819.208 Y=265.000 Z=1230.013) RuntimeGrid:None EditorOnly:0 RuntimeOnly:0 HLODRelevant:0
 |   |   |- [+] [ 23]
 |   |   |   |- Guid:495492A445687092BE6ADCB00D3DD94A BaseClass:/Game/ThirdPerson/Animations/Gun/BP/BP_MachineGunRight.BP_MachineGunRight_C NativeClass:/Script/Engine.Character Name:BP_MachineGunRight_C_UAID_B00CD162E1E7C46402_2032134679 Label:BP_MachineGunRight SpatiallyLoaded:1 Bounds:IsValid=true, Min=(X=6481.000 Y=381.000 Z=116.521), Max=(X=6553.591 Y=451.000 Z=297.003) RuntimeGrid:None EditorOnly:0 RuntimeOnly:0 HLODRelevant:0
 |   |   |- [+] [ 24]
 |   |   |   |- Guid:238F3BEB4B985C0732CE9CB25CA38DCC BaseClass: NativeClass:/Script/Engine.DirectionalLight Name:DirectionalLight_UAID_B00CD162E1E7606102_2079774825 Label:DirectionalLight SpatiallyLoaded:0 Bounds:IsValid=true, Min=(X=-4398046511104.000 Y=-4398046511104.000 Z=-4398046511104.000), Max=(X=4398046511104.000 Y=4398046511104.000 Z=4398046511104.000) RuntimeGrid:None EditorOnly:0 RuntimeOnly:0 HLODRelevant:0
 |   |   |- [+] [ 25]
 |   |   |   |- Guid:5AB782F1406031E4E49DCC9E6B31B6A7 BaseClass: NativeClass:/Script/Engine.TextRenderActor Name:TextRenderActor_UAID_B00CD162E1E7C36402_1230330432 Label:TextRenderActor2 SpatiallyLoaded:1 Bounds:IsValid=true, Min=(X=1819.900 Y=264.000 Z=884.013), Max=(X=2892.977 Y=264.000 Z=1334.013) RuntimeGrid:None EditorOnly:0 RuntimeOnly:0 HLODRelevant:0
 |   |   |- [+] [ 26]
 |   |   |   |- Guid:C1D14332470ED463F235A697BAF46CEA BaseClass: NativeClass:/Script/Engine.SkeletalMeshActor Name:SkeletalMeshActor_UAID_B00CD162E1E7C36402_1129541431 Label:Anim_Healing16 SpatiallyLoaded:1 Bounds:IsValid=true, Min=(X=242.338 Y=1682.013 Z=111.093), Max=(X=341.303 Y=1761.544 Z=229.062) RuntimeGrid:None EditorOnly:0 RuntimeOnly:0 HLODRelevant:0
 |   |   |- [+] [ 27]
 |   |   |   |- Guid:C1F22DED4B378365808783B4E99BF68A BaseClass:/Game/ThirdPerson/Animations/Gun/BP/BP_MachineGunLeft1.BP_MachineGunLeft1_C NativeClass:/Script/Engine.Character Name:BP_MachineGunLeft1_C_UAID_B00CD162E1E7C46402_2049292682 Label:BP_MachineGunLeft1 SpatiallyLoaded:1 Bounds:IsValid=true, Min=(X=7205.409 Y=355.000 Z=116.521), Max=(X=7278.000 Y=425.000 Z=297.003) RuntimeGrid:None EditorOnly:0 RuntimeOnly:0 HLODRelevant:0
 |   |   |- [+] [ 28]
 |   |   |   |- Guid:08A3E2034BEC3DB6CFA30E8D8BB036AB BaseClass: NativeClass:/Script/Engine.SkeletalMeshActor Name:SkeletalMeshActor_UAID_B00CD162E1E7C36402_1332269440 Label:Anim_Fight08 SpatiallyLoaded:1 Bounds:IsValid=true, Min=(X=2953.310 Y=383.465 Z=117.385), Max=(X=3037.470 Y=443.521 Z=288.975) RuntimeGrid:None EditorOnly:0 RuntimeOnly:0 HLODRelevant:0
 |   |   |- [+] [ 29]
 |   |   |   |- Guid:74F2EF3B4226897E33E9008398008BFE BaseClass: NativeClass:/Script/Engine.SkeletalMeshActor Name:SkeletalMeshActor_UAID_B00CD162E1E7C36402_1307311433 Label:Anim_Fight01 SpatiallyLoaded:1 Bounds:IsValid=true, Min=(X=1051.518 Y=382.486 Z=117.394), Max=(X=1135.903 Y=442.520 Z=288.975) RuntimeGrid:None EditorOnly:0 RuntimeOnly:0 HLODRelevant:0
 |   |   |- [+] [ 30]
 |   |   |   |- Guid:DD0BA6084659155B83FEE29273D8F865 BaseClass:/Game/ThirdPerson/Animations/Gun/BP/BP_GunLeft1.BP_GunLeft1_C NativeClass:/Script/Engine.Character Name:BP_GunLeft1_C_UAID_B00CD162E1E7C46402_1888713675 Label:BP_GunLeft1 SpatiallyLoaded:1 Bounds:IsValid=true, Min=(X=5577.409 Y=411.000 Z=116.521), Max=(X=5650.000 Y=481.000 Z=297.003) RuntimeGrid:None EditorOnly:0 RuntimeOnly:0 HLODRelevant:0
 |   |   |- [+] [ 31]
 |   |   |   |- Guid:367A1DEE4D9C3632F27F628CBB1B4036 BaseClass:/Game/ThirdPerson/Animations/Gun/BP/BP_MagnumRight.BP_MagnumRight_C NativeClass:/Script/Engine.Character Name:BP_MagnumRight_C_UAID_B00CD162E1E7C56402_1358228870 Label:BP_MagnumRight SpatiallyLoaded:1 Bounds:IsValid=true, Min=(X=9959.000 Y=297.000 Z=99.854), Max=(X=10031.591 Y=367.000 Z=280.336) RuntimeGrid:None EditorOnly:0 RuntimeOnly:0 HLODRelevant:0
 |   |   |- [+] [ 32]
 |   |   |   |- Guid:D85104764019B5A9D0D83681560A9400 BaseClass: NativeClass:/Script/Engine.SkeletalMeshActor Name:SkeletalMeshActor_UAID_B00CD162E1E7C26402_2146810243 Label:Anim_Healing05 SpatiallyLoaded:1 Bounds:IsValid=true, Min=(X=384.819 Y=4618.293 Z=117.426), Max=(X=456.644 Y=4697.755 Z=259.990) RuntimeGrid:None EditorOnly:0 RuntimeOnly:0 HLODRelevant:0
 |   |   |- [+] [ 33]
 |   |   |   |- Guid:F1924B8D48954B30891B2DB6A694F9CC BaseClass: NativeClass:/Script/Engine.StaticMeshActor Name:StaticMeshActor_1 Label:SM_Cube SpatiallyLoaded:1 Bounds:IsValid=true, Min=(X=0.000 Y=0.000 Z=-50.000), Max=(X=14000.000 Y=18000.000 Z=100.000) RuntimeGrid:None EditorOnly:0 RuntimeOnly:0 HLODRelevant:1 FolderPath:Playground FolderGuid:C73F09FC4215536B1DCE2A9E0A830C70
 |   |   |- [+] [ 34]
 |   |   |   |- Guid:1A41BAC64E6B4E93A2B4B887157774B6 BaseClass:/Game/ThirdPerson/Animations/Gun/BP/BP_Gun01Right2.BP_Gun01Right2_C NativeClass:/Script/Engine.Character Name:BP_Gun01Right2_C_UAID_B00CD162E1E7C46402_1896856676 Label:BP_Gun01Right2 SpatiallyLoaded:1 Bounds:IsValid=true, Min=(X=5799.000 Y=385.000 Z=116.521), Max=(X=5871.591 Y=455.000 Z=297.003) RuntimeGrid:None EditorOnly:0 RuntimeOnly:0 HLODRelevant:0
 |   |   |- [+] [ 35]
 |   |   |   |- Guid:49856FF745B848048E7C2CB606434DCC BaseClass: NativeClass:/Script/Engine.VolumetricCloud Name:VolumetricCloud_UAID_B00CD162E1E7606102_2080454827 Label:VolumetricCloud SpatiallyLoaded:0 Bounds:IsValid=true, Min=(X=0.000 Y=0.000 Z=0.000), Max=(X=0.000 Y=0.000 Z=0.000) RuntimeGrid:None EditorOnly:0 RuntimeOnly:0 HLODRelevant:0
 |   |   |- [+] [ 36]
 |   |   |   |- Guid:7D0713CD450374B1100516B8F65D9A91 BaseClass: NativeClass:/Script/Engine.TextRenderActor Name:TextRenderActor_UAID_B00CD162E1E7C56402_1241983868 Label:TextRenderActor16 SpatiallyLoaded:1 Bounds:IsValid=true, Min=(X=9983.900 Y=268.000 Z=303.013), Max=(X=10549.285 Y=268.000 Z=453.013) RuntimeGrid:None EditorOnly:0 RuntimeOnly:0 HLODRelevant:0
 |   |   |- [+] [ 37]
 |   |   |   |- Guid:F60452FE489070768EA6E6887E1AD742 BaseClass: NativeClass:/Script/Engine.SkeletalMeshActor Name:SkeletalMeshActor_UAID_B00CD162E1E7C36402_1323489436 Label:Anim_Fight04 SpatiallyLoaded:1 Bounds:IsValid=true, Min=(X=1806.300 Y=379.484 Z=117.391), Max=(X=1890.483 Y=439.519 Z=288.974) RuntimeGrid:None EditorOnly:0 RuntimeOnly:0 HLODRelevant:0
 |   |   |- [+] [ 38]
 |   |   |   |- Guid:5B53A0C04EE9568CD3441D9C01FEFA39 BaseClass: NativeClass:/Script/Engine.SkeletalMeshActor Name:SkeletalMeshActor_UAID_B00CD162E1E7C26402_2125610239 Label:Anim_Healing01 SpatiallyLoaded:1 Bounds:IsValid=true, Min=(X=401.725 Y=5605.243 Z=117.513), Max=(X=437.917 Y=5674.025 Z=298.155) RuntimeGrid:None EditorOnly:0 RuntimeOnly:0 HLODRelevant:0
 |   |   |- [+] [ 39]
 |   |   |   |- Guid:F02D0D544FAB1474E6AE6A8DA87A2D08 BaseClass:/Game/ThirdPerson/Animations/Gun/BP/BP_ShotGunLeft2.BP_ShotGunLeft2_C NativeClass:/Script/Engine.Character Name:BP_ShotGunLeft2_C_UAID_B00CD162E1E7C56402_1212864867 Label:BP_ShotGunLeft2 SpatiallyLoaded:1 Bounds:IsValid=true, Min=(X=9465.602 Y=308.000 Z=99.854), Max=(X=9552.000 Y=378.615 Z=280.336) RuntimeGrid:None EditorOnly:0 RuntimeOnly:0 HLODRelevant:0
 |   |   |- [+] [ 40]
 |   |   |   |- Guid:4C421E0F486EFB093547E19796E8F6DE BaseClass:/Game/ThirdPerson/Animations/Gun/BP/BP_MagnumLeft1.BP_MagnumLeft1_C NativeClass:/Script/Engine.Character Name:BP_MagnumLeft1_C_UAID_B00CD162E1E7C56402_1378202872 Label:BP_MagnumLeft1 SpatiallyLoaded:1 Bounds:IsValid=true, Min=(X=10649.409 Y=288.000 Z=99.854), Max=(X=10722.000 Y=358.000 Z=280.336) RuntimeGrid:None EditorOnly:0 RuntimeOnly:0 HLODRelevant:0
 |   |   |- [+] [ 41]
 |   |   |   |- Guid:FDB274D8407BABB00CFC7090415FE3EC BaseClass: NativeClass:/Script/Engine.SkyAtmosphere Name:SkyAtmosphere_UAID_B00CD162E1E7606102_2080104826 Label:SkyAtmosphere SpatiallyLoaded:0 Bounds:IsValid=true, Min=(X=0.000 Y=0.000 Z=0.000), Max=(X=0.000 Y=0.000 Z=0.000) RuntimeGrid:None EditorOnly:0 RuntimeOnly:0 HLODRelevant:0
 |   |   |- [+] [ 42]
 |   |   |   |- Guid:DC6C8060464737B3D64F78A61BFBF354 BaseClass: NativeClass:/Script/Engine.SkeletalMeshActor Name:SkeletalMeshActor_UAID_B00CD162E1E7C36402_1316819434 Label:Anim_Fight02 SpatiallyLoaded:1 Bounds:IsValid=true, Min=(X=1242.300 Y=386.484 Z=117.391), Max=(X=1326.483 Y=446.519 Z=288.974) RuntimeGrid:None EditorOnly:0 RuntimeOnly:0 HLODRelevant:0
 |   |   |- [+] [ 43]
 |   |   |   |- Guid:F8D6117848892EF0D89E18A7097C47E8 BaseClass: NativeClass:/Script/Engine.SkeletalMeshActor Name:SkeletalMeshActor_UAID_B00CD162E1E7C36402_1117017426 Label:Anim_Healing11 SpatiallyLoaded:1 Bounds:IsValid=true, Min=(X=399.768 Y=3170.540 Z=117.392), Max=(X=435.090 Y=3243.191 Z=297.313) RuntimeGrid:None EditorOnly:0 RuntimeOnly:0 HLODRelevant:0
 |   |   |- [+] [ 44]
 |   |   |   |- Guid:BE10DFF74C680B3F073E47A5E52ADF50 BaseClass:/Game/ThirdPerson/Animations/Gun/BP/BP_ShotGunLeft1.BP_ShotGunLeft1_C NativeClass:/Script/Engine.Character Name:BP_ShotGunLeft1_C_UAID_B00CD162E1E7C56402_1201544865 Label:BP_ShotGunLeft1 SpatiallyLoaded:1 Bounds:IsValid=true, Min=(X=8956.602 Y=306.000 Z=99.854), Max=(X=9043.000 Y=376.615 Z=280.336) RuntimeGrid:None EditorOnly:0 RuntimeOnly:0 HLODRelevant:0
 |   |   |- [+] [ 45]
 |   |   |   |- Guid:1DB57FC0421A98E81CEA13BEE60AFF27 BaseClass:/Game/ThirdPerson/Animations/Gun/BP/BP_ShotGunRight1.BP_ShotGunRight1_C NativeClass:/Script/Engine.Character Name:BP_ShotGunRight1_C_UAID_B00CD162E1E7C56402_1197727864 Label:BP_ShotGunRight1 SpatiallyLoaded:1 Bounds:IsValid=true, Min=(X=8730.000 Y=319.000 Z=99.854), Max=(X=8802.591 Y=406.659 Z=280.336) RuntimeGrid:None EditorOnly:0 RuntimeOnly:0 HLODRelevant:0
 |   |   |- [+] [ 46]
 |   |   |   |- Guid:A617956B411EAFFECEB4069E36A224B2 BaseClass:/Game/ThirdPerson/Animations/Gun/BP/BP_MachineGunLeft.BP_MachineGunLeft_C NativeClass:/Script/Engine.Character Name:BP_MachineGunLeft_C_UAID_B00CD162E1E7C46402_2037752680 Label:BP_MachineGunLeft SpatiallyLoaded:1 Bounds:IsValid=true, Min=(X=6719.409 Y=367.000 Z=116.521), Max=(X=6792.000 Y=437.000 Z=297.003) RuntimeGrid:None EditorOnly:0 RuntimeOnly:0 HLODRelevant:0
 |   |   |- [+] [ 47]
 |   |   |   |- Guid:E3C7F6E64CC3EB0429F125BCEDE2C5CD BaseClass: NativeClass:/Script/Engine.SkeletalMeshActor Name:SkeletalMeshActor_UAID_B00CD162E1E7C36402_1335053441 Label:Anim_Fight09 SpatiallyLoaded:1 Bounds:IsValid=true, Min=(X=3187.518 Y=372.482 Z=117.393), Max=(X=3271.909 Y=432.519 Z=288.974) RuntimeGrid:None EditorOnly:0 RuntimeOnly:0 HLODRelevant:0
 |   |   |- [+] [ 48]
 |   |   |   |- Guid:F27B4EF44DEC935EA905C2BFEA3C23E5 BaseClass:/Game/ThirdPerson/Animations/Gun/BP/BP_Gun01Right1.BP_Gun01Right1_C NativeClass:/Script/Engine.Character Name:BP_Gun01Right1_C_UAID_B00CD162E1E7C46402_1875429673 Label:BP_Gun01Right1 SpatiallyLoaded:1 Bounds:IsValid=true, Min=(X=5306.000 Y=431.000 Z=116.521), Max=(X=5378.591 Y=501.000 Z=297.003) RuntimeGrid:None EditorOnly:0 RuntimeOnly:0 HLODRelevant:0
 |   |   |- [+] [ 49]
 |   |   |   |- Guid:507385E746248E43092081B9C62BBB0A BaseClass: NativeClass:/Script/Engine.SkeletalMeshActor Name:SkeletalMeshActor_UAID_B00CD162E1E7C36402_1123118428 Label:Anim_Healing13 SpatiallyLoaded:1 Bounds:IsValid=true, Min=(X=399.768 Y=2463.540 Z=117.392), Max=(X=435.090 Y=2536.191 Z=297.313) RuntimeGrid:None EditorOnly:0 RuntimeOnly:0 HLODRelevant:0
 |   |   |- [+] [ 50]
 |   |   |   |- Guid:EFC003B54CC17C7AE555E8A5EC61EE46 BaseClass:/Game/ThirdPerson/Animations/Gun/BP/BP_MachineGunLeft2.BP_MachineGunLeft2_C NativeClass:/Script/Engine.Character Name:BP_MachineGunLeft2_C_UAID_B00CD162E1E7C46402_2064775684 Label:BP_MachineGunLeft2 SpatiallyLoaded:1 Bounds:IsValid=true, Min=(X=7714.409 Y=350.000 Z=116.521), Max=(X=7787.000 Y=420.000 Z=297.003) RuntimeGrid:None EditorOnly:0 RuntimeOnly:0 HLODRelevant:0
 |   |   |- [+] [ 51]
 |   |   |   |- Guid:4D8E533642F20AAF47E007860E731B12 BaseClass:/Game/ThirdPerson/Animations/Gun/BP/BP_ShotGunLeft.BP_ShotGunLeft_C NativeClass:/Script/Engine.Character Name:BP_ShotGunLeft_C_UAID_B00CD162E1E7C56402_1191766863 Label:BP_ShotGunLeft SpatiallyLoaded:1 Bounds:IsValid=true, Min=(X=8464.602 Y=320.000 Z=99.854), Max=(X=8551.000 Y=390.615 Z=280.336) RuntimeGrid:None EditorOnly:0 RuntimeOnly:0 HLODRelevant:0
 |   |   |- [+] [ 52]
 |   |   |   |- Guid:AC6C3F114F1CD3C76A151BAB4D4EFC86 BaseClass: NativeClass:/Script/Engine.SkeletalMeshActor Name:SkeletalMeshActor_UAID_B00CD162E1E7C36402_1327148437 Label:Anim_Fight05 SpatiallyLoaded:1 Bounds:IsValid=true, Min=(X=2092.518 Y=385.482 Z=117.393), Max=(X=2176.909 Y=445.519 Z=288.974) RuntimeGrid:None EditorOnly:0 RuntimeOnly:0 HLODRelevant:0
 |   |   |- [+] [ 53]
 |   |   |   |- Guid:08CCE1C94A8D55D4BA7ABB8C261642AB BaseClass: NativeClass:/Script/Engine.SkeletalMeshActor Name:SkeletalMeshActor_UAID_B00CD162E1E7C36402_1114572425 Label:Anim_Healing10 SpatiallyLoaded:1 Bounds:IsValid=true, Min=(X=300.117 Y=3433.129 Z=117.391), Max=(X=354.856 Y=3492.929 Z=292.809) RuntimeGrid:None EditorOnly:0 RuntimeOnly:0 HLODRelevant:0
 |   |   |- [+] [ 54]
 |   |   |   |- Guid:45B494AD438773930F150E969D6C9E5C BaseClass:/Game/ThirdPerson/Animations/Gun/BP/BP_Gun01Right.BP_Gun01Right_C NativeClass:/Script/Engine.Character Name:BP_Gun01Right_C_UAID_B00CD162E1E7C46402_1858750672 Label:BP_Gun01Right SpatiallyLoaded:1 Bounds:IsValid=true, Min=(X=4778.000 Y=428.000 Z=116.521), Max=(X=4850.591 Y=498.000 Z=297.003) RuntimeGrid:None EditorOnly:0 RuntimeOnly:0 HLODRelevant:0
 |   |   |- [+] [ 55]
 |   |   |   |- Guid:7088D96E4906604F20BCA896002B2DF5 BaseClass: NativeClass:/Script/Engine.SkeletalMeshActor Name:SkeletalMeshActor_UAID_B00CD162E1E7C36402_1320388435 Label:Anim_Fight03 SpatiallyLoaded:1 Bounds:IsValid=true, Min=(X=1543.518 Y=363.482 Z=117.393), Max=(X=1627.909 Y=423.519 Z=288.974) RuntimeGrid:None EditorOnly:0 RuntimeOnly:0 HLODRelevant:0
 |   |   |- [+] [ 56]
 |   |   |   |- Guid:13A6CFAD4182340EC154EB9AC74EFD82 BaseClass:/Game/ThirdPerson/Animations/Gun/BP/BP_ShotGunRight.BP_ShotGunRight_C NativeClass:/Script/Engine.Character Name:BP_ShotGunRight_C_UAID_B00CD162E1E7C56402_1188665862 Label:BP_ShotGunRight SpatiallyLoaded:1 Bounds:IsValid=true, Min=(X=8216.000 Y=332.000 Z=99.854), Max=(X=8288.591 Y=419.659 Z=280.336) RuntimeGrid:None EditorOnly:0 RuntimeOnly:0 HLODRelevant:0
 |   |   |- [+] [ 57]
 |   |   |   |- Guid:EB714A434CFB591D959C87B348CABFD5 BaseClass:/Game/ThirdPerson/Animations/Gun/BP/BP_MachineGunRight1.BP_MachineGunRight1_C NativeClass:/Script/Engine.Character Name:BP_MachineGunRight1_C_UAID_B00CD162E1E7C46402_2045814681 Label:BP_MachineGunRight1 SpatiallyLoaded:1 Bounds:IsValid=true, Min=(X=6972.000 Y=356.000 Z=116.521), Max=(X=7044.591 Y=426.000 Z=297.003) RuntimeGrid:None EditorOnly:0 RuntimeOnly:0 HLODRelevant:0
 |   |   |- [+] [ 58]
 |   |   |   |- Guid:3A00AA1C422CE54C0BDB60BAF471BFBB BaseClass: NativeClass:/Script/Engine.PlayerStart Name:PlayerStart_0 Label:PlayerStart SpatiallyLoaded:0 Bounds:IsValid=true, Min=(X=860.000 Y=1070.000 Z=0.013), Max=(X=940.000 Y=1150.000 Z=184.013) RuntimeGrid:None EditorOnly:0 RuntimeOnly:0 HLODRelevant:0
 |   |   |- [+] [ 59]
 |   |   |   |- Guid:2BCAD4614E70CFFAFC8068A40E0AE6EC BaseClass: NativeClass:/Script/Engine.SkeletalMeshActor Name:SkeletalMeshActor_UAID_B00CD162E1E7C36402_1112086424 Label:Anim_Healing09 SpatiallyLoaded:1 Bounds:IsValid=true, Min=(X=392.119 Y=3671.071 Z=117.393), Max=(X=446.698 Y=3730.871 Z=292.809) RuntimeGrid:None EditorOnly:0 RuntimeOnly:0 HLODRelevant:0
 |   |   |- [+] [ 60]
 |   |   |   |- Guid:2E750C50489B3E02AA11F9B27DE92115 BaseClass: NativeClass:/Script/Engine.TextRenderActor Name:TextRenderActor_UAID_B00CD162E1E7C56402_1086047861 Label:TextRenderActor15 SpatiallyLoaded:1 Bounds:IsValid=true, Min=(X=8248.900 Y=267.000 Z=303.013), Max=(X=8877.746 Y=267.000 Z=453.013) RuntimeGrid:None EditorOnly:0 RuntimeOnly:0 HLODRelevant:0
 |   |   |- [+] [ 61]
 |   |   |   |- Guid:66DCCA394A60F8BC5F0522A5D0A5D732 BaseClass:/Game/ThirdPerson/Animations/Gun/BP/BP_ShotGunRight2.BP_ShotGunRight2_C NativeClass:/Script/Engine.Character Name:BP_ShotGunRight2_C_UAID_B00CD162E1E7C56402_1210578866 Label:BP_ShotGunRight2 SpatiallyLoaded:1 Bounds:IsValid=true, Min=(X=9227.000 Y=301.000 Z=99.854), Max=(X=9299.591 Y=388.659 Z=280.336) RuntimeGrid:None EditorOnly:0 RuntimeOnly:0 HLODRelevant:0
 |   |   |- [+] [ 62]
 |   |   |   |- Guid:6E965A9D40B55CB7E6E214A93509FB3B BaseClass: NativeClass:/Script/Engine.ExponentialHeightFog Name:ExponentialHeightFog_UAID_B00CD162E1E7606102_2080833828 Label:ExponentialHeightFog SpatiallyLoaded:0 Bounds:IsValid=true, Min=(X=0.000 Y=0.000 Z=0.000), Max=(X=0.000 Y=0.000 Z=0.000) RuntimeGrid:None EditorOnly:0 RuntimeOnly:0 HLODRelevant:0
 |   |   |- [+] [ 63]
 |   |   |   |- Guid:1EBEA94147007FD799A6D4BC79F16434 BaseClass:/Game/ThirdPerson/Animations/Gun/BP/BP_GunLeft.BP_GunLeft_C NativeClass:/Script/Engine.Character Name:BP_GunLeft_C_UAID_B00CD162E1E7C46402_1878262674 Label:BP_GunLeft SpatiallyLoaded:1 Bounds:IsValid=true, Min=(X=5033.409 Y=412.000 Z=116.521), Max=(X=5106.000 Y=482.000 Z=297.003) RuntimeGrid:None EditorOnly:0 RuntimeOnly:0 HLODRelevant:0
 |   |   |- [+] [ 64]
 |   |   |   |- Guid:12A7B4A741A410722EEB9E8EA020A593 BaseClass: NativeClass:/Script/Engine.SkeletalMeshActor Name:SkeletalMeshActor_UAID_B00CD162E1E7C36402_1106899422 Label:Anim_Healing07 SpatiallyLoaded:1 Bounds:IsValid=true, Min=(X=357.754 Y=4158.637 Z=111.713), Max=(X=447.968 Y=4219.707 Z=218.957) RuntimeGrid:None EditorOnly:0 RuntimeOnly:0 HLODRelevant:0
 |   |   |- [+] [ 65]
 |   |   |   |- Guid:EC402312471AA375CE178292B4613A5C BaseClass: NativeClass:/Script/Engine.SkeletalMeshActor Name:SkeletalMeshActor_UAID_B00CD162E1E7C36402_1119234427 Label:Anim_Healing12 SpatiallyLoaded:1 Bounds:IsValid=true, Min=(X=293.767 Y=2873.111 Z=117.390), Max=(X=328.889 Y=2945.789 Z=297.312) RuntimeGrid:None EditorOnly:0 RuntimeOnly:0 HLODRelevant:0
 |- ContainerInstances:
 |- [+] MainContainer:
 |   |-        ID: 0x0000000000000000
 |   |-    Bounds: IsValid=false, Min=(X=0.000 Y=0.000 Z=0.000), Max=(X=0.000 Y=0.000 Z=0.000)
 |   |- Transform: 0.000000,0.000000,0.000000|0.000000,0.000000,-0.000000|1.000000,1.000000,1.000000
 |   |- Container: /Game/ThirdPerson/Maps/ThirdPersonMap
----------------------------------------------------------------------------------------------------------------
ThirdPersonMap - Persistent Level
----------------------------------------------------------------------------------------------------------------
Always loaded Actor Count: 234 

----------------------------------------------------------------------------------------------------------------
ThirdPersonMap - Runtime Spatial Hash - Streaming Grid - MainGrid
----------------------------------------------------------------------------------------------------------------
            Origin: X=0.000 Y=0.000 Z=0.000
         Cell Size: 12800
      World Bounds: IsValid=false, Min=(X=0.000 Y=0.000 Z=0.000), Max=(X=0.000 Y=0.000 Z=0.000)
     Loading Range: 25600.00
Block Slow Loading: No
 ClientOnlyVisible: No

[+] Grid Levels: 1
 |- Level  0: Cell Count    0 | Cell Size   12800 | Actor Count    0 (0.0%)

[+] Content of Grid Level 0

