[+] Containers:
 |- [+] Container: /Game/TacticalShotGun/Maps/ThirdPersonMap
 |   |- [+] ActorDescs:
 |   |   |- Guid:04F73C5B43E648ADFFFDDAABB4D2E143 BaseClass: NativeClass:/Script/Engine.SkeletalMeshActor Name:SkeletalMeshActor_UAID_B00CD162E1E76C7102_1498067838 Label:Anim_ShotGunAim08 SpatiallyLoaded:1 Bounds:IsValid=true, Min=(X=1875.175 Y=1063.507 Z=95.794), Max=(X=1934.403 Y=1173.675 Z=188.642) RuntimeGrid:None EditorOnly:0 RuntimeOnly:0 HLODRelevant:0
 |   |   |- Guid:1326B8C446F045AA29CA97AE80D2EF21 BaseClass: NativeClass:/Script/Engine.SkeletalMeshActor Name:SkeletalMeshActor_UAID_B00CD162E1E76C7102_1605158851 Label:Anim_ShotGunProneRollBackward01 SpatiallyLoaded:1 Bounds:IsValid=true, Min=(X=588.401 Y=4852.262 Z=98.006), Max=(X=766.724 Y=4953.615 Z=149.463) RuntimeGrid:None EditorOnly:0 RuntimeOnly:0 HLODRelevant:0
 |   |   |- Guid:14745E39420384B88BC38B837488A68D BaseClass: NativeClass:/Script/Engine.SkeletalMeshActor Name:SkeletalMeshActor_UAID_B00CD162E1E76C7102_1506890841 Label:Anim_ShotGunAim11 SpatiallyLoaded:1 Bounds:IsValid=true, Min=(X=1433.379 Y=1462.891 Z=97.694), Max=(X=1604.491 Y=1564.977 Z=159.805) RuntimeGrid:None EditorOnly:0 RuntimeOnly:0 HLODRelevant:0
 |   |   |- Guid:14A8E2DB4B57D3FDF6C5D5B9DAE58F52 BaseClass: NativeClass:/Script/Engine.SkeletalMeshActor Name:SkeletalMeshActor_UAID_B00CD162E1E76C7102_1524727844 Label:Anim_ShotGunDiveBackward02 SpatiallyLoaded:1 Bounds:IsValid=true, Min=(X=1067.652 Y=2676.462 Z=99.922), Max=(X=1140.310 Y=2755.359 Z=260.733) RuntimeGrid:None EditorOnly:0 RuntimeOnly:0 HLODRelevant:0
 |   |   |- Guid:15A45FB14F992CAF5890C094FF84DC05 BaseClass: NativeClass:/Script/Engine.SkeletalMeshActor Name:SkeletalMeshActor_UAID_B00CD162E1E76C7102_1666514866 Label:Anim_ShotGunProneRollRight04 SpatiallyLoaded:1 Bounds:IsValid=true, Min=(X=1879.187 Y=6466.492 Z=95.786), Max=(X=1938.400 Y=6576.625 Z=188.641) RuntimeGrid:None EditorOnly:0 RuntimeOnly:0 HLODRelevant:0
 |   |   |- Guid:16DB064E4672596EE10328AD048C1F28 BaseClass: NativeClass:/Script/Engine.SkeletalMeshActor Name:SkeletalMeshActor_UAID_B00CD162E1E76C7102_1521926843 Label:Anim_ShotGunDiveBackward01 SpatiallyLoaded:1 Bounds:IsValid=true, Min=(X=658.693 Y=2671.459 Z=99.926), Max=(X=731.347 Y=2750.356 Z=260.732) RuntimeGrid:None EditorOnly:0 RuntimeOnly:0 HLODRelevant:0
 |   |   |- Guid:1C3383D647CFD6BB00ED7BA3D9C26FCD BaseClass: NativeClass:/Script/Engine.SkeletalMeshActor Name:SkeletalMeshActor_UAID_B00CD162E1E76C7102_1716661876 Label:Anim_ShotGunReload10 SpatiallyLoaded:1 Bounds:IsValid=true, Min=(X=3731.277 Y=1660.266 Z=97.999), Max=(X=3909.595 Y=1761.868 Z=149.427) RuntimeGrid:None EditorOnly:0 RuntimeOnly:0 HLODRelevant:0
 |   |   |- Guid:1F4400C4455AEDC0A56D64A1A433E359 BaseClass: NativeClass:/Script/Engine.SkeletalMeshActor Name:SkeletalMeshActor_UAID_B00CD162E1E76C7102_1659201863 Label:Anim_ShotGunProneRollRight01 SpatiallyLoaded:1 Bounds:IsValid=true, Min=(X=674.501 Y=6392.557 Z=97.999), Max=(X=725.594 Y=6594.776 Z=155.142) RuntimeGrid:None EditorOnly:0 RuntimeOnly:0 HLODRelevant:0
 |   |   |- Guid:209CD780492BADE85BCD7482A5F8B494 BaseClass: NativeClass:/Script/Engine.SkeletalMeshActor Name:SkeletalMeshActor_UAID_B00CD162E1E76C7102_1744673884 Label:Anim_ShotGunShoot06 SpatiallyLoaded:1 Bounds:IsValid=true, Min=(X=3777.411 Y=3194.556 Z=97.993), Max=(X=3828.500 Y=3396.810 Z=155.142) RuntimeGrid:None EditorOnly:0 RuntimeOnly:0 HLODRelevant:0
 |   |   |- Guid:238F3BEB4B985C0732CE9CB25CA38DCC BaseClass: NativeClass:/Script/Engine.DirectionalLight Name:DirectionalLight_UAID_B00CD162E1E7606102_2079774825 Label:DirectionalLight SpatiallyLoaded:0 Bounds:IsValid=true, Min=(X=-4398046511104.000 Y=-4398046511104.000 Z=-4398046511104.000), Max=(X=4398046511104.000 Y=4398046511104.000 Z=4398046511104.000) RuntimeGrid:None EditorOnly:0 RuntimeOnly:0 HLODRelevant:0
 |   |   |- Guid:2E8D4A7047AEDF8E3E24638499148C83 BaseClass: NativeClass:/Script/Engine.SkeletalMeshActor Name:SkeletalMeshActor_UAID_B00CD162E1E76C7102_1661617864 Label:Anim_ShotGunProneRollRight02 SpatiallyLoaded:1 Bounds:IsValid=true, Min=(X=1071.418 Y=6392.559 Z=97.993), Max=(X=1122.503 Y=6594.807 Z=155.142) RuntimeGrid:None EditorOnly:0 RuntimeOnly:0 HLODRelevant:0
 |   |   |- Guid:3989EE5A492F20CF265F12BB40D97C03 BaseClass: NativeClass:/Script/Engine.SkeletalMeshActor Name:SkeletalMeshActor_UAID_B00CD162E1E76C7102_1714406875 Label:Anim_ShotGunReload09 SpatiallyLoaded:1 Bounds:IsValid=true, Min=(X=3292.402 Y=1658.257 Z=98.005), Max=(X=3470.723 Y=1759.617 Z=149.463) RuntimeGrid:None EditorOnly:0 RuntimeOnly:0 HLODRelevant:0
 |   |   |- Guid:3A00AA1C422CE54C0BDB60BAF471BFBB BaseClass: NativeClass:/Script/Engine.PlayerStart Name:PlayerStart_0 Label:PlayerStart SpatiallyLoaded:0 Bounds:IsValid=true, Min=(X=4412.000 Y=1070.000 Z=0.013), Max=(X=4492.000 Y=1150.000 Z=184.013) RuntimeGrid:None EditorOnly:0 RuntimeOnly:0 HLODRelevant:0
 |   |   |- Guid:3BF6C8CE4A139468DC07E4AB907A5B82 BaseClass: NativeClass:/Script/Engine.SkeletalMeshActor Name:SkeletalMeshActor_UAID_B00CD162E1E76C7102_1734623880 Label:Anim_ShotGunShoot02 SpatiallyLoaded:1 Bounds:IsValid=true, Min=(X=3777.147 Y=2755.354 Z=100.284), Max=(X=3837.235 Y=2868.686 Z=263.931) RuntimeGrid:None EditorOnly:0 RuntimeOnly:0 HLODRelevant:0
 |   |   |- Guid:3E602B82459555DAE7B9A1B481B85A1B BaseClass: NativeClass:/Script/Engine.SkeletalMeshActor Name:SkeletalMeshActor_UAID_B00CD162E1E76C7102_1687556867 Label:Anim_ShotGunReload01 SpatiallyLoaded:1 Bounds:IsValid=true, Min=(X=3370.758 Y=656.355 Z=100.292), Max=(X=3430.847 Y=769.660 Z=263.934) RuntimeGrid:None EditorOnly:0 RuntimeOnly:0 HLODRelevant:0
 |   |   |- Guid:426B5A8D453539078AF06E909AF571B7 BaseClass: NativeClass:/Script/Engine.SkeletalMeshActor Name:SkeletalMeshActor_UAID_B00CD162E1E76C7102_1752817887 Label:Anim_ShotGunShoot09 SpatiallyLoaded:1 Bounds:IsValid=true, Min=(X=3287.402 Y=3754.257 Z=98.005), Max=(X=3465.723 Y=3855.618 Z=149.464) RuntimeGrid:None EditorOnly:0 RuntimeOnly:0 HLODRelevant:0
 |   |   |- Guid:49856FF745B848048E7C2CB606434DCC BaseClass: NativeClass:/Script/Engine.VolumetricCloud Name:VolumetricCloud_UAID_B00CD162E1E7606102_2080454827 Label:VolumetricCloud SpatiallyLoaded:0 Bounds:IsValid=true, Min=(X=0.000 Y=0.000 Z=0.000), Max=(X=0.000 Y=0.000 Z=0.000) RuntimeGrid:None EditorOnly:0 RuntimeOnly:0 HLODRelevant:0
 |   |   |- Guid:4FADBAEA415F809AB6A9E2B46BA74D41 BaseClass: NativeClass:/Script/Engine.SkeletalMeshActor Name:SkeletalMeshActor_UAID_B00CD162E1E76C7102_1626894856 Label:Anim_ShotGunProneRollForward02 SpatiallyLoaded:1 Bounds:IsValid=true, Min=(X=1031.277 Y=5361.266 Z=98.001), Max=(X=1209.595 Y=5462.869 Z=149.429) RuntimeGrid:None EditorOnly:0 RuntimeOnly:0 HLODRelevant:0
 |   |   |- Guid:532B6C3D46B69ABD20E428BF2F5784FA BaseClass: NativeClass:/Script/Engine.SkeletalMeshActor Name:SkeletalMeshActor_UAID_B00CD162E1E76C7102_1629746857 Label:Anim_ShotGunProneRollForward03 SpatiallyLoaded:1 Bounds:IsValid=true, Min=(X=1439.372 Y=5353.896 Z=97.693), Max=(X=1610.496 Y=5455.974 Z=159.792) RuntimeGrid:None EditorOnly:0 RuntimeOnly:0 HLODRelevant:0
 |   |   |- Guid:574D381B49664F4C7C43B287D093FC6C BaseClass: NativeClass:/Script/Engine.SkeletalMeshActor Name:SkeletalMeshActor_UAID_B00CD162E1E76C7102_1695293869 Label:Anim_ShotGunReload03 SpatiallyLoaded:1 Bounds:IsValid=true, Min=(X=4163.996 Y=649.349 Z=99.931), Max=(X=4232.065 Y=760.158 Z=241.434) RuntimeGrid:None EditorOnly:0 RuntimeOnly:0 HLODRelevant:0
 |   |   |- Guid:5AD172DC43C2839A553281991191D88C BaseClass: NativeClass:/Script/Engine.SkeletalMeshActor Name:SkeletalMeshActor_UAID_B00CD162E1E76C7102_1738928882 Label:Anim_ShotGunShoot04 SpatiallyLoaded:1 Bounds:IsValid=true, Min=(X=4574.957 Y=2754.077 Z=100.062), Max=(X=4645.043 Y=2865.189 Z=241.434) RuntimeGrid:None EditorOnly:0 RuntimeOnly:0 HLODRelevant:0
 |   |   |- Guid:5B8246A24F4AAFAA237C8799F40F906D BaseClass: NativeClass:/Script/Engine.SkeletalMeshActor Name:SkeletalMeshActor_UAID_B00CD162E1E76C7102_1649114860 Label:Anim_ShotGunProneRollLeft02 SpatiallyLoaded:1 Bounds:IsValid=true, Min=(X=1072.414 Y=5896.558 Z=97.996), Max=(X=1123.502 Y=6098.809 Z=155.141) RuntimeGrid:None EditorOnly:0 RuntimeOnly:0 HLODRelevant:0
 |   |   |- Guid:5CD8FCA045FF0AADC317E2B846B78650 BaseClass: NativeClass:/Script/Engine.SkeletalMeshActor Name:SkeletalMeshActor_UAID_B00CD162E1E76C7102_1502177839 Label:Anim_ShotGunAim09 SpatiallyLoaded:1 Bounds:IsValid=true, Min=(X=587.411 Y=1454.227 Z=98.005), Max=(X=765.723 Y=1555.618 Z=149.464) RuntimeGrid:None EditorOnly:0 RuntimeOnly:0 HLODRelevant:0
 |   |   |- Guid:5D8FEB054C83F6F758C279BAC0A59F3D BaseClass: NativeClass:/Script/Engine.SkeletalMeshActor Name:SkeletalMeshActor_UAID_B00CD162E1E76C7102_1580601850 Label:Anim_ShotGunDiveRight02 SpatiallyLoaded:1 Bounds:IsValid=true, Min=(X=1056.455 Y=3866.680 Z=100.138), Max=(X=1139.881 Y=3940.968 Z=252.159) RuntimeGrid:None EditorOnly:0 RuntimeOnly:0 HLODRelevant:0
 |   |   |- Guid:5F2FB3F74AD76AF93551B6BA75BD4C9C BaseClass: NativeClass:/Script/Engine.SkeletalMeshActor Name:SkeletalMeshActor_UAID_B00CD162E1E76C7102_1488462834 Label:Anim_ShotGunAim04 SpatiallyLoaded:1 Bounds:IsValid=true, Min=(X=1883.952 Y=641.078 Z=100.056), Max=(X=1954.009 Y=752.194 Z=241.436) RuntimeGrid:None EditorOnly:0 RuntimeOnly:0 HLODRelevant:0
 |   |   |- Guid:61FE4A464440A9EF029FF5956D3E6B36 BaseClass: NativeClass:/Script/Engine.SkeletalMeshActor Name:SkeletalMeshActor_UAID_B00CD162E1E76C7102_1531520846 Label:Anim_ShotGunDiveForward02 SpatiallyLoaded:1 Bounds:IsValid=true, Min=(X=1851.462 Y=2660.632 Z=100.020), Max=(X=1932.228 Y=2735.410 Z=254.030) RuntimeGrid:None EditorOnly:0 RuntimeOnly:0 HLODRelevant:0
 |   |   |- Guid:68B2E2034FB6634E4FE0818F838BB17D BaseClass: NativeClass:/Script/Engine.SkeletalMeshActor Name:SkeletalMeshActor_UAID_B00CD162E1E76C7102_1702116871 Label:Anim_ShotGunReload05 SpatiallyLoaded:1 Bounds:IsValid=true, Min=(X=3372.501 Y=1087.556 Z=98.038), Max=(X=3423.594 Y=1289.776 Z=155.142) RuntimeGrid:None EditorOnly:0 RuntimeOnly:0 HLODRelevant:0
 |   |   |- Guid:6ABEC07647D64CF4DDBA4F92934EE307 BaseClass: NativeClass:/Script/Engine.SkeletalMeshActor Name:SkeletalMeshActor_UAID_B00CD162E1E76C7102_1755287888 Label:Anim_ShotGunShoot10 SpatiallyLoaded:1 Bounds:IsValid=true, Min=(X=3730.277 Y=3764.266 Z=98.001), Max=(X=3908.595 Y=3865.851 Z=149.429) RuntimeGrid:None EditorOnly:0 RuntimeOnly:0 HLODRelevant:0
 |   |   |- Guid:6BAF4DDD444C60371492D3919DB42C97 BaseClass: NativeClass:/Script/Engine.WorldDataLayers Name:WorldDataLayers Label:WorldDataLayers SpatiallyLoaded:0 Bounds:IsValid=true, Min=(X=0.000 Y=0.000 Z=0.000), Max=(X=0.000 Y=0.000 Z=0.000) RuntimeGrid:None EditorOnly:0 RuntimeOnly:0 HLODRelevant:0
 |   |   |- Guid:6C1D312044EC2093ED613EA5AF7C92B7 BaseClass: NativeClass:/Script/Engine.SkeletalMeshActor Name:SkeletalMeshActor_UAID_B00CD162E1E76C7102_1746808885 Label:Anim_ShotGunShoot07 SpatiallyLoaded:1 Bounds:IsValid=true, Min=(X=4172.600 Y=3266.531 Z=95.837), Max=(X=4231.826 Y=3376.684 Z=188.643) RuntimeGrid:None EditorOnly:0 RuntimeOnly:0 HLODRelevant:0
 |   |   |- Guid:6C50ED9D4C79DDD8F11F789F87C6F34B BaseClass: NativeClass:/Script/Engine.SkeletalMeshActor Name:SkeletalMeshActor_UAID_B00CD162E1E76C7102_1707468873 Label:Anim_ShotGunReload07 SpatiallyLoaded:1 Bounds:IsValid=true, Min=(X=4168.600 Y=1164.531 Z=95.837), Max=(X=4227.826 Y=1274.684 Z=188.643) RuntimeGrid:None EditorOnly:0 RuntimeOnly:0 HLODRelevant:0
 |   |   |- Guid:6E965A9D40B55CB7E6E214A93509FB3B BaseClass: NativeClass:/Script/Engine.ExponentialHeightFog Name:ExponentialHeightFog_UAID_B00CD162E1E7606102_2080833828 Label:ExponentialHeightFog SpatiallyLoaded:0 Bounds:IsValid=true, Min=(X=0.000 Y=0.000 Z=0.000), Max=(X=0.000 Y=0.000 Z=0.000) RuntimeGrid:None EditorOnly:0 RuntimeOnly:0 HLODRelevant:0
 |   |   |- Guid:70095D344C66DDA7D4035BBBE1418229 BaseClass: NativeClass:/Script/Engine.SkeletalMeshActor Name:SkeletalMeshActor_UAID_B00CD162E1E76C7102_1663820865 Label:Anim_ShotGunProneRollRight03 SpatiallyLoaded:1 Bounds:IsValid=true, Min=(X=1463.599 Y=6472.531 Z=95.837), Max=(X=1522.823 Y=6582.684 Z=188.643) RuntimeGrid:None EditorOnly:0 RuntimeOnly:0 HLODRelevant:0
 |   |   |- Guid:71BEFA064BDF33E1A49B1FAE74576124 BaseClass: NativeClass:/Script/Engine.SkeletalMeshActor Name:SkeletalMeshActor_UAID_B00CD162E1E76C7102_1508944842 Label:Anim_ShotGunAim12 SpatiallyLoaded:1 Bounds:IsValid=true, Min=(X=1793.507 Y=1462.881 Z=97.695), Max=(X=1964.628 Y=1565.105 Z=159.790) RuntimeGrid:None EditorOnly:0 RuntimeOnly:0 HLODRelevant:0
 |   |   |- Guid:7608B02A4CCA374F4CE32FB58EA3D0BF BaseClass: NativeClass:/Script/Engine.SkeletalMeshActor Name:SkeletalMeshActor_UAID_B00CD162E1E76C7102_1578346849 Label:Anim_ShotGunDiveRight01 SpatiallyLoaded:1 Bounds:IsValid=true, Min=(X=658.457 Y=3876.677 Z=100.137), Max=(X=741.879 Y=3950.968 Z=252.159) RuntimeGrid:None EditorOnly:0 RuntimeOnly:0 HLODRelevant:0
 |   |   |- Guid:7A13655A4AAC9B312D2D879A81E353D3 BaseClass: NativeClass:/Script/Engine.SkeletalMeshActor Name:SkeletalMeshActor_UAID_B00CD162E1E76C7102_1742331883 Label:Anim_ShotGunShoot05 SpatiallyLoaded:1 Bounds:IsValid=true, Min=(X=3376.506 Y=3194.557 Z=98.039), Max=(X=3427.605 Y=3396.779 Z=155.142) RuntimeGrid:None EditorOnly:0 RuntimeOnly:0 HLODRelevant:0
 |   |   |- Guid:87B0C6384DACCEB2B4BF918CF23CEF73 BaseClass: NativeClass:/Script/Engine.SkyLight Name:SkyLight_UAID_B00CD162E1E7606102_2079436824 Label:SkyLight SpatiallyLoaded:0 Bounds:IsValid=true, Min=(X=0.000 Y=0.000 Z=0.000), Max=(X=0.000 Y=0.000 Z=0.000) RuntimeGrid:None EditorOnly:0 RuntimeOnly:0 HLODRelevant:0
 |   |   |- Guid:8D11EA0641F6A85FFD598885C4AAD623 BaseClass: NativeClass:/Script/Engine.SkeletalMeshActor Name:SkeletalMeshActor_UAID_B00CD162E1E76C7102_1485530833 Label:Anim_ShotGunAim03 SpatiallyLoaded:1 Bounds:IsValid=true, Min=(X=1456.977 Y=653.083 Z=100.067), Max=(X=1527.041 Y=764.160 Z=241.436) RuntimeGrid:None EditorOnly:0 RuntimeOnly:0 HLODRelevant:0
 |   |   |- Guid:904924444B857ED454E950A3CB81E4A5 BaseClass: NativeClass:/Script/Engine.SkeletalMeshActor Name:SkeletalMeshActor_UAID_B00CD162E1E76C7102_1504444840 Label:Anim_ShotGunAim10 SpatiallyLoaded:1 Bounds:IsValid=true, Min=(X=1028.275 Y=1460.267 Z=98.009), Max=(X=1206.601 Y=1561.845 Z=149.462) RuntimeGrid:None EditorOnly:0 RuntimeOnly:0 HLODRelevant:0
 |   |   |- Guid:907169564E28A52DFE99AC9DB69B6F9F BaseClass: NativeClass:/Script/Engine.SkeletalMeshActor Name:SkeletalMeshActor_UAID_B00CD162E1E76C7102_1624178855 Label:Anim_ShotGunProneRollForward01 SpatiallyLoaded:1 Bounds:IsValid=true, Min=(X=591.401 Y=5355.262 Z=98.006), Max=(X=769.724 Y=5456.615 Z=149.463) RuntimeGrid:None EditorOnly:0 RuntimeOnly:0 HLODRelevant:0
 |   |   |- Guid:92AAC66B4E052DCBA41248A56A171B4A BaseClass: NativeClass:/Script/Engine.SkeletalMeshActor Name:SkeletalMeshActor_UAID_B00CD162E1E76C7102_1758309889 Label:Anim_ShotGunShoot11 SpatiallyLoaded:1 Bounds:IsValid=true, Min=(X=4140.379 Y=3752.890 Z=97.693), Max=(X=4311.491 Y=3854.976 Z=159.805) RuntimeGrid:None EditorOnly:0 RuntimeOnly:0 HLODRelevant:0
 |   |   |- Guid:92E9BD1B44DC95A36742298A63B75265 BaseClass: NativeClass:/Script/Engine.SkeletalMeshActor Name:SkeletalMeshActor_UAID_B00CD162E1E76C7102_1570158848 Label:Anim_ShotGunDiveLeft02 SpatiallyLoaded:1 Bounds:IsValid=true, Min=(X=1061.085 Y=3369.674 Z=100.143), Max=(X=1144.568 Y=3443.962 Z=252.157) RuntimeGrid:None EditorOnly:0 RuntimeOnly:0 HLODRelevant:0
 |   |   |- Guid:93F0B3264A9DC4C6CDBFD6ABC6F2BCF9 BaseClass: NativeClass:/Script/Engine.SkeletalMeshActor Name:SkeletalMeshActor_UAID_B00CD162E1E76C7102_1736731881 Label:Anim_ShotGunShoot03 SpatiallyLoaded:1 Bounds:IsValid=true, Min=(X=4160.977 Y=2757.083 Z=100.067), Max=(X=4231.041 Y=2868.159 Z=241.436) RuntimeGrid:None EditorOnly:0 RuntimeOnly:0 HLODRelevant:0
 |   |   |- Guid:96575B5A4048B4226954C9B7CEADF5A2 BaseClass: NativeClass:/Script/Engine.SkeletalMeshActor Name:SkeletalMeshActor_UAID_B00CD162E1E76C7102_1615220853 Label:Anim_ShotGunProneRollBackward03 SpatiallyLoaded:1 Bounds:IsValid=true, Min=(X=1436.372 Y=4857.896 Z=97.693), Max=(X=1607.496 Y=4959.974 Z=159.792) RuntimeGrid:None EditorOnly:0 RuntimeOnly:0 HLODRelevant:0
 |   |   |- Guid:978D0E07429DA0AC987897AF0F134784 BaseClass: NativeClass:/Script/Engine.SkeletalMeshActor Name:SkeletalMeshActor_UAID_B00CD162E1E76C7102_1721497878 Label:Anim_ShotGunReload12 SpatiallyLoaded:1 Bounds:IsValid=true, Min=(X=4494.503 Y=1656.894 Z=97.695), Max=(X=4665.629 Y=1759.104 Z=159.790) RuntimeGrid:None EditorOnly:0 RuntimeOnly:0 HLODRelevant:0
 |   |   |- Guid:9D29730147508E5659456D80D346F4AD BaseClass: NativeClass:/Script/Engine.SkeletalMeshActor Name:SkeletalMeshActor_UAID_B00CD162E1E76C7102_1697747870 Label:Anim_ShotGunReload04 SpatiallyLoaded:1 Bounds:IsValid=true, Min=(X=4576.932 Y=649.343 Z=99.922), Max=(X=4644.990 Y=760.189 Z=241.434) RuntimeGrid:None EditorOnly:0 RuntimeOnly:0 HLODRelevant:0
 |   |   |- Guid:AD8453004E84EFCBDF86318CA36ABA63 BaseClass: NativeClass:/Script/Engine.TextRenderActor Name:TextRenderActor_UAID_B00CD162E1E7806F02_2079325361 Label:TextRenderActor14 SpatiallyLoaded:1 Bounds:IsValid=true, Min=(X=855.900 Y=-5.000 Z=599.013), Max=(X=2055.900 Y=-5.000 Z=749.013) RuntimeGrid:None EditorOnly:0 RuntimeOnly:0 HLODRelevant:0
 |   |   |- Guid:B1B0FA53410E31CA34A03F8DE427226E BaseClass: NativeClass:/Script/Engine.SkeletalMeshActor Name:SkeletalMeshActor_UAID_B00CD162E1E76C7102_1709781874 Label:Anim_ShotGunReload08 SpatiallyLoaded:1 Bounds:IsValid=true, Min=(X=4583.186 Y=1164.492 Z=95.786), Max=(X=4642.400 Y=1274.626 Z=188.640) RuntimeGrid:None EditorOnly:0 RuntimeOnly:0 HLODRelevant:0
 |   |   |- Guid:B211A57E429971B32566D988558693FE BaseClass: NativeClass:/Script/Engine.SkeletalMeshActor Name:SkeletalMeshActor_UAID_B00CD162E1E76C7102_1719185877 Label:Anim_ShotGunReload11 SpatiallyLoaded:1 Bounds:IsValid=true, Min=(X=4140.379 Y=1662.891 Z=97.694), Max=(X=4311.491 Y=1764.977 Z=159.805) RuntimeGrid:None EditorOnly:0 RuntimeOnly:0 HLODRelevant:0
 |   |   |- Guid:B4CCB41544571C68A8F3A8B1B51FD7A7 BaseClass: NativeClass:/Script/Engine.SkeletalMeshActor Name:SkeletalMeshActor_UAID_B00CD162E1E76C7102_1654369862 Label:Anim_ShotGunProneRollLeft04 SpatiallyLoaded:1 Bounds:IsValid=true, Min=(X=1878.193 Y=5961.492 Z=95.786), Max=(X=1937.399 Y=6071.625 Z=188.640) RuntimeGrid:None EditorOnly:0 RuntimeOnly:0 HLODRelevant:0
 |   |   |- Guid:B6844DF248E81168600CB581602F98A9 BaseClass: NativeClass:/Script/Engine.SkeletalMeshActor Name:SkeletalMeshActor_UAID_B00CD162E1E76C7102_1491227835 Label:Anim_ShotGunAim05 SpatiallyLoaded:1 Bounds:IsValid=true, Min=(X=669.514 Y=997.557 Z=98.039), Max=(X=720.611 Y=1199.781 Z=155.142) RuntimeGrid:None EditorOnly:0 RuntimeOnly:0 HLODRelevant:0
 |   |   |- Guid:BD98498C474C2B2DD7AFA1B444A6F7E3 BaseClass: NativeClass:/Script/Engine.SkeletalMeshActor Name:SkeletalMeshActor_UAID_B00CD162E1E76C7102_1761559890 Label:Anim_ShotGunShoot12 SpatiallyLoaded:1 Bounds:IsValid=true, Min=(X=4497.506 Y=3756.893 Z=97.707), Max=(X=4668.629 Y=3859.098 Z=159.784) RuntimeGrid:None EditorOnly:0 RuntimeOnly:0 HLODRelevant:0
 |   |   |- Guid:C3BAEE334516AEB5E8284B8B18644654 BaseClass: NativeClass:/Script/Engine.SkeletalMeshActor Name:SkeletalMeshActor_UAID_B00CD162E1E76C7102_1608223852 Label:Anim_ShotGunProneRollBackward02 SpatiallyLoaded:1 Bounds:IsValid=true, Min=(X=1031.278 Y=4859.267 Z=98.003), Max=(X=1209.595 Y=4960.870 Z=149.429) RuntimeGrid:None EditorOnly:0 RuntimeOnly:0 HLODRelevant:0
 |   |   |- Guid:CA1E810343938E76787D13B0B58E2F0B BaseClass: NativeClass:/Script/Engine.SkeletalMeshActor Name:SkeletalMeshActor_UAID_B00CD162E1E76C7102_1495649837 Label:Anim_ShotGunAim07 SpatiallyLoaded:1 Bounds:IsValid=true, Min=(X=1472.600 Y=1069.531 Z=95.837), Max=(X=1531.826 Y=1179.684 Z=188.643) RuntimeGrid:None EditorOnly:0 RuntimeOnly:0 HLODRelevant:0
 |   |   |- Guid:CFFB28414E1B87DB1810AA8E5FBF810E BaseClass: NativeClass:/Script/Engine.SkeletalMeshActor Name:SkeletalMeshActor_UAID_B00CD162E1E76C7102_1631924858 Label:Anim_ShotGunProneRollForward04 SpatiallyLoaded:1 Bounds:IsValid=true, Min=(X=1793.505 Y=5361.899 Z=97.707), Max=(X=1964.629 Y=5464.098 Z=159.784) RuntimeGrid:None EditorOnly:0 RuntimeOnly:0 HLODRelevant:0
 |   |   |- Guid:D8BB190E4895B5BDE69F84BFF82E0B92 BaseClass: NativeClass:/Script/Engine.SkeletalMeshActor Name:SkeletalMeshActor_UAID_B00CD162E1E76C7102_1749055886 Label:Anim_ShotGunShoot08 SpatiallyLoaded:1 Bounds:IsValid=true, Min=(X=4577.175 Y=3262.507 Z=95.794), Max=(X=4636.404 Y=3372.675 Z=188.642) RuntimeGrid:None EditorOnly:0 RuntimeOnly:0 HLODRelevant:0
 |   |   |- Guid:DFCD023F488D8E0AF4C410A257FF3B45 BaseClass: NativeClass:/Script/Engine.SkeletalMeshActor Name:SkeletalMeshActor_UAID_B00CD162E1E76C7102_1567434847 Label:Anim_ShotGunDiveLeft01 SpatiallyLoaded:1 Bounds:IsValid=true, Min=(X=662.166 Y=3371.693 Z=100.142), Max=(X=745.529 Y=3445.964 Z=252.156) RuntimeGrid:None EditorOnly:0 RuntimeOnly:0 HLODRelevant:0
 |   |   |- Guid:E24924D64841D926D425BF9D2B47809F BaseClass: NativeClass:/Script/Engine.SkeletalMeshActor Name:SkeletalMeshActor_UAID_B00CD162E1E76C7102_1644725859 Label:Anim_ShotGunProneRollLeft01 SpatiallyLoaded:1 Bounds:IsValid=true, Min=(X=669.500 Y=5893.556 Z=98.000), Max=(X=720.592 Y=6095.776 Z=155.141) RuntimeGrid:None EditorOnly:0 RuntimeOnly:0 HLODRelevant:0
 |   |   |- Guid:EB87C5E84B70D76676FAD284BBE25902 BaseClass: NativeClass:/Script/Engine.SkeletalMeshActor Name:SkeletalMeshActor_UAID_B00CD162E1E76C7102_1652016861 Label:Anim_ShotGunProneRollLeft03 SpatiallyLoaded:1 Bounds:IsValid=true, Min=(X=1465.599 Y=5967.531 Z=95.837), Max=(X=1524.823 Y=6077.684 Z=188.643) RuntimeGrid:None EditorOnly:0 RuntimeOnly:0 HLODRelevant:0
 |   |   |- Guid:EC52C7244272AB317851D6A3AA78DB6F BaseClass: NativeClass:/Script/Engine.SkeletalMeshActor Name:SkeletalMeshActor_UAID_B00CD162E1E76C7102_1705602872 Label:Anim_ShotGunReload06 SpatiallyLoaded:1 Bounds:IsValid=true, Min=(X=3771.418 Y=1085.555 Z=97.993), Max=(X=3822.503 Y=1287.807 Z=155.142) RuntimeGrid:None EditorOnly:0 RuntimeOnly:0 HLODRelevant:0
 |   |   |- Guid:EFC4B3EE4D719A85479612BE9B5A1B32 BaseClass: NativeClass:/Script/Engine.SkeletalMeshActor Name:SkeletalMeshActor_UAID_B00CD162E1E76C7102_1479053831 Label:Anim_ShotGunAim01 SpatiallyLoaded:1 Bounds:IsValid=true, Min=(X=664.727 Y=650.380 Z=100.294), Max=(X=724.846 Y=763.662 Z=263.934) RuntimeGrid:None EditorOnly:0 RuntimeOnly:0 HLODRelevant:0
 |   |   |- Guid:F1924B8D48954B30891B2DB6A694F9CC BaseClass: NativeClass:/Script/Engine.StaticMeshActor Name:StaticMeshActor_1 Label:SM_Cube SpatiallyLoaded:1 Bounds:IsValid=true, Min=(X=0.000 Y=0.000 Z=-50.000), Max=(X=8000.000 Y=8000.000 Z=100.000) RuntimeGrid:None EditorOnly:0 RuntimeOnly:0 HLODRelevant:1 FolderPath:Playground FolderGuid:C73F09FC4215536B1DCE2A9E0A830C70
 |   |   |- Guid:F24D43054995C02F10C6388445B0DEBE BaseClass: NativeClass:/Script/Engine.SkeletalMeshActor Name:SkeletalMeshActor_UAID_B00CD162E1E76C7102_1493294836 Label:Anim_ShotGunAim06 SpatiallyLoaded:1 Bounds:IsValid=true, Min=(X=1075.409 Y=988.556 Z=97.993), Max=(X=1126.498 Y=1190.805 Z=155.143) RuntimeGrid:None EditorOnly:0 RuntimeOnly:0 HLODRelevant:0
 |   |   |- Guid:F589F4BB4C4C93F83B474E93D820CBB8 BaseClass: NativeClass:/Script/Engine.SkeletalMeshActor Name:SkeletalMeshActor_UAID_B00CD162E1E76C7102_1617642854 Label:Anim_ShotGunProneRollBackward04 SpatiallyLoaded:1 Bounds:IsValid=true, Min=(X=1795.505 Y=4856.899 Z=97.707), Max=(X=1966.629 Y=4959.099 Z=159.784) RuntimeGrid:None EditorOnly:0 RuntimeOnly:0 HLODRelevant:0
 |   |   |- Guid:F7FA5DDA4B1BFE7C2B1993B6B3D00F65 BaseClass: NativeClass:/Script/Engine.SkeletalMeshActor Name:SkeletalMeshActor_UAID_B00CD162E1E76C7102_1732645879 Label:Anim_ShotGunShoot01 SpatiallyLoaded:1 Bounds:IsValid=true, Min=(X=3365.731 Y=2746.373 Z=100.297), Max=(X=3425.847 Y=2859.655 Z=263.934) RuntimeGrid:None EditorOnly:0 RuntimeOnly:0 HLODRelevant:0
 |   |   |- Guid:F8FF4CA64233DEAFEDDCC6BBE120456B BaseClass: NativeClass:/Script/Engine.SkeletalMeshActor Name:SkeletalMeshActor_UAID_B00CD162E1E76C7102_1483025832 Label:Anim_ShotGunAim02 SpatiallyLoaded:1 Bounds:IsValid=true, Min=(X=1070.147 Y=664.359 Z=100.284), Max=(X=1130.235 Y=777.679 Z=263.931) RuntimeGrid:None EditorOnly:0 RuntimeOnly:0 HLODRelevant:0
 |   |   |- Guid:FDB274D8407BABB00CFC7090415FE3EC BaseClass: NativeClass:/Script/Engine.SkyAtmosphere Name:SkyAtmosphere_UAID_B00CD162E1E7606102_2080104826 Label:SkyAtmosphere SpatiallyLoaded:0 Bounds:IsValid=true, Min=(X=0.000 Y=0.000 Z=0.000), Max=(X=0.000 Y=0.000 Z=0.000) RuntimeGrid:None EditorOnly:0 RuntimeOnly:0 HLODRelevant:0
 |   |   |- Guid:FE8CAAB849BFAFB0176F70A3CC1C6B23 BaseClass: NativeClass:/Script/Engine.SkeletalMeshActor Name:SkeletalMeshActor_UAID_B00CD162E1E76C7102_1693279868 Label:Anim_ShotGunReload02 SpatiallyLoaded:1 Bounds:IsValid=true, Min=(X=3771.147 Y=654.359 Z=100.284), Max=(X=3831.235 Y=767.690 Z=263.931) RuntimeGrid:None EditorOnly:0 RuntimeOnly:0 HLODRelevant:0
 |   |   |- Guid:FF76CC044D7D857AD4EFB1B9CA6CDB00 BaseClass: NativeClass:/Script/Engine.SkeletalMeshActor Name:SkeletalMeshActor_UAID_B00CD162E1E76C7102_1527936845 Label:Anim_ShotGunDiveForward01 SpatiallyLoaded:1 Bounds:IsValid=true, Min=(X=1455.774 Y=2658.635 Z=100.025), Max=(X=1536.539 Y=2733.404 Z=254.032) RuntimeGrid:None EditorOnly:0 RuntimeOnly:0 HLODRelevant:0
 |   |- [+] Clusters:
 |   |   |- [+] [  0]
 |   |   |   |- Guid:FDB274D8407BABB00CFC7090415FE3EC BaseClass: NativeClass:/Script/Engine.SkyAtmosphere Name:SkyAtmosphere_UAID_B00CD162E1E7606102_2080104826 Label:SkyAtmosphere SpatiallyLoaded:0 Bounds:IsValid=true, Min=(X=0.000 Y=0.000 Z=0.000), Max=(X=0.000 Y=0.000 Z=0.000) RuntimeGrid:None EditorOnly:0 RuntimeOnly:0 HLODRelevant:0
 |   |   |- [+] [  1]
 |   |   |   |- Guid:F1924B8D48954B30891B2DB6A694F9CC BaseClass: NativeClass:/Script/Engine.StaticMeshActor Name:StaticMeshActor_1 Label:SM_Cube SpatiallyLoaded:1 Bounds:IsValid=true, Min=(X=0.000 Y=0.000 Z=-50.000), Max=(X=8000.000 Y=8000.000 Z=100.000) RuntimeGrid:None EditorOnly:0 RuntimeOnly:0 HLODRelevant:1 FolderPath:Playground FolderGuid:C73F09FC4215536B1DCE2A9E0A830C70
 |   |   |- [+] [  2]
 |   |   |   |- Guid:49856FF745B848048E7C2CB606434DCC BaseClass: NativeClass:/Script/Engine.VolumetricCloud Name:VolumetricCloud_UAID_B00CD162E1E7606102_2080454827 Label:VolumetricCloud SpatiallyLoaded:0 Bounds:IsValid=true, Min=(X=0.000 Y=0.000 Z=0.000), Max=(X=0.000 Y=0.000 Z=0.000) RuntimeGrid:None EditorOnly:0 RuntimeOnly:0 HLODRelevant:0
 |   |   |- [+] [  3]
 |   |   |   |- Guid:AD8453004E84EFCBDF86318CA36ABA63 BaseClass: NativeClass:/Script/Engine.TextRenderActor Name:TextRenderActor_UAID_B00CD162E1E7806F02_2079325361 Label:TextRenderActor14 SpatiallyLoaded:1 Bounds:IsValid=true, Min=(X=855.900 Y=-5.000 Z=599.013), Max=(X=2055.900 Y=-5.000 Z=749.013) RuntimeGrid:None EditorOnly:0 RuntimeOnly:0 HLODRelevant:0
 |   |   |- [+] [  4]
 |   |   |   |- Guid:3A00AA1C422CE54C0BDB60BAF471BFBB BaseClass: NativeClass:/Script/Engine.PlayerStart Name:PlayerStart_0 Label:PlayerStart SpatiallyLoaded:0 Bounds:IsValid=true, Min=(X=4412.000 Y=1070.000 Z=0.013), Max=(X=4492.000 Y=1150.000 Z=184.013) RuntimeGrid:None EditorOnly:0 RuntimeOnly:0 HLODRelevant:0
 |   |   |- [+] [  5]
 |   |   |   |- Guid:6E965A9D40B55CB7E6E214A93509FB3B BaseClass: NativeClass:/Script/Engine.ExponentialHeightFog Name:ExponentialHeightFog_UAID_B00CD162E1E7606102_2080833828 Label:ExponentialHeightFog SpatiallyLoaded:0 Bounds:IsValid=true, Min=(X=0.000 Y=0.000 Z=0.000), Max=(X=0.000 Y=0.000 Z=0.000) RuntimeGrid:None EditorOnly:0 RuntimeOnly:0 HLODRelevant:0
 |   |   |- [+] [  6]
 |   |   |   |- Guid:6BAF4DDD444C60371492D3919DB42C97 BaseClass: NativeClass:/Script/Engine.WorldDataLayers Name:WorldDataLayers Label:WorldDataLayers SpatiallyLoaded:0 Bounds:IsValid=true, Min=(X=0.000 Y=0.000 Z=0.000), Max=(X=0.000 Y=0.000 Z=0.000) RuntimeGrid:None EditorOnly:0 RuntimeOnly:0 HLODRelevant:0
 |   |   |- [+] [  7]
 |   |   |   |- Guid:87B0C6384DACCEB2B4BF918CF23CEF73 BaseClass: NativeClass:/Script/Engine.SkyLight Name:SkyLight_UAID_B00CD162E1E7606102_2079436824 Label:SkyLight SpatiallyLoaded:0 Bounds:IsValid=true, Min=(X=0.000 Y=0.000 Z=0.000), Max=(X=0.000 Y=0.000 Z=0.000) RuntimeGrid:None EditorOnly:0 RuntimeOnly:0 HLODRelevant:0
 |   |   |- [+] [  8]
 |   |   |   |- Guid:238F3BEB4B985C0732CE9CB25CA38DCC BaseClass: NativeClass:/Script/Engine.DirectionalLight Name:DirectionalLight_UAID_B00CD162E1E7606102_2079774825 Label:DirectionalLight SpatiallyLoaded:0 Bounds:IsValid=true, Min=(X=-4398046511104.000 Y=-4398046511104.000 Z=-4398046511104.000), Max=(X=4398046511104.000 Y=4398046511104.000 Z=4398046511104.000) RuntimeGrid:None EditorOnly:0 RuntimeOnly:0 HLODRelevant:0
 |   |   |- [+] [  9]
 |   |   |   |- Guid:EFC4B3EE4D719A85479612BE9B5A1B32 BaseClass: NativeClass:/Script/Engine.SkeletalMeshActor Name:SkeletalMeshActor_UAID_B00CD162E1E76C7102_1479053831 Label:Anim_ShotGunAim01 SpatiallyLoaded:1 Bounds:IsValid=true, Min=(X=664.727 Y=650.380 Z=100.294), Max=(X=724.846 Y=763.662 Z=263.934) RuntimeGrid:None EditorOnly:0 RuntimeOnly:0 HLODRelevant:0
 |   |   |- [+] [ 10]
 |   |   |   |- Guid:F8FF4CA64233DEAFEDDCC6BBE120456B BaseClass: NativeClass:/Script/Engine.SkeletalMeshActor Name:SkeletalMeshActor_UAID_B00CD162E1E76C7102_1483025832 Label:Anim_ShotGunAim02 SpatiallyLoaded:1 Bounds:IsValid=true, Min=(X=1070.147 Y=664.359 Z=100.284), Max=(X=1130.235 Y=777.679 Z=263.931) RuntimeGrid:None EditorOnly:0 RuntimeOnly:0 HLODRelevant:0
 |   |   |- [+] [ 11]
 |   |   |   |- Guid:8D11EA0641F6A85FFD598885C4AAD623 BaseClass: NativeClass:/Script/Engine.SkeletalMeshActor Name:SkeletalMeshActor_UAID_B00CD162E1E76C7102_1485530833 Label:Anim_ShotGunAim03 SpatiallyLoaded:1 Bounds:IsValid=true, Min=(X=1456.977 Y=653.083 Z=100.067), Max=(X=1527.041 Y=764.160 Z=241.436) RuntimeGrid:None EditorOnly:0 RuntimeOnly:0 HLODRelevant:0
 |   |   |- [+] [ 12]
 |   |   |   |- Guid:5F2FB3F74AD76AF93551B6BA75BD4C9C BaseClass: NativeClass:/Script/Engine.SkeletalMeshActor Name:SkeletalMeshActor_UAID_B00CD162E1E76C7102_1488462834 Label:Anim_ShotGunAim04 SpatiallyLoaded:1 Bounds:IsValid=true, Min=(X=1883.952 Y=641.078 Z=100.056), Max=(X=1954.009 Y=752.194 Z=241.436) RuntimeGrid:None EditorOnly:0 RuntimeOnly:0 HLODRelevant:0
 |   |   |- [+] [ 13]
 |   |   |   |- Guid:B6844DF248E81168600CB581602F98A9 BaseClass: NativeClass:/Script/Engine.SkeletalMeshActor Name:SkeletalMeshActor_UAID_B00CD162E1E76C7102_1491227835 Label:Anim_ShotGunAim05 SpatiallyLoaded:1 Bounds:IsValid=true, Min=(X=669.514 Y=997.557 Z=98.039), Max=(X=720.611 Y=1199.781 Z=155.142) RuntimeGrid:None EditorOnly:0 RuntimeOnly:0 HLODRelevant:0
 |   |   |- [+] [ 14]
 |   |   |   |- Guid:F24D43054995C02F10C6388445B0DEBE BaseClass: NativeClass:/Script/Engine.SkeletalMeshActor Name:SkeletalMeshActor_UAID_B00CD162E1E76C7102_1493294836 Label:Anim_ShotGunAim06 SpatiallyLoaded:1 Bounds:IsValid=true, Min=(X=1075.409 Y=988.556 Z=97.993), Max=(X=1126.498 Y=1190.805 Z=155.143) RuntimeGrid:None EditorOnly:0 RuntimeOnly:0 HLODRelevant:0
 |   |   |- [+] [ 15]
 |   |   |   |- Guid:CA1E810343938E76787D13B0B58E2F0B BaseClass: NativeClass:/Script/Engine.SkeletalMeshActor Name:SkeletalMeshActor_UAID_B00CD162E1E76C7102_1495649837 Label:Anim_ShotGunAim07 SpatiallyLoaded:1 Bounds:IsValid=true, Min=(X=1472.600 Y=1069.531 Z=95.837), Max=(X=1531.826 Y=1179.684 Z=188.643) RuntimeGrid:None EditorOnly:0 RuntimeOnly:0 HLODRelevant:0
 |   |   |- [+] [ 16]
 |   |   |   |- Guid:04F73C5B43E648ADFFFDDAABB4D2E143 BaseClass: NativeClass:/Script/Engine.SkeletalMeshActor Name:SkeletalMeshActor_UAID_B00CD162E1E76C7102_1498067838 Label:Anim_ShotGunAim08 SpatiallyLoaded:1 Bounds:IsValid=true, Min=(X=1875.175 Y=1063.507 Z=95.794), Max=(X=1934.403 Y=1173.675 Z=188.642) RuntimeGrid:None EditorOnly:0 RuntimeOnly:0 HLODRelevant:0
 |   |   |- [+] [ 17]
 |   |   |   |- Guid:5CD8FCA045FF0AADC317E2B846B78650 BaseClass: NativeClass:/Script/Engine.SkeletalMeshActor Name:SkeletalMeshActor_UAID_B00CD162E1E76C7102_1502177839 Label:Anim_ShotGunAim09 SpatiallyLoaded:1 Bounds:IsValid=true, Min=(X=587.411 Y=1454.227 Z=98.005), Max=(X=765.723 Y=1555.618 Z=149.464) RuntimeGrid:None EditorOnly:0 RuntimeOnly:0 HLODRelevant:0
 |   |   |- [+] [ 18]
 |   |   |   |- Guid:904924444B857ED454E950A3CB81E4A5 BaseClass: NativeClass:/Script/Engine.SkeletalMeshActor Name:SkeletalMeshActor_UAID_B00CD162E1E76C7102_1504444840 Label:Anim_ShotGunAim10 SpatiallyLoaded:1 Bounds:IsValid=true, Min=(X=1028.275 Y=1460.267 Z=98.009), Max=(X=1206.601 Y=1561.845 Z=149.462) RuntimeGrid:None EditorOnly:0 RuntimeOnly:0 HLODRelevant:0
 |   |   |- [+] [ 19]
 |   |   |   |- Guid:14745E39420384B88BC38B837488A68D BaseClass: NativeClass:/Script/Engine.SkeletalMeshActor Name:SkeletalMeshActor_UAID_B00CD162E1E76C7102_1506890841 Label:Anim_ShotGunAim11 SpatiallyLoaded:1 Bounds:IsValid=true, Min=(X=1433.379 Y=1462.891 Z=97.694), Max=(X=1604.491 Y=1564.977 Z=159.805) RuntimeGrid:None EditorOnly:0 RuntimeOnly:0 HLODRelevant:0
 |   |   |- [+] [ 20]
 |   |   |   |- Guid:71BEFA064BDF33E1A49B1FAE74576124 BaseClass: NativeClass:/Script/Engine.SkeletalMeshActor Name:SkeletalMeshActor_UAID_B00CD162E1E76C7102_1508944842 Label:Anim_ShotGunAim12 SpatiallyLoaded:1 Bounds:IsValid=true, Min=(X=1793.507 Y=1462.881 Z=97.695), Max=(X=1964.628 Y=1565.105 Z=159.790) RuntimeGrid:None EditorOnly:0 RuntimeOnly:0 HLODRelevant:0
 |   |   |- [+] [ 21]
 |   |   |   |- Guid:16DB064E4672596EE10328AD048C1F28 BaseClass: NativeClass:/Script/Engine.SkeletalMeshActor Name:SkeletalMeshActor_UAID_B00CD162E1E76C7102_1521926843 Label:Anim_ShotGunDiveBackward01 SpatiallyLoaded:1 Bounds:IsValid=true, Min=(X=658.693 Y=2671.459 Z=99.926), Max=(X=731.347 Y=2750.356 Z=260.732) RuntimeGrid:None EditorOnly:0 RuntimeOnly:0 HLODRelevant:0
 |   |   |- [+] [ 22]
 |   |   |   |- Guid:14A8E2DB4B57D3FDF6C5D5B9DAE58F52 BaseClass: NativeClass:/Script/Engine.SkeletalMeshActor Name:SkeletalMeshActor_UAID_B00CD162E1E76C7102_1524727844 Label:Anim_ShotGunDiveBackward02 SpatiallyLoaded:1 Bounds:IsValid=true, Min=(X=1067.652 Y=2676.462 Z=99.922), Max=(X=1140.310 Y=2755.359 Z=260.733) RuntimeGrid:None EditorOnly:0 RuntimeOnly:0 HLODRelevant:0
 |   |   |- [+] [ 23]
 |   |   |   |- Guid:FF76CC044D7D857AD4EFB1B9CA6CDB00 BaseClass: NativeClass:/Script/Engine.SkeletalMeshActor Name:SkeletalMeshActor_UAID_B00CD162E1E76C7102_1527936845 Label:Anim_ShotGunDiveForward01 SpatiallyLoaded:1 Bounds:IsValid=true, Min=(X=1455.774 Y=2658.635 Z=100.025), Max=(X=1536.539 Y=2733.404 Z=254.032) RuntimeGrid:None EditorOnly:0 RuntimeOnly:0 HLODRelevant:0
 |   |   |- [+] [ 24]
 |   |   |   |- Guid:61FE4A464440A9EF029FF5956D3E6B36 BaseClass: NativeClass:/Script/Engine.SkeletalMeshActor Name:SkeletalMeshActor_UAID_B00CD162E1E76C7102_1531520846 Label:Anim_ShotGunDiveForward02 SpatiallyLoaded:1 Bounds:IsValid=true, Min=(X=1851.462 Y=2660.632 Z=100.020), Max=(X=1932.228 Y=2735.410 Z=254.030) RuntimeGrid:None EditorOnly:0 RuntimeOnly:0 HLODRelevant:0
 |   |   |- [+] [ 25]
 |   |   |   |- Guid:DFCD023F488D8E0AF4C410A257FF3B45 BaseClass: NativeClass:/Script/Engine.SkeletalMeshActor Name:SkeletalMeshActor_UAID_B00CD162E1E76C7102_1567434847 Label:Anim_ShotGunDiveLeft01 SpatiallyLoaded:1 Bounds:IsValid=true, Min=(X=662.166 Y=3371.693 Z=100.142), Max=(X=745.529 Y=3445.964 Z=252.156) RuntimeGrid:None EditorOnly:0 RuntimeOnly:0 HLODRelevant:0
 |   |   |- [+] [ 26]
 |   |   |   |- Guid:92E9BD1B44DC95A36742298A63B75265 BaseClass: NativeClass:/Script/Engine.SkeletalMeshActor Name:SkeletalMeshActor_UAID_B00CD162E1E76C7102_1570158848 Label:Anim_ShotGunDiveLeft02 SpatiallyLoaded:1 Bounds:IsValid=true, Min=(X=1061.085 Y=3369.674 Z=100.143), Max=(X=1144.568 Y=3443.962 Z=252.157) RuntimeGrid:None EditorOnly:0 RuntimeOnly:0 HLODRelevant:0
 |   |   |- [+] [ 27]
 |   |   |   |- Guid:7608B02A4CCA374F4CE32FB58EA3D0BF BaseClass: NativeClass:/Script/Engine.SkeletalMeshActor Name:SkeletalMeshActor_UAID_B00CD162E1E76C7102_1578346849 Label:Anim_ShotGunDiveRight01 SpatiallyLoaded:1 Bounds:IsValid=true, Min=(X=658.457 Y=3876.677 Z=100.137), Max=(X=741.879 Y=3950.968 Z=252.159) RuntimeGrid:None EditorOnly:0 RuntimeOnly:0 HLODRelevant:0
 |   |   |- [+] [ 28]
 |   |   |   |- Guid:5D8FEB054C83F6F758C279BAC0A59F3D BaseClass: NativeClass:/Script/Engine.SkeletalMeshActor Name:SkeletalMeshActor_UAID_B00CD162E1E76C7102_1580601850 Label:Anim_ShotGunDiveRight02 SpatiallyLoaded:1 Bounds:IsValid=true, Min=(X=1056.455 Y=3866.680 Z=100.138), Max=(X=1139.881 Y=3940.968 Z=252.159) RuntimeGrid:None EditorOnly:0 RuntimeOnly:0 HLODRelevant:0
 |   |   |- [+] [ 29]
 |   |   |   |- Guid:1326B8C446F045AA29CA97AE80D2EF21 BaseClass: NativeClass:/Script/Engine.SkeletalMeshActor Name:SkeletalMeshActor_UAID_B00CD162E1E76C7102_1605158851 Label:Anim_ShotGunProneRollBackward01 SpatiallyLoaded:1 Bounds:IsValid=true, Min=(X=588.401 Y=4852.262 Z=98.006), Max=(X=766.724 Y=4953.615 Z=149.463) RuntimeGrid:None EditorOnly:0 RuntimeOnly:0 HLODRelevant:0
 |   |   |- [+] [ 30]
 |   |   |   |- Guid:C3BAEE334516AEB5E8284B8B18644654 BaseClass: NativeClass:/Script/Engine.SkeletalMeshActor Name:SkeletalMeshActor_UAID_B00CD162E1E76C7102_1608223852 Label:Anim_ShotGunProneRollBackward02 SpatiallyLoaded:1 Bounds:IsValid=true, Min=(X=1031.278 Y=4859.267 Z=98.003), Max=(X=1209.595 Y=4960.870 Z=149.429) RuntimeGrid:None EditorOnly:0 RuntimeOnly:0 HLODRelevant:0
 |   |   |- [+] [ 31]
 |   |   |   |- Guid:96575B5A4048B4226954C9B7CEADF5A2 BaseClass: NativeClass:/Script/Engine.SkeletalMeshActor Name:SkeletalMeshActor_UAID_B00CD162E1E76C7102_1615220853 Label:Anim_ShotGunProneRollBackward03 SpatiallyLoaded:1 Bounds:IsValid=true, Min=(X=1436.372 Y=4857.896 Z=97.693), Max=(X=1607.496 Y=4959.974 Z=159.792) RuntimeGrid:None EditorOnly:0 RuntimeOnly:0 HLODRelevant:0
 |   |   |- [+] [ 32]
 |   |   |   |- Guid:F589F4BB4C4C93F83B474E93D820CBB8 BaseClass: NativeClass:/Script/Engine.SkeletalMeshActor Name:SkeletalMeshActor_UAID_B00CD162E1E76C7102_1617642854 Label:Anim_ShotGunProneRollBackward04 SpatiallyLoaded:1 Bounds:IsValid=true, Min=(X=1795.505 Y=4856.899 Z=97.707), Max=(X=1966.629 Y=4959.099 Z=159.784) RuntimeGrid:None EditorOnly:0 RuntimeOnly:0 HLODRelevant:0
 |   |   |- [+] [ 33]
 |   |   |   |- Guid:907169564E28A52DFE99AC9DB69B6F9F BaseClass: NativeClass:/Script/Engine.SkeletalMeshActor Name:SkeletalMeshActor_UAID_B00CD162E1E76C7102_1624178855 Label:Anim_ShotGunProneRollForward01 SpatiallyLoaded:1 Bounds:IsValid=true, Min=(X=591.401 Y=5355.262 Z=98.006), Max=(X=769.724 Y=5456.615 Z=149.463) RuntimeGrid:None EditorOnly:0 RuntimeOnly:0 HLODRelevant:0
 |   |   |- [+] [ 34]
 |   |   |   |- Guid:4FADBAEA415F809AB6A9E2B46BA74D41 BaseClass: NativeClass:/Script/Engine.SkeletalMeshActor Name:SkeletalMeshActor_UAID_B00CD162E1E76C7102_1626894856 Label:Anim_ShotGunProneRollForward02 SpatiallyLoaded:1 Bounds:IsValid=true, Min=(X=1031.277 Y=5361.266 Z=98.001), Max=(X=1209.595 Y=5462.869 Z=149.429) RuntimeGrid:None EditorOnly:0 RuntimeOnly:0 HLODRelevant:0
 |   |   |- [+] [ 35]
 |   |   |   |- Guid:532B6C3D46B69ABD20E428BF2F5784FA BaseClass: NativeClass:/Script/Engine.SkeletalMeshActor Name:SkeletalMeshActor_UAID_B00CD162E1E76C7102_1629746857 Label:Anim_ShotGunProneRollForward03 SpatiallyLoaded:1 Bounds:IsValid=true, Min=(X=1439.372 Y=5353.896 Z=97.693), Max=(X=1610.496 Y=5455.974 Z=159.792) RuntimeGrid:None EditorOnly:0 RuntimeOnly:0 HLODRelevant:0
 |   |   |- [+] [ 36]
 |   |   |   |- Guid:CFFB28414E1B87DB1810AA8E5FBF810E BaseClass: NativeClass:/Script/Engine.SkeletalMeshActor Name:SkeletalMeshActor_UAID_B00CD162E1E76C7102_1631924858 Label:Anim_ShotGunProneRollForward04 SpatiallyLoaded:1 Bounds:IsValid=true, Min=(X=1793.505 Y=5361.899 Z=97.707), Max=(X=1964.629 Y=5464.098 Z=159.784) RuntimeGrid:None EditorOnly:0 RuntimeOnly:0 HLODRelevant:0
 |   |   |- [+] [ 37]
 |   |   |   |- Guid:E24924D64841D926D425BF9D2B47809F BaseClass: NativeClass:/Script/Engine.SkeletalMeshActor Name:SkeletalMeshActor_UAID_B00CD162E1E76C7102_1644725859 Label:Anim_ShotGunProneRollLeft01 SpatiallyLoaded:1 Bounds:IsValid=true, Min=(X=669.500 Y=5893.556 Z=98.000), Max=(X=720.592 Y=6095.776 Z=155.141) RuntimeGrid:None EditorOnly:0 RuntimeOnly:0 HLODRelevant:0
 |   |   |- [+] [ 38]
 |   |   |   |- Guid:5B8246A24F4AAFAA237C8799F40F906D BaseClass: NativeClass:/Script/Engine.SkeletalMeshActor Name:SkeletalMeshActor_UAID_B00CD162E1E76C7102_1649114860 Label:Anim_ShotGunProneRollLeft02 SpatiallyLoaded:1 Bounds:IsValid=true, Min=(X=1072.414 Y=5896.558 Z=97.996), Max=(X=1123.502 Y=6098.809 Z=155.141) RuntimeGrid:None EditorOnly:0 RuntimeOnly:0 HLODRelevant:0
 |   |   |- [+] [ 39]
 |   |   |   |- Guid:EB87C5E84B70D76676FAD284BBE25902 BaseClass: NativeClass:/Script/Engine.SkeletalMeshActor Name:SkeletalMeshActor_UAID_B00CD162E1E76C7102_1652016861 Label:Anim_ShotGunProneRollLeft03 SpatiallyLoaded:1 Bounds:IsValid=true, Min=(X=1465.599 Y=5967.531 Z=95.837), Max=(X=1524.823 Y=6077.684 Z=188.643) RuntimeGrid:None EditorOnly:0 RuntimeOnly:0 HLODRelevant:0
 |   |   |- [+] [ 40]
 |   |   |   |- Guid:B4CCB41544571C68A8F3A8B1B51FD7A7 BaseClass: NativeClass:/Script/Engine.SkeletalMeshActor Name:SkeletalMeshActor_UAID_B00CD162E1E76C7102_1654369862 Label:Anim_ShotGunProneRollLeft04 SpatiallyLoaded:1 Bounds:IsValid=true, Min=(X=1878.193 Y=5961.492 Z=95.786), Max=(X=1937.399 Y=6071.625 Z=188.640) RuntimeGrid:None EditorOnly:0 RuntimeOnly:0 HLODRelevant:0
 |   |   |- [+] [ 41]
 |   |   |   |- Guid:1F4400C4455AEDC0A56D64A1A433E359 BaseClass: NativeClass:/Script/Engine.SkeletalMeshActor Name:SkeletalMeshActor_UAID_B00CD162E1E76C7102_1659201863 Label:Anim_ShotGunProneRollRight01 SpatiallyLoaded:1 Bounds:IsValid=true, Min=(X=674.501 Y=6392.557 Z=97.999), Max=(X=725.594 Y=6594.776 Z=155.142) RuntimeGrid:None EditorOnly:0 RuntimeOnly:0 HLODRelevant:0
 |   |   |- [+] [ 42]
 |   |   |   |- Guid:2E8D4A7047AEDF8E3E24638499148C83 BaseClass: NativeClass:/Script/Engine.SkeletalMeshActor Name:SkeletalMeshActor_UAID_B00CD162E1E76C7102_1661617864 Label:Anim_ShotGunProneRollRight02 SpatiallyLoaded:1 Bounds:IsValid=true, Min=(X=1071.418 Y=6392.559 Z=97.993), Max=(X=1122.503 Y=6594.807 Z=155.142) RuntimeGrid:None EditorOnly:0 RuntimeOnly:0 HLODRelevant:0
 |   |   |- [+] [ 43]
 |   |   |   |- Guid:70095D344C66DDA7D4035BBBE1418229 BaseClass: NativeClass:/Script/Engine.SkeletalMeshActor Name:SkeletalMeshActor_UAID_B00CD162E1E76C7102_1663820865 Label:Anim_ShotGunProneRollRight03 SpatiallyLoaded:1 Bounds:IsValid=true, Min=(X=1463.599 Y=6472.531 Z=95.837), Max=(X=1522.823 Y=6582.684 Z=188.643) RuntimeGrid:None EditorOnly:0 RuntimeOnly:0 HLODRelevant:0
 |   |   |- [+] [ 44]
 |   |   |   |- Guid:15A45FB14F992CAF5890C094FF84DC05 BaseClass: NativeClass:/Script/Engine.SkeletalMeshActor Name:SkeletalMeshActor_UAID_B00CD162E1E76C7102_1666514866 Label:Anim_ShotGunProneRollRight04 SpatiallyLoaded:1 Bounds:IsValid=true, Min=(X=1879.187 Y=6466.492 Z=95.786), Max=(X=1938.400 Y=6576.625 Z=188.641) RuntimeGrid:None EditorOnly:0 RuntimeOnly:0 HLODRelevant:0
 |   |   |- [+] [ 45]
 |   |   |   |- Guid:3E602B82459555DAE7B9A1B481B85A1B BaseClass: NativeClass:/Script/Engine.SkeletalMeshActor Name:SkeletalMeshActor_UAID_B00CD162E1E76C7102_1687556867 Label:Anim_ShotGunReload01 SpatiallyLoaded:1 Bounds:IsValid=true, Min=(X=3370.758 Y=656.355 Z=100.292), Max=(X=3430.847 Y=769.660 Z=263.934) RuntimeGrid:None EditorOnly:0 RuntimeOnly:0 HLODRelevant:0
 |   |   |- [+] [ 46]
 |   |   |   |- Guid:FE8CAAB849BFAFB0176F70A3CC1C6B23 BaseClass: NativeClass:/Script/Engine.SkeletalMeshActor Name:SkeletalMeshActor_UAID_B00CD162E1E76C7102_1693279868 Label:Anim_ShotGunReload02 SpatiallyLoaded:1 Bounds:IsValid=true, Min=(X=3771.147 Y=654.359 Z=100.284), Max=(X=3831.235 Y=767.690 Z=263.931) RuntimeGrid:None EditorOnly:0 RuntimeOnly:0 HLODRelevant:0
 |   |   |- [+] [ 47]
 |   |   |   |- Guid:574D381B49664F4C7C43B287D093FC6C BaseClass: NativeClass:/Script/Engine.SkeletalMeshActor Name:SkeletalMeshActor_UAID_B00CD162E1E76C7102_1695293869 Label:Anim_ShotGunReload03 SpatiallyLoaded:1 Bounds:IsValid=true, Min=(X=4163.996 Y=649.349 Z=99.931), Max=(X=4232.065 Y=760.158 Z=241.434) RuntimeGrid:None EditorOnly:0 RuntimeOnly:0 HLODRelevant:0
 |   |   |- [+] [ 48]
 |   |   |   |- Guid:9D29730147508E5659456D80D346F4AD BaseClass: NativeClass:/Script/Engine.SkeletalMeshActor Name:SkeletalMeshActor_UAID_B00CD162E1E76C7102_1697747870 Label:Anim_ShotGunReload04 SpatiallyLoaded:1 Bounds:IsValid=true, Min=(X=4576.932 Y=649.343 Z=99.922), Max=(X=4644.990 Y=760.189 Z=241.434) RuntimeGrid:None EditorOnly:0 RuntimeOnly:0 HLODRelevant:0
 |   |   |- [+] [ 49]
 |   |   |   |- Guid:68B2E2034FB6634E4FE0818F838BB17D BaseClass: NativeClass:/Script/Engine.SkeletalMeshActor Name:SkeletalMeshActor_UAID_B00CD162E1E76C7102_1702116871 Label:Anim_ShotGunReload05 SpatiallyLoaded:1 Bounds:IsValid=true, Min=(X=3372.501 Y=1087.556 Z=98.038), Max=(X=3423.594 Y=1289.776 Z=155.142) RuntimeGrid:None EditorOnly:0 RuntimeOnly:0 HLODRelevant:0
 |   |   |- [+] [ 50]
 |   |   |   |- Guid:EC52C7244272AB317851D6A3AA78DB6F BaseClass: NativeClass:/Script/Engine.SkeletalMeshActor Name:SkeletalMeshActor_UAID_B00CD162E1E76C7102_1705602872 Label:Anim_ShotGunReload06 SpatiallyLoaded:1 Bounds:IsValid=true, Min=(X=3771.418 Y=1085.555 Z=97.993), Max=(X=3822.503 Y=1287.807 Z=155.142) RuntimeGrid:None EditorOnly:0 RuntimeOnly:0 HLODRelevant:0
 |   |   |- [+] [ 51]
 |   |   |   |- Guid:6C50ED9D4C79DDD8F11F789F87C6F34B BaseClass: NativeClass:/Script/Engine.SkeletalMeshActor Name:SkeletalMeshActor_UAID_B00CD162E1E76C7102_1707468873 Label:Anim_ShotGunReload07 SpatiallyLoaded:1 Bounds:IsValid=true, Min=(X=4168.600 Y=1164.531 Z=95.837), Max=(X=4227.826 Y=1274.684 Z=188.643) RuntimeGrid:None EditorOnly:0 RuntimeOnly:0 HLODRelevant:0
 |   |   |- [+] [ 52]
 |   |   |   |- Guid:B1B0FA53410E31CA34A03F8DE427226E BaseClass: NativeClass:/Script/Engine.SkeletalMeshActor Name:SkeletalMeshActor_UAID_B00CD162E1E76C7102_1709781874 Label:Anim_ShotGunReload08 SpatiallyLoaded:1 Bounds:IsValid=true, Min=(X=4583.186 Y=1164.492 Z=95.786), Max=(X=4642.400 Y=1274.626 Z=188.640) RuntimeGrid:None EditorOnly:0 RuntimeOnly:0 HLODRelevant:0
 |   |   |- [+] [ 53]
 |   |   |   |- Guid:3989EE5A492F20CF265F12BB40D97C03 BaseClass: NativeClass:/Script/Engine.SkeletalMeshActor Name:SkeletalMeshActor_UAID_B00CD162E1E76C7102_1714406875 Label:Anim_ShotGunReload09 SpatiallyLoaded:1 Bounds:IsValid=true, Min=(X=3292.402 Y=1658.257 Z=98.005), Max=(X=3470.723 Y=1759.617 Z=149.463) RuntimeGrid:None EditorOnly:0 RuntimeOnly:0 HLODRelevant:0
 |   |   |- [+] [ 54]
 |   |   |   |- Guid:1C3383D647CFD6BB00ED7BA3D9C26FCD BaseClass: NativeClass:/Script/Engine.SkeletalMeshActor Name:SkeletalMeshActor_UAID_B00CD162E1E76C7102_1716661876 Label:Anim_ShotGunReload10 SpatiallyLoaded:1 Bounds:IsValid=true, Min=(X=3731.277 Y=1660.266 Z=97.999), Max=(X=3909.595 Y=1761.868 Z=149.427) RuntimeGrid:None EditorOnly:0 RuntimeOnly:0 HLODRelevant:0
 |   |   |- [+] [ 55]
 |   |   |   |- Guid:B211A57E429971B32566D988558693FE BaseClass: NativeClass:/Script/Engine.SkeletalMeshActor Name:SkeletalMeshActor_UAID_B00CD162E1E76C7102_1719185877 Label:Anim_ShotGunReload11 SpatiallyLoaded:1 Bounds:IsValid=true, Min=(X=4140.379 Y=1662.891 Z=97.694), Max=(X=4311.491 Y=1764.977 Z=159.805) RuntimeGrid:None EditorOnly:0 RuntimeOnly:0 HLODRelevant:0
 |   |   |- [+] [ 56]
 |   |   |   |- Guid:978D0E07429DA0AC987897AF0F134784 BaseClass: NativeClass:/Script/Engine.SkeletalMeshActor Name:SkeletalMeshActor_UAID_B00CD162E1E76C7102_1721497878 Label:Anim_ShotGunReload12 SpatiallyLoaded:1 Bounds:IsValid=true, Min=(X=4494.503 Y=1656.894 Z=97.695), Max=(X=4665.629 Y=1759.104 Z=159.790) RuntimeGrid:None EditorOnly:0 RuntimeOnly:0 HLODRelevant:0
 |   |   |- [+] [ 57]
 |   |   |   |- Guid:F7FA5DDA4B1BFE7C2B1993B6B3D00F65 BaseClass: NativeClass:/Script/Engine.SkeletalMeshActor Name:SkeletalMeshActor_UAID_B00CD162E1E76C7102_1732645879 Label:Anim_ShotGunShoot01 SpatiallyLoaded:1 Bounds:IsValid=true, Min=(X=3365.731 Y=2746.373 Z=100.297), Max=(X=3425.847 Y=2859.655 Z=263.934) RuntimeGrid:None EditorOnly:0 RuntimeOnly:0 HLODRelevant:0
 |   |   |- [+] [ 58]
 |   |   |   |- Guid:3BF6C8CE4A139468DC07E4AB907A5B82 BaseClass: NativeClass:/Script/Engine.SkeletalMeshActor Name:SkeletalMeshActor_UAID_B00CD162E1E76C7102_1734623880 Label:Anim_ShotGunShoot02 SpatiallyLoaded:1 Bounds:IsValid=true, Min=(X=3777.147 Y=2755.354 Z=100.284), Max=(X=3837.235 Y=2868.686 Z=263.931) RuntimeGrid:None EditorOnly:0 RuntimeOnly:0 HLODRelevant:0
 |   |   |- [+] [ 59]
 |   |   |   |- Guid:93F0B3264A9DC4C6CDBFD6ABC6F2BCF9 BaseClass: NativeClass:/Script/Engine.SkeletalMeshActor Name:SkeletalMeshActor_UAID_B00CD162E1E76C7102_1736731881 Label:Anim_ShotGunShoot03 SpatiallyLoaded:1 Bounds:IsValid=true, Min=(X=4160.977 Y=2757.083 Z=100.067), Max=(X=4231.041 Y=2868.159 Z=241.436) RuntimeGrid:None EditorOnly:0 RuntimeOnly:0 HLODRelevant:0
 |   |   |- [+] [ 60]
 |   |   |   |- Guid:5AD172DC43C2839A553281991191D88C BaseClass: NativeClass:/Script/Engine.SkeletalMeshActor Name:SkeletalMeshActor_UAID_B00CD162E1E76C7102_1738928882 Label:Anim_ShotGunShoot04 SpatiallyLoaded:1 Bounds:IsValid=true, Min=(X=4574.957 Y=2754.077 Z=100.062), Max=(X=4645.043 Y=2865.189 Z=241.434) RuntimeGrid:None EditorOnly:0 RuntimeOnly:0 HLODRelevant:0
 |   |   |- [+] [ 61]
 |   |   |   |- Guid:7A13655A4AAC9B312D2D879A81E353D3 BaseClass: NativeClass:/Script/Engine.SkeletalMeshActor Name:SkeletalMeshActor_UAID_B00CD162E1E76C7102_1742331883 Label:Anim_ShotGunShoot05 SpatiallyLoaded:1 Bounds:IsValid=true, Min=(X=3376.506 Y=3194.557 Z=98.039), Max=(X=3427.605 Y=3396.779 Z=155.142) RuntimeGrid:None EditorOnly:0 RuntimeOnly:0 HLODRelevant:0
 |   |   |- [+] [ 62]
 |   |   |   |- Guid:209CD780492BADE85BCD7482A5F8B494 BaseClass: NativeClass:/Script/Engine.SkeletalMeshActor Name:SkeletalMeshActor_UAID_B00CD162E1E76C7102_1744673884 Label:Anim_ShotGunShoot06 SpatiallyLoaded:1 Bounds:IsValid=true, Min=(X=3777.411 Y=3194.556 Z=97.993), Max=(X=3828.500 Y=3396.810 Z=155.142) RuntimeGrid:None EditorOnly:0 RuntimeOnly:0 HLODRelevant:0
 |   |   |- [+] [ 63]
 |   |   |   |- Guid:6C1D312044EC2093ED613EA5AF7C92B7 BaseClass: NativeClass:/Script/Engine.SkeletalMeshActor Name:SkeletalMeshActor_UAID_B00CD162E1E76C7102_1746808885 Label:Anim_ShotGunShoot07 SpatiallyLoaded:1 Bounds:IsValid=true, Min=(X=4172.600 Y=3266.531 Z=95.837), Max=(X=4231.826 Y=3376.684 Z=188.643) RuntimeGrid:None EditorOnly:0 RuntimeOnly:0 HLODRelevant:0
 |   |   |- [+] [ 64]
 |   |   |   |- Guid:D8BB190E4895B5BDE69F84BFF82E0B92 BaseClass: NativeClass:/Script/Engine.SkeletalMeshActor Name:SkeletalMeshActor_UAID_B00CD162E1E76C7102_1749055886 Label:Anim_ShotGunShoot08 SpatiallyLoaded:1 Bounds:IsValid=true, Min=(X=4577.175 Y=3262.507 Z=95.794), Max=(X=4636.404 Y=3372.675 Z=188.642) RuntimeGrid:None EditorOnly:0 RuntimeOnly:0 HLODRelevant:0
 |   |   |- [+] [ 65]
 |   |   |   |- Guid:426B5A8D453539078AF06E909AF571B7 BaseClass: NativeClass:/Script/Engine.SkeletalMeshActor Name:SkeletalMeshActor_UAID_B00CD162E1E76C7102_1752817887 Label:Anim_ShotGunShoot09 SpatiallyLoaded:1 Bounds:IsValid=true, Min=(X=3287.402 Y=3754.257 Z=98.005), Max=(X=3465.723 Y=3855.618 Z=149.464) RuntimeGrid:None EditorOnly:0 RuntimeOnly:0 HLODRelevant:0
 |   |   |- [+] [ 66]
 |   |   |   |- Guid:6ABEC07647D64CF4DDBA4F92934EE307 BaseClass: NativeClass:/Script/Engine.SkeletalMeshActor Name:SkeletalMeshActor_UAID_B00CD162E1E76C7102_1755287888 Label:Anim_ShotGunShoot10 SpatiallyLoaded:1 Bounds:IsValid=true, Min=(X=3730.277 Y=3764.266 Z=98.001), Max=(X=3908.595 Y=3865.851 Z=149.429) RuntimeGrid:None EditorOnly:0 RuntimeOnly:0 HLODRelevant:0
 |   |   |- [+] [ 67]
 |   |   |   |- Guid:92AAC66B4E052DCBA41248A56A171B4A BaseClass: NativeClass:/Script/Engine.SkeletalMeshActor Name:SkeletalMeshActor_UAID_B00CD162E1E76C7102_1758309889 Label:Anim_ShotGunShoot11 SpatiallyLoaded:1 Bounds:IsValid=true, Min=(X=4140.379 Y=3752.890 Z=97.693), Max=(X=4311.491 Y=3854.976 Z=159.805) RuntimeGrid:None EditorOnly:0 RuntimeOnly:0 HLODRelevant:0
 |   |   |- [+] [ 68]
 |   |   |   |- Guid:BD98498C474C2B2DD7AFA1B444A6F7E3 BaseClass: NativeClass:/Script/Engine.SkeletalMeshActor Name:SkeletalMeshActor_UAID_B00CD162E1E76C7102_1761559890 Label:Anim_ShotGunShoot12 SpatiallyLoaded:1 Bounds:IsValid=true, Min=(X=4497.506 Y=3756.893 Z=97.707), Max=(X=4668.629 Y=3859.098 Z=159.784) RuntimeGrid:None EditorOnly:0 RuntimeOnly:0 HLODRelevant:0
 |- ContainerInstances:
 |- [+] MainContainer:
 |   |-        ID: 0x0000000000000000
 |   |-    Bounds: IsValid=false, Min=(X=0.000 Y=0.000 Z=0.000), Max=(X=0.000 Y=0.000 Z=0.000)
 |   |- Transform: 0.000000,0.000000,0.000000|0.000000,0.000000,-0.000000|1.000000,1.000000,1.000000
 |   |- Container: /Game/TacticalShotGun/Maps/ThirdPersonMap
----------------------------------------------------------------------------------------------------------------
ThirdPersonMap - Persistent Level
----------------------------------------------------------------------------------------------------------------
Always loaded Actor Count: 136 

----------------------------------------------------------------------------------------------------------------
ThirdPersonMap - Runtime Spatial Hash - Streaming Grid - MainGrid
----------------------------------------------------------------------------------------------------------------
            Origin: X=0.000 Y=0.000 Z=0.000
         Cell Size: 12800
      World Bounds: IsValid=false, Min=(X=0.000 Y=0.000 Z=0.000), Max=(X=0.000 Y=0.000 Z=0.000)
     Loading Range: 25600.00
Block Slow Loading: No
 ClientOnlyVisible: No

[+] Grid Levels: 1
 |- Level  0: Cell Count    0 | Cell Size   12800 | Actor Count    0 (0.0%)

[+] Content of Grid Level 0

